Log file open, 10/23/19 16:53:35
LogWindows: Failed to load 'aqProf.dll' (GetLastError=126)
LogWindows: File 'aqProf.dll' does not exist
LogWindows: Failed to load 'VtuneApi.dll' (GetLastError=126)
LogWindows: File 'VtuneApi.dll' does not exist
LogWindows: Failed to load 'VtuneApi32e.dll' (GetLastError=126)
LogWindows: File 'VtuneApi32e.dll' does not exist
LogConsoleResponse: Display: Failed to find resolution value strings in scalability ini. Falling back to default.
LogInit: Display: Running engine for game: VRHCR
LogPlatformFile: Not using cached read wrapper
LogTaskGraph: Started task graph with 5 named threads and 23 total threads with 3 sets of task threads.
LogStats: Stats thread started at 0.079700
LogD3D11RHI: Loaded GFSDK_Aftermath_Lib.x64.dll
LogICUInternationalization: ICU TimeZone Detection - Raw Offset: -5:00, Platform Override: ''
LogPluginManager: Mounting plugin Paper2D
LogPluginManager: Mounting plugin AISupport
LogPluginManager: Mounting plugin LightPropagationVolume
LogPluginManager: Mounting plugin ActorLayerUtilities
LogPluginManager: Mounting plugin AnimationSharing
LogPluginManager: Mounting plugin CLionSourceCodeAccess
LogPluginManager: Mounting plugin CodeLiteSourceCodeAccess
LogPluginManager: Mounting plugin GitSourceControl
LogPluginManager: Mounting plugin KDevelopSourceCodeAccess
LogPluginManager: Mounting plugin NullSourceCodeAccess
LogPluginManager: Mounting plugin PerforceSourceControl
LogPluginManager: Mounting plugin SubversionSourceControl
LogPluginManager: Mounting plugin UObjectPlugin
LogPluginManager: Mounting plugin VisualStudioCodeSourceCodeAccess
LogPluginManager: Mounting plugin VisualStudioSourceCodeAccess
LogPluginManager: Mounting plugin XCodeSourceCodeAccess
LogPluginManager: Mounting plugin AssetManagerEditor
LogPluginManager: Mounting plugin CryptoKeys
LogPluginManager: Mounting plugin CurveEditorTools
LogPluginManager: Mounting plugin DataValidation
LogPluginManager: Mounting plugin FacialAnimation
LogPluginManager: Mounting plugin GameplayTagsEditor
LogPluginManager: Mounting plugin MacGraphicsSwitching
LogPluginManager: Mounting plugin MaterialAnalyzer
LogPluginManager: Mounting plugin MobileLauncherProfileWizard
LogPluginManager: Mounting plugin PluginBrowser
LogPluginManager: Mounting plugin SpeedTreeImporter
LogPluginManager: Mounting plugin DatasmithContent
LogPluginManager: Mounting plugin VariantManagerContent
LogPluginManager: Mounting plugin AlembicImporter
LogPluginManager: Mounting plugin AutomationUtils
LogPluginManager: Mounting plugin BackChannel
LogPluginManager: Mounting plugin CharacterAI
LogPluginManager: Mounting plugin GeometryCache
LogPluginManager: Mounting plugin HTML5Networking
LogPluginManager: Mounting plugin PlatformCrypto
LogPluginManager: Mounting plugin ProxyLODPlugin
LogPluginManager: Mounting plugin SkeletalReduction
LogPluginManager: Mounting plugin MagicLeap
LogPluginManager: Mounting plugin MagicLeapMedia
LogPluginManager: Mounting plugin AndroidMedia
LogPluginManager: Mounting plugin AvfMedia
LogPluginManager: Mounting plugin ImgMedia
LogPluginManager: Mounting plugin MediaCompositing
LogPluginManager: Mounting plugin MediaPlayerEditor
LogPluginManager: Mounting plugin WebMMedia
LogPluginManager: Mounting plugin WmfMedia
LogPluginManager: Mounting plugin TcpMessaging
LogPluginManager: Mounting plugin UdpMessaging
LogPluginManager: Mounting plugin ActorSequence
LogPluginManager: Mounting plugin LevelSequenceEditor
LogPluginManager: Mounting plugin MatineeToLevelSequence
LogPluginManager: Mounting plugin NetcodeUnitTest
LogPluginManager: Mounting plugin NUTUnrealEngine4
LogPluginManager: Mounting plugin OnlineSubsystemGooglePlay
LogPluginManager: Mounting plugin OnlineSubsystemIOS
LogPluginManager: Mounting plugin OnlineSubsystem
LogPluginManager: Mounting plugin OnlineSubsystemNull
LogPluginManager: Mounting plugin OnlineSubsystemOculus
LogPluginManager: Mounting plugin OnlineSubsystemSteam
LogPluginManager: Mounting plugin OnlineSubsystemUtils
LogPluginManager: Mounting plugin LauncherChunkInstaller
LogPluginManager: Mounting plugin AndroidDeviceProfileSelector
LogPluginManager: Mounting plugin AndroidMoviePlayer
LogPluginManager: Mounting plugin AndroidPermission
LogPluginManager: Mounting plugin AppleImageUtils
LogPluginManager: Mounting plugin AppleMoviePlayer
LogPluginManager: Mounting plugin ArchVisCharacter
LogPluginManager: Mounting plugin AudioCapture
LogPluginManager: Mounting plugin CableComponent
LogPluginManager: Mounting plugin CustomMeshComponent
LogPluginManager: Mounting plugin EditableMesh
LogPluginManager: Mounting plugin ExampleDeviceProfileSelector
LogPluginManager: Mounting plugin GoogleCloudMessaging
LogPluginManager: Mounting plugin IOSDeviceProfileSelector
LogPluginManager: Mounting plugin LinuxDeviceProfileSelector
LogPluginManager: Mounting plugin LocationServicesBPLibrary
LogPluginManager: Mounting plugin MobilePatchingUtils
LogPluginManager: Mounting plugin OculusAudio
LogPluginManager: Mounting plugin OculusVR
LogPluginManager: Mounting plugin PhysXVehicles
LogPluginManager: Mounting plugin ProceduralMeshComponent
LogPluginManager: Mounting plugin RuntimePhysXCooking
LogPluginManager: Mounting plugin SignificanceManager
LogPluginManager: Mounting plugin SteamVR
LogPluginManager: Mounting plugin WebMMoviePlayer
LogPluginManager: Mounting plugin WindowsMoviePlayer
LogPluginManager: Mounting plugin ScreenshotTools
LogInit: Using libcurl 7.55.1-DEV
LogInit:  - built for x86_64-pc-win32
LogInit:  - supports SSL with OpenSSL/1.1.1
LogInit:  - supports HTTP deflate (compression) using libz 1.2.8
LogInit:  - other features:
LogInit:      CURL_VERSION_SSL
LogInit:      CURL_VERSION_LIBZ
LogInit:      CURL_VERSION_IPV6
LogInit:      CURL_VERSION_ASYNCHDNS
LogInit:      CURL_VERSION_LARGEFILE
LogInit:      CURL_VERSION_IDN
LogInit:  CurlRequestOptions (configurable via config and command line):
LogInit:  - bVerifyPeer = true  - Libcurl will verify peer certificate
LogInit:  - bUseHttpProxy = false  - Libcurl will NOT use HTTP proxy
LogInit:  - bDontReuseConnections = false  - Libcurl will reuse connections
LogInit:  - MaxHostConnections = 16  - Libcurl will limit the number of connections to a host
LogInit:  - LocalHostAddr = Default
LogInit:  - BufferSize = 65536
LogOnline: Display: STEAM: Loading Steam SDK 1.42
LogOnline: OSS: Creating online subsystem instance for: Steam
LogOnline: Display: STEAM: OnlineSubsystemSteam::Shutdown()
LogOnline: OSS: Unable to create OnlineSubsystem module Steam
LogOnline: OSS: Creating online subsystem instance for: NULL
LogInit: WinSock: version 1.1 (2.2), MaxSocks=32767, MaxUdp=65467
LogInit: Build: ++UE4+Release-4.23-CL-8386587
LogInit: Engine Version: 4.23.0-8386587+++UE4+Release-4.23
LogInit: Compatible Engine Version: 4.23.0-8386587+++UE4+Release-4.23
LogInit: Net CL: 8386587
LogInit: OS: Windows 10 (Release 1809) (), CPU: Intel(R) Core(TM) i5-8265U CPU @ 1.60GHz, GPU: Intel(R) UHD Graphics 620
LogInit: Compiled (64-bit): Aug 31 2019 02:04:44
LogInit: Compiled with Visual C++: 19.16.27030.01
LogInit: Build Configuration: Development
LogInit: Branch Name: ++UE4+Release-4.23
LogInit: Command Line: 
LogInit: Base Directory: C:/Program Files/Epic Games/UE_4.23/Engine/Binaries/Win64/
LogInit: Installed Engine Build: 1
LogDevObjectVersion: Number of dev versions registered: 23
LogDevObjectVersion:   Dev-Blueprints (B0D832E4-1F89-4F0D-ACCF-7EB736FD4AA2): 10
LogDevObjectVersion:   Dev-Build (E1C64328-A22C-4D53-A36C-8E866417BD8C): 0
LogDevObjectVersion:   Dev-Core (375EC13C-06E4-48FB-B500-84F0262A717E): 3
LogDevObjectVersion:   Dev-Editor (E4B068ED-F494-42E9-A231-DA0B2E46BB41): 34
LogDevObjectVersion:   Dev-Framework (CFFC743F-43B0-4480-9391-14DF171D2073): 35
LogDevObjectVersion:   Dev-Mobile (B02B49B5-BB20-44E9-A304-32B752E40360): 2
LogDevObjectVersion:   Dev-Networking (A4E4105C-59A1-49B5-A7C5-40C4547EDFEE): 0
LogDevObjectVersion:   Dev-Online (39C831C9-5AE6-47DC-9A44-9C173E1C8E7C): 0
LogDevObjectVersion:   Dev-Physics (78F01B33-EBEA-4F98-B9B4-84EACCB95AA2): 0
LogDevObjectVersion:   Dev-Platform (6631380F-2D4D-43E0-8009-CF276956A95A): 0
LogDevObjectVersion:   Dev-Rendering (12F88B9F-8875-4AFC-A67C-D90C383ABD29): 31
LogDevObjectVersion:   Dev-Sequencer (7B5AE74C-D270-4C10-A958-57980B212A5A): 11
LogDevObjectVersion:   Dev-VR (D7296918-1DD6-4BDD-9DE2-64A83CC13884): 2
LogDevObjectVersion:   Dev-LoadTimes (C2A15278-BFE7-4AFE-6C17-90FF531DF755): 1
LogDevObjectVersion:   Private-Geometry (6EACA3D4-40EC-4CC1-B786-8BED09428FC5): 3
LogDevObjectVersion:   Dev-AnimPhys (29E575DD-E0A3-4627-9D10-D276232CDCEA): 17
LogDevObjectVersion:   Dev-Anim (AF43A65D-7FD3-4947-9873-3E8ED9C1BB05): 2
LogDevObjectVersion:   Dev-ReflectionCapture (6B266CEC-1EC7-4B8F-A30B-E4D90942FC07): 1
LogDevObjectVersion:   Dev-Automation (0DF73D61-A23F-47EA-B727-89E90C41499A): 1
LogDevObjectVersion:   FortniteMain (601D1886-AC64-4F84-AA16-D3DE0DEAC7D6): 27
LogDevObjectVersion:   Dev-Enterprise (9DFFBCD6-494F-0158-E221-12823C92A888): 6
LogDevObjectVersion:   Dev-Niagara (F2AED0AC-9AFE-416F-8664-AA7FFA26D6FC): 1
LogDevObjectVersion:   Dev-Destruction (174F1F0B-B4C6-45A5-B13F-2EE8D0FB917D): 9
LogInit: Presizing for max 16777216 objects, including 0 objects not considered by GC, pre-allocating 0 bytes for permanent pool.
LogInit: Object subsystem initialized
LogConfig: Setting CVar [[con.DebugEarlyDefault:1]]
LogConfig: Setting CVar [[r.setres:1280x720]]
[2019.10.23-20.53.35:990][  0]LogConfig: Setting CVar [[r.VSync:0]]
[2019.10.23-20.53.35:990][  0]LogConfig: Setting CVar [[r.RHICmdBypass:0]]
[2019.10.23-20.53.35:990][  0]LogConfig: Applying CVar settings from Section [/Script/Engine.RendererSettings] File [C:/Users/hwils/Desktop/VR Test/Saved/Config/Windows/Engine.ini]
[2019.10.23-20.53.35:990][  0]LogConfig: Setting CVar [[r.GPUCrashDebugging:0]]
[2019.10.23-20.53.35:990][  0]LogConfig: Setting CVar [[r.DefaultFeature.AutoExposure:1]]
[2019.10.23-20.53.35:990][  0]LogConfig: Applying CVar settings from Section [/Script/Engine.RendererOverrideSettings] File [C:/Users/hwils/Desktop/VR Test/Saved/Config/Windows/Engine.ini]
[2019.10.23-20.53.35:990][  0]LogConfig: Applying CVar settings from Section [/Script/Engine.StreamingSettings] File [C:/Users/hwils/Desktop/VR Test/Saved/Config/Windows/Engine.ini]
[2019.10.23-20.53.35:990][  0]LogConfig: Setting CVar [[s.MinBulkDataSizeForAsyncLoading:131072]]
[2019.10.23-20.53.35:990][  0]LogConfig: Setting CVar [[s.AsyncLoadingThreadEnabled:0]]
[2019.10.23-20.53.35:990][  0]LogConfig: Setting CVar [[s.EventDrivenLoaderEnabled:1]]
[2019.10.23-20.53.35:990][  0]LogConfig: Setting CVar [[s.WarnIfTimeLimitExceeded:0]]
[2019.10.23-20.53.35:990][  0]LogConfig: Setting CVar [[s.TimeLimitExceededMultiplier:1.5]]
[2019.10.23-20.53.35:990][  0]LogConfig: Setting CVar [[s.TimeLimitExceededMinTime:0.005]]
[2019.10.23-20.53.35:990][  0]LogConfig: Setting CVar [[s.UseBackgroundLevelStreaming:0]]
[2019.10.23-20.53.35:990][  0]LogConfig: Setting CVar [[s.PriorityAsyncLoadingExtraTime:15.0]]
[2019.10.23-20.53.35:990][  0]LogConfig: Setting CVar [[s.LevelStreamingActorsUpdateTimeLimit:5.0]]
[2019.10.23-20.53.35:990][  0]LogConfig: Setting CVar [[s.PriorityLevelStreamingActorsUpdateExtraTime:5.0]]
[2019.10.23-20.53.35:990][  0]LogConfig: Setting CVar [[s.LevelStreamingComponentsRegistrationGranularity:10]]
[2019.10.23-20.53.35:990][  0]LogConfig: Setting CVar [[s.UnregisterComponentsTimeLimit:1.0]]
[2019.10.23-20.53.35:990][  0]LogConfig: Setting CVar [[s.LevelStreamingComponentsUnregistrationGranularity:5]]
[2019.10.23-20.53.35:990][  0]LogConfig: Applying CVar settings from Section [/Script/Engine.GarbageCollectionSettings] File [C:/Users/hwils/Desktop/VR Test/Saved/Config/Windows/Engine.ini]
[2019.10.23-20.53.35:990][  0]LogConfig: Setting CVar [[gc.MaxObjectsNotConsideredByGC:1]]
[2019.10.23-20.53.35:990][  0]LogConfig: Setting CVar [[gc.SizeOfPermanentObjectPool:0]]
[2019.10.23-20.53.35:990][  0]LogConfig: Setting CVar [[gc.FlushStreamingOnGC:0]]
[2019.10.23-20.53.35:990][  0]LogConfig: Setting CVar [[gc.NumRetriesBeforeForcingGC:10]]
[2019.10.23-20.53.35:990][  0]LogConfig: Setting CVar [[gc.AllowParallelGC:1]]
[2019.10.23-20.53.35:990][  0]LogConfig: Setting CVar [[gc.TimeBetweenPurgingPendingKillObjects:61.1]]
[2019.10.23-20.53.35:990][  0]LogConfig: Setting CVar [[gc.MaxObjectsInEditor:16777216]]
[2019.10.23-20.53.35:990][  0]LogConfig: Setting CVar [[gc.IncrementalBeginDestroyEnabled:1]]
[2019.10.23-20.53.35:990][  0]LogConfig: Setting CVar [[gc.CreateGCClusters:1]]
[2019.10.23-20.53.35:990][  0]LogConfig: Setting CVar [[gc.MinGCClusterSize:5]]
[2019.10.23-20.53.35:990][  0]LogConfig: Setting CVar [[gc.ActorClusteringEnabled:0]]
[2019.10.23-20.53.35:990][  0]LogConfig: Setting CVar [[gc.BlueprintClusteringEnabled:0]]
[2019.10.23-20.53.35:990][  0]LogConfig: Setting CVar [[gc.UseDisregardForGCOnDedicatedServers:0]]
[2019.10.23-20.53.35:990][  0]LogConfig: Applying CVar settings from Section [/Script/Engine.NetworkSettings] File [C:/Users/hwils/Desktop/VR Test/Saved/Config/Windows/Engine.ini]
[2019.10.23-20.53.35:990][  0]LogConfig: Applying CVar settings from Section [/Script/UnrealEd.CookerSettings] File [C:/Users/hwils/Desktop/VR Test/Saved/Config/Windows/Engine.ini]
[2019.10.23-20.53.35:993][  0]LogConfig: Applying CVar settings from Section [ViewDistanceQuality@3] File [C:/Users/hwils/Desktop/VR Test/Saved/Config/Windows/Scalability.ini]
[2019.10.23-20.53.35:993][  0]LogConfig: Setting CVar [[r.SkeletalMeshLODBias:0]]
[2019.10.23-20.53.35:993][  0]LogConfig: Setting CVar [[r.ViewDistanceScale:1.0]]
[2019.10.23-20.53.35:993][  0]LogConfig: Applying CVar settings from Section [AntiAliasingQuality@3] File [C:/Users/hwils/Desktop/VR Test/Saved/Config/Windows/Scalability.ini]
[2019.10.23-20.53.35:993][  0]LogConfig: Setting CVar [[r.PostProcessAAQuality:4]]
[2019.10.23-20.53.35:993][  0]LogConfig: Applying CVar settings from Section [ShadowQuality@3] File [C:/Users/hwils/Desktop/VR Test/Saved/Config/Windows/Scalability.ini]
[2019.10.23-20.53.35:993][  0]LogConfig: Setting CVar [[r.LightFunctionQuality:1]]
[2019.10.23-20.53.35:993][  0]LogConfig: Setting CVar [[r.ShadowQuality:5]]
[2019.10.23-20.53.35:993][  0]LogConfig: Setting CVar [[r.Shadow.CSM.MaxCascades:10]]
[2019.10.23-20.53.35:993][  0]LogConfig: Setting CVar [[r.Shadow.MaxResolution:2048]]
[2019.10.23-20.53.35:993][  0]LogConfig: Setting CVar [[r.Shadow.MaxCSMResolution:2048]]
[2019.10.23-20.53.35:993][  0]LogConfig: Setting CVar [[r.Shadow.RadiusThreshold:0.01]]
[2019.10.23-20.53.35:993][  0]LogConfig: Setting CVar [[r.Shadow.DistanceScale:1.0]]
[2019.10.23-20.53.35:993][  0]LogConfig: Setting CVar [[r.Shadow.CSM.TransitionScale:1.0]]
[2019.10.23-20.53.35:993][  0]LogConfig: Setting CVar [[r.Shadow.PreShadowResolutionFactor:1.0]]
[2019.10.23-20.53.35:993][  0]LogConfig: Setting CVar [[r.DistanceFieldShadowing:1]]
[2019.10.23-20.53.35:993][  0]LogConfig: Setting CVar [[r.DistanceFieldAO:1]]
[2019.10.23-20.53.35:993][  0]LogConfig: Setting CVar [[r.AOQuality:2]]
[2019.10.23-20.53.35:993][  0]LogConfig: Setting CVar [[r.VolumetricFog:1]]
[2019.10.23-20.53.35:993][  0]LogConfig: Setting CVar [[r.VolumetricFog.GridPixelSize:8]]
[2019.10.23-20.53.35:993][  0]LogConfig: Setting CVar [[r.VolumetricFog.GridSizeZ:128]]
[2019.10.23-20.53.35:993][  0]LogConfig: Setting CVar [[r.VolumetricFog.HistoryMissSupersampleCount:4]]
[2019.10.23-20.53.35:993][  0]LogConfig: Setting CVar [[r.LightMaxDrawDistanceScale:1]]
[2019.10.23-20.53.35:993][  0]LogConfig: Setting CVar [[r.CapsuleShadows:1]]
[2019.10.23-20.53.35:993][  0]LogConfig: Applying CVar settings from Section [PostProcessQuality@3] File [C:/Users/hwils/Desktop/VR Test/Saved/Config/Windows/Scalability.ini]
[2019.10.23-20.53.35:993][  0]LogConfig: Setting CVar [[r.MotionBlurQuality:4]]
[2019.10.23-20.53.35:993][  0]LogConfig: Setting CVar [[r.AmbientOcclusionMipLevelFactor:0.4]]
[2019.10.23-20.53.35:993][  0]LogConfig: Setting CVar [[r.AmbientOcclusionMaxQuality:100]]
[2019.10.23-20.53.35:993][  0]LogConfig: Setting CVar [[r.AmbientOcclusionLevels:-1]]
[2019.10.23-20.53.35:993][  0]LogConfig: Setting CVar [[r.AmbientOcclusionRadiusScale:1.0]]
[2019.10.23-20.53.35:993][  0]LogConfig: Setting CVar [[r.DepthOfFieldQuality:2]]
[2019.10.23-20.53.35:993][  0]LogConfig: Setting CVar [[r.RenderTargetPoolMin:400]]
[2019.10.23-20.53.35:993][  0]LogConfig: Setting CVar [[r.LensFlareQuality:2]]
[2019.10.23-20.53.35:993][  0]LogConfig: Setting CVar [[r.SceneColorFringeQuality:1]]
[2019.10.23-20.53.35:993][  0]LogConfig: Setting CVar [[r.EyeAdaptationQuality:2]]
[2019.10.23-20.53.35:993][  0]LogConfig: Setting CVar [[r.BloomQuality:5]]
[2019.10.23-20.53.35:993][  0]LogConfig: Setting CVar [[r.FastBlurThreshold:100]]
[2019.10.23-20.53.35:993][  0]LogConfig: Setting CVar [[r.Upscale.Quality:3]]
[2019.10.23-20.53.35:993][  0]LogConfig: Setting CVar [[r.Tonemapper.GrainQuantization:1]]
[2019.10.23-20.53.35:993][  0]LogConfig: Setting CVar [[r.LightShaftQuality:1]]
[2019.10.23-20.53.35:993][  0]LogConfig: Setting CVar [[r.Filter.SizeScale:1]]
[2019.10.23-20.53.35:993][  0]LogConfig: Setting CVar [[r.Tonemapper.Quality:5]]
[2019.10.23-20.53.35:993][  0]LogConfig: Setting CVar [[r.DOF.Gather.AccumulatorQuality:1        ; higher gathering accumulator quality]]
[2019.10.23-20.53.35:993][  0]LogConfig: Setting CVar [[r.DOF.Gather.PostfilterMethod:1          ; Median3x3 postfilering method]]
[2019.10.23-20.53.35:993][  0]LogConfig: Setting CVar [[r.DOF.Gather.EnableBokehSettings:0       ; no bokeh simulation when gathering]]
[2019.10.23-20.53.35:993][  0]LogConfig: Setting CVar [[r.DOF.Gather.RingCount:4                 ; medium number of samples when gathering]]
[2019.10.23-20.53.35:993][  0]LogConfig: Setting CVar [[r.DOF.Scatter.ForegroundCompositing:1    ; additive foreground scattering]]
[2019.10.23-20.53.35:993][  0]LogConfig: Setting CVar [[r.DOF.Scatter.BackgroundCompositing:2    ; additive background scattering]]
[2019.10.23-20.53.35:993][  0]LogConfig: Setting CVar [[r.DOF.Scatter.EnableBokehSettings:1      ; bokeh simulation when scattering]]
[2019.10.23-20.53.35:993][  0]LogConfig: Setting CVar [[r.DOF.Scatter.MaxSpriteRatio:0.1         ; only a maximum of 10% of scattered bokeh]]
[2019.10.23-20.53.35:993][  0]LogConfig: Setting CVar [[r.DOF.Recombine.Quality:1                ; cheap slight out of focus]]
[2019.10.23-20.53.35:993][  0]LogConfig: Setting CVar [[r.DOF.Recombine.EnableBokehSettings:0    ; no bokeh simulation on slight out of focus]]
[2019.10.23-20.53.35:993][  0]LogConfig: Setting CVar [[r.DOF.TemporalAAQuality:1                ; more stable temporal accumulation]]
[2019.10.23-20.53.35:993][  0]LogConfig: Setting CVar [[r.DOF.Kernel.MaxForegroundRadius:0.025]]
[2019.10.23-20.53.35:993][  0]LogConfig: Setting CVar [[r.DOF.Kernel.MaxBackgroundRadius:0.025]]
[2019.10.23-20.53.35:993][  0]LogConfig: Applying CVar settings from Section [TextureQuality@3] File [C:/Users/hwils/Desktop/VR Test/Saved/Config/Windows/Scalability.ini]
[2019.10.23-20.53.35:993][  0]LogConfig: Setting CVar [[r.Streaming.MipBias:0]]
[2019.10.23-20.53.35:993][  0]LogConfig: Setting CVar [[r.Streaming.AmortizeCPUToGPUCopy:0]]
[2019.10.23-20.53.35:993][  0]LogConfig: Setting CVar [[r.Streaming.MaxNumTexturesToStreamPerFrame:0]]
[2019.10.23-20.53.35:993][  0]LogConfig: Setting CVar [[r.Streaming.Boost:1]]
[2019.10.23-20.53.35:993][  0]LogConfig: Setting CVar [[r.MaxAnisotropy:8]]
[2019.10.23-20.53.35:993][  0]LogConfig: Setting CVar [[r.Streaming.LimitPoolSizeToVRAM:0]]
[2019.10.23-20.53.35:993][  0]LogConfig: Setting CVar [[r.Streaming.PoolSize:1000]]
[2019.10.23-20.53.35:993][  0]LogConfig: Setting CVar [[r.Streaming.MaxEffectiveScreenSize:0]]
[2019.10.23-20.53.35:993][  0]LogConfig: Applying CVar settings from Section [EffectsQuality@3] File [C:/Users/hwils/Desktop/VR Test/Saved/Config/Windows/Scalability.ini]
[2019.10.23-20.53.35:993][  0]LogConfig: Setting CVar [[r.TranslucencyLightingVolumeDim:64]]
[2019.10.23-20.53.35:994][  0]LogConfig: Setting CVar [[r.RefractionQuality:2]]
[2019.10.23-20.53.35:994][  0]LogConfig: Setting CVar [[r.SSR.Quality:3]]
[2019.10.23-20.53.35:994][  0]LogConfig: Setting CVar [[r.SceneColorFormat:4]]
[2019.10.23-20.53.35:994][  0]LogConfig: Setting CVar [[r.DetailMode:2]]
[2019.10.23-20.53.35:994][  0]LogConfig: Setting CVar [[r.TranslucencyVolumeBlur:1]]
[2019.10.23-20.53.35:994][  0]LogConfig: Setting CVar [[r.MaterialQualityLevel:1 ; High quality]]
[2019.10.23-20.53.35:994][  0]LogConfig: Setting CVar [[r.SSS.Scale:1]]
[2019.10.23-20.53.35:994][  0]LogConfig: Setting CVar [[r.SSS.SampleSet:2]]
[2019.10.23-20.53.35:994][  0]LogConfig: Setting CVar [[r.SSS.Quality:1]]
[2019.10.23-20.53.35:994][  0]LogConfig: Setting CVar [[r.SSS.HalfRes:1]]
[2019.10.23-20.53.35:994][  0]LogConfig: Setting CVar [[r.EmitterSpawnRateScale:1.0]]
[2019.10.23-20.53.35:994][  0]LogConfig: Setting CVar [[r.ParticleLightQuality:2]]
[2019.10.23-20.53.35:994][  0]LogConfig: Applying CVar settings from Section [FoliageQuality@3] File [C:/Users/hwils/Desktop/VR Test/Saved/Config/Windows/Scalability.ini]
[2019.10.23-20.53.35:994][  0]LogConfig: Setting CVar [[foliage.DensityScale:1.0]]
[2019.10.23-20.53.35:994][  0]LogConfig: Setting CVar [[grass.DensityScale:1.0]]
[2019.10.23-20.53.35:994][  0]LogInit: Selected Device Profile: [Windows]
[2019.10.23-20.53.35:994][  0]LogInit: Applying CVar settings loaded from the selected device profile: [Windows]
[2019.10.23-20.53.35:996][  0]LogHAL: Display: Platform has ~ 8 GB [8460513280 / 8589934592 / 8], which maps to Default [LargestMinGB=32, LargerMinGB=12, DefaultMinGB=8, SmallerMinGB=6, SmallestMinGB=0)
[2019.10.23-20.53.35:996][  0]LogInit: Going up to parent DeviceProfile []
[2019.10.23-20.53.35:996][  0]LogConfig: Applying CVar settings from Section [ViewDistanceQuality@0] File [C:/Users/hwils/Desktop/VR Test/Saved/Config/Windows/Scalability.ini]
[2019.10.23-20.53.35:996][  0]LogConfig: Setting CVar [[r.SkeletalMeshLODBias:2]]
[2019.10.23-20.53.35:996][  0]LogConfig: Setting CVar [[r.ViewDistanceScale:0.4]]
[2019.10.23-20.53.35:996][  0]LogConfig: Applying CVar settings from Section [AntiAliasingQuality@0] File [C:/Users/hwils/Desktop/VR Test/Saved/Config/Windows/Scalability.ini]
[2019.10.23-20.53.35:996][  0]LogConfig: Setting CVar [[r.PostProcessAAQuality:0]]
[2019.10.23-20.53.35:996][  0]LogConfig: Applying CVar settings from Section [ShadowQuality@0] File [C:/Users/hwils/Desktop/VR Test/Saved/Config/Windows/Scalability.ini]
[2019.10.23-20.53.35:996][  0]LogConfig: Setting CVar [[r.LightFunctionQuality:0]]
[2019.10.23-20.53.35:996][  0]LogConfig: Setting CVar [[r.ShadowQuality:0]]
[2019.10.23-20.53.35:996][  0]LogConfig: Setting CVar [[r.Shadow.CSM.MaxCascades:1]]
[2019.10.23-20.53.35:996][  0]LogConfig: Setting CVar [[r.Shadow.MaxResolution:512]]
[2019.10.23-20.53.35:996][  0]LogConfig: Setting CVar [[r.Shadow.MaxCSMResolution:512]]
[2019.10.23-20.53.35:996][  0]LogConfig: Setting CVar [[r.Shadow.RadiusThreshold:0.06]]
[2019.10.23-20.53.35:996][  0]LogConfig: Setting CVar [[r.Shadow.DistanceScale:0.6]]
[2019.10.23-20.53.35:996][  0]LogConfig: Setting CVar [[r.Shadow.CSM.TransitionScale:0]]
[2019.10.23-20.53.35:997][  0]LogConfig: Setting CVar [[r.Shadow.PreShadowResolutionFactor:0.5]]
[2019.10.23-20.53.35:997][  0]LogConfig: Setting CVar [[r.DistanceFieldShadowing:0]]
[2019.10.23-20.53.35:997][  0]LogConfig: Setting CVar [[r.DistanceFieldAO:0]]
[2019.10.23-20.53.35:997][  0]LogConfig: Setting CVar [[r.VolumetricFog:0]]
[2019.10.23-20.53.35:997][  0]LogConfig: Setting CVar [[r.LightMaxDrawDistanceScale:0]]
[2019.10.23-20.53.35:997][  0]LogConfig: Setting CVar [[r.CapsuleShadows:0]]
[2019.10.23-20.53.35:997][  0]LogConfig: Applying CVar settings from Section [PostProcessQuality@0] File [C:/Users/hwils/Desktop/VR Test/Saved/Config/Windows/Scalability.ini]
[2019.10.23-20.53.35:997][  0]LogConfig: Setting CVar [[r.MotionBlurQuality:0]]
[2019.10.23-20.53.35:997][  0]LogConfig: Setting CVar [[r.AmbientOcclusionMipLevelFactor:1.0]]
[2019.10.23-20.53.35:997][  0]LogConfig: Setting CVar [[r.AmbientOcclusionMaxQuality:0]]
[2019.10.23-20.53.35:997][  0]LogConfig: Setting CVar [[r.AmbientOcclusionLevels:0]]
[2019.10.23-20.53.35:997][  0]LogConfig: Setting CVar [[r.AmbientOcclusionRadiusScale:1.2]]
[2019.10.23-20.53.35:997][  0]LogConfig: Setting CVar [[r.DepthOfFieldQuality:0]]
[2019.10.23-20.53.35:997][  0]LogConfig: Setting CVar [[r.RenderTargetPoolMin:300]]
[2019.10.23-20.53.35:997][  0]LogConfig: Setting CVar [[r.LensFlareQuality:0]]
[2019.10.23-20.53.35:997][  0]LogConfig: Setting CVar [[r.SceneColorFringeQuality:0]]
[2019.10.23-20.53.35:997][  0]LogConfig: Setting CVar [[r.EyeAdaptationQuality:0]]
[2019.10.23-20.53.35:997][  0]LogConfig: Setting CVar [[r.BloomQuality:4]]
[2019.10.23-20.53.35:997][  0]LogConfig: Setting CVar [[r.FastBlurThreshold:0]]
[2019.10.23-20.53.35:997][  0]LogConfig: Setting CVar [[r.Upscale.Quality:1]]
[2019.10.23-20.53.35:997][  0]LogConfig: Setting CVar [[r.Tonemapper.GrainQuantization:0]]
[2019.10.23-20.53.35:997][  0]LogConfig: Setting CVar [[r.LightShaftQuality:0]]
[2019.10.23-20.53.35:997][  0]LogConfig: Setting CVar [[r.Filter.SizeScale:0.6]]
[2019.10.23-20.53.35:997][  0]LogConfig: Setting CVar [[r.Tonemapper.Quality:0]]
[2019.10.23-20.53.35:997][  0]LogConfig: Applying CVar settings from Section [TextureQuality@0] File [C:/Users/hwils/Desktop/VR Test/Saved/Config/Windows/Scalability.ini]
[2019.10.23-20.53.35:997][  0]LogConfig: Setting CVar [[r.Streaming.MipBias:16]]
[2019.10.23-20.53.35:997][  0]LogConfig: Setting CVar [[r.Streaming.AmortizeCPUToGPUCopy:1]]
[2019.10.23-20.53.35:997][  0]LogConfig: Setting CVar [[r.Streaming.MaxNumTexturesToStreamPerFrame:1]]
[2019.10.23-20.53.35:997][  0]LogConfig: Setting CVar [[r.Streaming.Boost:0.3]]
[2019.10.23-20.53.35:997][  0]LogConfig: Setting CVar [[r.MaxAnisotropy:0]]
[2019.10.23-20.53.35:997][  0]LogConfig: Setting CVar [[r.Streaming.LimitPoolSizeToVRAM:1]]
[2019.10.23-20.53.35:997][  0]LogConfig: Setting CVar [[r.Streaming.PoolSize:400]]
[2019.10.23-20.53.35:997][  0]LogConfig: Setting CVar [[r.Streaming.MaxEffectiveScreenSize:0]]
[2019.10.23-20.53.35:997][  0]LogConfig: Applying CVar settings from Section [EffectsQuality@0] File [C:/Users/hwils/Desktop/VR Test/Saved/Config/Windows/Scalability.ini]
[2019.10.23-20.53.35:997][  0]LogConfig: Setting CVar [[r.TranslucencyLightingVolumeDim:24]]
[2019.10.23-20.53.35:997][  0]LogConfig: Setting CVar [[r.RefractionQuality:0]]
[2019.10.23-20.53.35:997][  0]LogConfig: Setting CVar [[r.SSR.Quality:0]]
[2019.10.23-20.53.35:997][  0]LogConfig: Setting CVar [[r.SceneColorFormat:3]]
[2019.10.23-20.53.35:997][  0]LogConfig: Setting CVar [[r.DetailMode:0]]
[2019.10.23-20.53.35:997][  0]LogConfig: Setting CVar [[r.TranslucencyVolumeBlur:0]]
[2019.10.23-20.53.35:997][  0]LogConfig: Setting CVar [[r.MaterialQualityLevel:0 ; Low quality]]
[2019.10.23-20.53.35:997][  0]LogConfig: Setting CVar [[r.SSS.Scale:0]]
[2019.10.23-20.53.35:997][  0]LogConfig: Setting CVar [[r.SSS.SampleSet:0]]
[2019.10.23-20.53.35:997][  0]LogConfig: Setting CVar [[r.SSS.Quality:0]]
[2019.10.23-20.53.35:997][  0]LogConfig: Setting CVar [[r.SSS.HalfRes:1]]
[2019.10.23-20.53.35:997][  0]LogConfig: Setting CVar [[r.EmitterSpawnRateScale:0.125]]
[2019.10.23-20.53.35:997][  0]LogConfig: Setting CVar [[r.ParticleLightQuality:0]]
[2019.10.23-20.53.35:997][  0]LogConfig: Applying CVar settings from Section [FoliageQuality@0] File [C:/Users/hwils/Desktop/VR Test/Saved/Config/Windows/Scalability.ini]
[2019.10.23-20.53.35:997][  0]LogConfig: Setting CVar [[foliage.DensityScale:0]]
[2019.10.23-20.53.35:997][  0]LogConfig: Setting CVar [[grass.DensityScale:0]]
[2019.10.23-20.53.35:997][  0]LogConfig: Applying CVar settings from Section [Startup] File [../../../Engine/Config/ConsoleVariables.ini]
[2019.10.23-20.53.35:997][  0]LogConfig: Setting CVar [[net.UseAdaptiveNetUpdateFrequency:0]]
[2019.10.23-20.53.35:998][  0]LogConfig: Setting CVar [[p.chaos.AllowCreatePhysxBodies:1]]
[2019.10.23-20.53.35:998][  0]LogConfig: Applying CVar settings from Section [ConsoleVariables] File [C:/Users/hwils/Desktop/VR Test/Saved/Config/Windows/Engine.ini]
[2019.10.23-20.53.35:998][  0]LogInit: Computer: DESKTOP-E671F10
[2019.10.23-20.53.35:998][  0]LogInit: User: hwils
[2019.10.23-20.53.35:998][  0]LogInit: CPU Page size=4096, Cores=4
[2019.10.23-20.53.35:998][  0]LogInit: High frequency timer resolution =10.000000 MHz
[2019.10.23-20.53.35:998][  0]LogMemory: Memory total: Physical=7.9GB (8GB approx)
[2019.10.23-20.53.35:998][  0]LogMemory: Platform Memory Stats for Windows
[2019.10.23-20.53.35:998][  0]LogMemory: Process Physical Memory: 101.02 MB used, 101.03 MB peak
[2019.10.23-20.53.35:998][  0]LogMemory: Process Virtual Memory: 90.14 MB used, 90.14 MB peak
[2019.10.23-20.53.35:998][  0]LogMemory: Physical Memory: 6619.47 MB used,  1449.10 MB free, 8068.57 MB total
[2019.10.23-20.53.35:998][  0]LogMemory: Virtual Memory: 4666.73 MB used,  134213064.00 MB free, 134217728.00 MB total
[2019.10.23-20.53.36:002][  0]LogWindows: WindowsPlatformFeatures enabled
[2019.10.23-20.53.36:024][  0]LogInit: Using OS detected language (en-US).
[2019.10.23-20.53.36:024][  0]LogInit: Using OS detected locale (en-US).
[2019.10.23-20.53.36:025][  0]LogTextLocalizationManager: No specific localization for 'en-US' exists, so the 'en' localization will be used.
[2019.10.23-20.53.36:199][  0]LogInit: Setting process to per monitor DPI aware
[2019.10.23-20.53.36:239][  0]LogSlate: New Slate User Created.  User Index 0, Is Virtual User: 0
[2019.10.23-20.53.36:239][  0]LogSlate: Slate User Registered.  User Index 0, Is Virtual User: 0
[2019.10.23-20.53.36:442][  0]LogHMD: Failed to initialize OpenVR with code 110
[2019.10.23-20.53.36:442][  0]LogD3D11RHI: D3D11 adapters:
[2019.10.23-20.53.36:468][  0]LogD3D11RHI:    0. 'Intel(R) UHD Graphics 620' (Feature Level 11_0)
[2019.10.23-20.53.36:468][  0]LogD3D11RHI:       128/0/4034 MB DedicatedVideo/DedicatedSystem/SharedSystem, Outputs:1, VendorId:0x8086
[2019.10.23-20.53.36:471][  0]LogD3D11RHI:    1. 'Microsoft Basic Render Driver' (Feature Level 11_0)
[2019.10.23-20.53.36:471][  0]LogD3D11RHI:       0/0/4034 MB DedicatedVideo/DedicatedSystem/SharedSystem, Outputs:0, VendorId:0x1414
[2019.10.23-20.53.36:471][  0]LogD3D11RHI: Chosen D3D11 Adapter: 0
[2019.10.23-20.53.36:482][  0]LogD3D11RHI: Creating new Direct3DDevice
[2019.10.23-20.53.36:482][  0]LogD3D11RHI:     GPU DeviceId: 0x3ea0 (for the marketing name, search the web for "GPU Device Id")
[2019.10.23-20.53.36:482][  0]LogWindows: EnumDisplayDevices:
[2019.10.23-20.53.36:483][  0]LogWindows:    0. 'Intel(R) UHD Graphics 620' (P:1 D:1)
[2019.10.23-20.53.36:483][  0]LogWindows:    1. 'Intel(R) UHD Graphics 620' (P:0 D:0)
[2019.10.23-20.53.36:483][  0]LogWindows:    2. 'Intel(R) UHD Graphics 620' (P:0 D:0)
[2019.10.23-20.53.36:483][  0]LogWindows: DebugString: FoundDriverCount:3 
[2019.10.23-20.53.36:483][  0]LogD3D11RHI:     Adapter Name: Intel(R) UHD Graphics 620
[2019.10.23-20.53.36:483][  0]LogD3D11RHI:   Driver Version: 25.20.100.6577 (internal:25.20.100.6577, unified:25.20.100.6577)
[2019.10.23-20.53.36:483][  0]LogD3D11RHI:      Driver Date: 2-7-2019
[2019.10.23-20.53.36:483][  0]LogRHI: Texture pool is 1501 MB (70% of 2145 MB)
[2019.10.23-20.53.36:518][  0]LogD3D11RHI: [IntelMetricsDiscovery] Started
[2019.10.23-20.53.36:518][  0]LogD3D11RHI: Async texture creation enabled
[2019.10.23-20.53.36:523][  0]LogD3D11RHI: GPU Timing Frequency: 12.000048 (Debug: 2 0)
[2019.10.23-20.53.36:885][  0]LogTemp: Display: Module 'AllDesktopTargetPlatform' loaded TargetPlatform 'AllDesktop'
[2019.10.23-20.53.36:910][  0]LogTemp: Display: Module 'MacClientTargetPlatform' loaded TargetPlatform 'MacClient'
[2019.10.23-20.53.36:928][  0]LogTemp: Display: Module 'MacNoEditorTargetPlatform' loaded TargetPlatform 'MacNoEditor'
[2019.10.23-20.53.36:940][  0]LogTemp: Display: Module 'MacServerTargetPlatform' loaded TargetPlatform 'MacServer'
[2019.10.23-20.53.36:949][  0]LogTemp: Display: Module 'MacTargetPlatform' loaded TargetPlatform 'Mac'
[2019.10.23-20.53.36:958][  0]LogTemp: Display: Module 'WindowsClientTargetPlatform' loaded TargetPlatform 'WindowsClient'
[2019.10.23-20.53.36:967][  0]LogTemp: Display: Module 'WindowsNoEditorTargetPlatform' loaded TargetPlatform 'WindowsNoEditor'
[2019.10.23-20.53.36:976][  0]LogTemp: Display: Module 'WindowsServerTargetPlatform' loaded TargetPlatform 'WindowsServer'
[2019.10.23-20.53.36:981][  0]LogTemp: Display: Module 'WindowsTargetPlatform' loaded TargetPlatform 'Windows'
[2019.10.23-20.53.37:013][  0]LogTemp: Display: Module 'AndroidTargetPlatform' loaded TargetPlatform 'Android'
[2019.10.23-20.53.37:013][  0]LogTemp: Display: Module 'AndroidTargetPlatform' loaded TargetPlatform 'Android_ASTC'
[2019.10.23-20.53.37:013][  0]LogTemp: Display: Module 'AndroidTargetPlatform' loaded TargetPlatform 'Android_ATC'
[2019.10.23-20.53.37:013][  0]LogTemp: Display: Module 'AndroidTargetPlatform' loaded TargetPlatform 'Android_DXT'
[2019.10.23-20.53.37:013][  0]LogTemp: Display: Module 'AndroidTargetPlatform' loaded TargetPlatform 'Android_ETC1'
[2019.10.23-20.53.37:013][  0]LogTemp: Display: Module 'AndroidTargetPlatform' loaded TargetPlatform 'Android_ETC1a'
[2019.10.23-20.53.37:013][  0]LogTemp: Display: Module 'AndroidTargetPlatform' loaded TargetPlatform 'Android_ETC2'
[2019.10.23-20.53.37:013][  0]LogTemp: Display: Module 'AndroidTargetPlatform' loaded TargetPlatform 'Android_PVRTC'
[2019.10.23-20.53.37:013][  0]LogTemp: Display: Module 'AndroidTargetPlatform' loaded TargetPlatform 'AndroidClient'
[2019.10.23-20.53.37:013][  0]LogTemp: Display: Module 'AndroidTargetPlatform' loaded TargetPlatform 'Android_ASTCClient'
[2019.10.23-20.53.37:013][  0]LogTemp: Display: Module 'AndroidTargetPlatform' loaded TargetPlatform 'Android_ATCClient'
[2019.10.23-20.53.37:013][  0]LogTemp: Display: Module 'AndroidTargetPlatform' loaded TargetPlatform 'Android_DXTClient'
[2019.10.23-20.53.37:013][  0]LogTemp: Display: Module 'AndroidTargetPlatform' loaded TargetPlatform 'Android_ETC1Client'
[2019.10.23-20.53.37:013][  0]LogTemp: Display: Module 'AndroidTargetPlatform' loaded TargetPlatform 'Android_ETC1aClient'
[2019.10.23-20.53.37:013][  0]LogTemp: Display: Module 'AndroidTargetPlatform' loaded TargetPlatform 'Android_ETC2Client'
[2019.10.23-20.53.37:013][  0]LogTemp: Display: Module 'AndroidTargetPlatform' loaded TargetPlatform 'Android_PVRTCClient'
[2019.10.23-20.53.37:013][  0]LogTemp: Display: Module 'AndroidTargetPlatform' loaded TargetPlatform 'Android_Multi'
[2019.10.23-20.53.37:013][  0]LogTemp: Display: Module 'AndroidTargetPlatform' loaded TargetPlatform 'Android_MultiClient'
[2019.10.23-20.53.37:015][  0]LogTemp: Display: Module 'HTML5TargetPlatform' loaded TargetPlatform 'HTML5'
[2019.10.23-20.53.37:031][  0]LogTemp: Display: Module 'IOSTargetPlatform' loaded TargetPlatform 'IOSClient'
[2019.10.23-20.53.37:031][  0]LogTemp: Display: Module 'IOSTargetPlatform' loaded TargetPlatform 'IOS'
[2019.10.23-20.53.37:044][  0]LogTemp: Display: Module 'TVOSTargetPlatform' loaded TargetPlatform 'TVOSClient'
[2019.10.23-20.53.37:044][  0]LogTemp: Display: Module 'TVOSTargetPlatform' loaded TargetPlatform 'TVOS'
[2019.10.23-20.53.37:051][  0]LogTemp: Display: Module 'LinuxClientTargetPlatform' loaded TargetPlatform 'LinuxClient'
[2019.10.23-20.53.37:057][  0]LogTemp: Display: Module 'LinuxNoEditorTargetPlatform' loaded TargetPlatform 'LinuxNoEditor'
[2019.10.23-20.53.37:064][  0]LogTemp: Display: Module 'LinuxServerTargetPlatform' loaded TargetPlatform 'LinuxServer'
[2019.10.23-20.53.37:071][  0]LogTemp: Display: Module 'LinuxTargetPlatform' loaded TargetPlatform 'Linux'
[2019.10.23-20.53.37:094][  0]LogTemp: Display: Module 'LuminTargetPlatform' loaded TargetPlatform 'Lumin'
[2019.10.23-20.53.37:095][  0]LogTemp: Display: Module 'LuminTargetPlatform' loaded TargetPlatform 'LuminClient'
[2019.10.23-20.53.37:095][  0]LogTargetPlatformManager: Display: Building Assets For Windows
[2019.10.23-20.53.37:104][  0]LogAudioDebug: Display: Lib vorbis DLL was dynamically loaded.
[2019.10.23-20.53.37:157][  0]LogShaderCompilers: Guid format shader working directory is 1 characters bigger than the processId version (../../../../../../Users/hwils/Desktop/VR Test/Intermediate/Shaders/WorkingDirectory/8928/).
[2019.10.23-20.53.37:158][  0]LogShaderCompilers: Cleaned the shader compiler working directory 'C:/Users/hwils/AppData/Local/Temp/UnrealShaderWorkingDir/0B7AEF724F71E8AD6AAE409C38ED48A4/'.
[2019.10.23-20.53.37:160][  0]LogXGEController: Cannot use XGE Controller as Incredibuild is not installed on this machine.
[2019.10.23-20.53.37:160][  0]LogShaderCompilers: Cannot use XGE Shader Compiler as Incredibuild is not installed on this machine.
[2019.10.23-20.53.37:160][  0]LogShaderCompilers: Display: Using Local Shader Compiler.
[2019.10.23-20.53.37:753][  0]LogDerivedDataCache: Display: Max Cache Size: 512 MB
[2019.10.23-20.53.37:807][  0]LogDerivedDataCache: Loaded boot cache 0.05s 73MB C:/Users/hwils/AppData/Local/UnrealEngine/4.23/DerivedDataCache/Boot.ddc.
[2019.10.23-20.53.37:807][  0]LogDerivedDataCache: Display: Loaded Boot cache: C:/Users/hwils/AppData/Local/UnrealEngine/4.23/DerivedDataCache/Boot.ddc
[2019.10.23-20.53.37:807][  0]LogDerivedDataCache: FDerivedDataBackendGraph:  Pak pak cache file ../../../../../../Users/hwils/Desktop/VR Test/DerivedDataCache/DDC.ddp not found, will not use a pak cache.
[2019.10.23-20.53.37:807][  0]LogDerivedDataCache: Unable to find inner node Pak for hierarchical cache Hierarchy.
[2019.10.23-20.53.37:807][  0]LogDerivedDataCache: FDerivedDataBackendGraph:  CompressedPak pak cache file ../../../../../../Users/hwils/Desktop/VR Test/DerivedDataCache/Compressed.ddp not found, will not use a pak cache.
[2019.10.23-20.53.37:807][  0]LogDerivedDataCache: Unable to find inner node CompressedPak for hierarchical cache Hierarchy.
[2019.10.23-20.53.37:818][  0]LogDerivedDataCache: Display: Pak cache opened for reading ../../../Engine/DerivedDataCache/Compressed.ddp.
[2019.10.23-20.53.37:818][  0]LogDerivedDataCache: FDerivedDataBackendGraph:  EnterprisePak pak cache file ../../../Enterprise/DerivedDataCache/Compressed.ddp not found, will not use a pak cache.
[2019.10.23-20.53.37:818][  0]LogDerivedDataCache: Unable to find inner node EnterprisePak for hierarchical cache Hierarchy.
[2019.10.23-20.53.37:819][  0]LogDerivedDataCache: Using Local data cache path C:/Users/hwils/AppData/Local/UnrealEngine/Common/DerivedDataCache: Writable
[2019.10.23-20.53.37:819][  0]LogDerivedDataCache: Shared data cache path not found in *engine.ini, will not use an Shared cache.
[2019.10.23-20.53.37:819][  0]LogDerivedDataCache: Unable to find inner node Shared for hierarchical cache Hierarchy.
[2019.10.23-20.53.37:844][  0]LogMaterial: Verifying Global Shaders for PCD3D_SM5
[2019.10.23-20.53.37:847][  0]LogSlate: Using FreeType 2.6.0
[2019.10.23-20.53.37:847][  0]LogSlate: SlateFontServices - WITH_FREETYPE: 1, WITH_HARFBUZZ: 1
[2019.10.23-20.53.37:911][  0]LogAssetRegistry: FAssetRegistry took 0.0023 seconds to start up
[2019.10.23-20.53.38:161][  0]LogInit: Selected Device Profile: [Windows]
[2019.10.23-20.53.38:305][  0]LogMeshReduction: Using QuadricMeshReduction for automatic static mesh reduction
[2019.10.23-20.53.38:305][  0]LogMeshReduction: Using SimplygonMeshReduction for automatic skeletal mesh reduction
[2019.10.23-20.53.38:305][  0]LogMeshReduction: Using ProxyLODMeshReduction for automatic mesh merging
[2019.10.23-20.53.38:305][  0]LogMeshReduction: No distributed automatic mesh merging module available
[2019.10.23-20.53.38:305][  0]LogMeshMerging: No distributed automatic mesh merging module available
[2019.10.23-20.53.38:315][  0]LogNetVersion: VRHCR 1.0.0, NetCL: 8386587, EngineNetVer: 11, GameNetVer: 0 (Checksum: 2197580189)
[2019.10.23-20.53.38:802][  0]LogPackageLocalizationCache: Processed 12 localized package path(s) for 1 prioritized culture(s) in 0.039701 seconds
[2019.10.23-20.53.38:809][  0]LogUObjectArray: 43525 objects as part of root set at end of initial load.
[2019.10.23-20.53.38:809][  0]LogUObjectAllocator: 7573752 out of 0 bytes used by permanent object pool.
[2019.10.23-20.53.38:809][  0]LogUObjectArray: CloseDisregardForGC: 0/0 objects in disregard for GC pool
[2019.10.23-20.53.39:767][  0]LogTcpMessaging: Initializing TcpMessaging bridge
[2019.10.23-20.53.39:770][  0]LogUdpMessaging: Initializing bridge on interface 0.0.0.0:0 to multicast group 230.0.0.1:6666.
[2019.10.23-20.53.39:827][  0]SourceControl: Source control is disabled
[2019.10.23-20.53.39:827][  0]SourceControl: Source control is disabled
[2019.10.23-20.53.39:829][  0]SourceControl: Source control is disabled
[2019.10.23-20.53.39:830][  0]SourceControl: Source control is disabled
[2019.10.23-20.53.39:839][  0]LogVSAccessor: Display: Unable to create Visual Studio setup instance: 80040154
[2019.10.23-20.53.39:840][  0]LogVSAccessor: Display: Unable to create Visual Studio setup instance: 80040154
[2019.10.23-20.53.39:935][  0]LogOnline: Oculus: Oculus Startup!
[2019.10.23-20.53.39:937][  0]LogAndroidPermission: UAndroidPermissionCallbackProxy::GetInstance
[2019.10.23-20.53.40:100][  0]LogOcInput: OculusInput pre-init called
[2019.10.23-20.53.40:106][  0]LogWindows: Failed to load 'OVRPlugin.dll' (GetLastError=126)
[2019.10.23-20.53.40:106][  0]LogWindows: File 'OVRPlugin.dll' does not exist
[2019.10.23-20.53.40:171][  0]LogEngine: Initializing Engine...
[2019.10.23-20.53.40:172][  0]LogHMD: Failed to initialize OpenVR with code 110
[2019.10.23-20.53.40:173][  0]LogStats: UGameplayTagsManager::InitializeManager -  0.000 s
[2019.10.23-20.53.40:395][  0]LogInit: Initializing FReadOnlyCVARCache
[2019.10.23-20.53.40:410][  0]LogAIModule: Creating AISystem for world Untitled
[2019.10.23-20.53.40:605][  0]LogInit: XAudio2 using 'Speakers/Headphones (Realtek(R) Audio)' : 2 channels at 48 kHz using 32 bits per sample (channel mask 0x3)
[2019.10.23-20.53.40:907][  0]LogInit: FAudioDevice initialized.
[2019.10.23-20.53.40:907][  0]LogNetVersion: Set ProjectVersion to 1.0.0.0. Version Checksum will be recalculated on next use.
[2019.10.23-20.53.40:966][  0]LogDerivedDataCache: Saved boot cache 0.06s 73MB C:/Users/hwils/AppData/Local/UnrealEngine/4.23/DerivedDataCache/Boot.ddc.
[2019.10.23-20.53.40:969][  0]LogInit: Texture streaming: Enabled
[2019.10.23-20.53.40:991][  0]LogEngineSessionManager: EngineSessionManager initialized
[2019.10.23-20.53.41:035][  0]LogInit: Transaction tracking system initialized
[2019.10.23-20.53.41:069][  0]BlueprintLog: New page: Editor Load
[2019.10.23-20.53.41:149][  0]LocalizationService: Localization service is disabled
[2019.10.23-20.53.41:716][  0]LogVSAccessor: Display: Unable to create Visual Studio setup instance: 80040154
[2019.10.23-20.53.41:717][  0]LogVSAccessor: Display: Unable to create Visual Studio setup instance: 80040154
[2019.10.23-20.53.41:882][  0]LogCook: Display: Max memory allowance for cook 16384mb min free memory 0mb
[2019.10.23-20.53.41:882][  0]LogFileCache: Scanning file cache for directory 'C:/Users/hwils/Desktop/VR Test/Content/' took 0.01s
[2019.10.23-20.53.41:882][  0]LogCook: Display: Mobile HDR setting 1
[2019.10.23-20.53.42:103][  0]SourceControl: Source control is disabled
[2019.10.23-20.53.42:104][  0]Cmd: MAP LOAD FILE="../../../../../../Users/hwils/Desktop/VR Test/Content/02_Maps/TestLevel.umap" TEMPLATE=0 SHOWPROGRESS=1 FEATURELEVEL=3
[2019.10.23-20.53.42:104][  0]LightingResults: New page: Lighting Build
[2019.10.23-20.53.42:107][  0]LogWorld: UWorld::CleanupWorld for Untitled, bSessionEnded=true, bCleanupResources=true
[2019.10.23-20.53.42:107][  0]MapCheck: New page: Map Check
[2019.10.23-20.53.42:107][  0]LightingResults: New page: Lighting Build
[2019.10.23-20.53.42:134][  0]LogUObjectHash: Compacting FUObjectHashTables data took   1.59ms
[2019.10.23-20.53.42:245][  0]LogBlueprint: Error: [Compiler BP_Pickup_Base] Missing Event 'Drop' for  Event Drop
[2019.10.23-20.53.42:247][  0]LogBlueprint: Error: [Compiler BP_Pickup_Base] In use pin  Attach To  no longer exists on node  Event Pickup . Please refresh node or break links to remove pin.
[2019.10.23-20.53.42:247][  0]LogBlueprint: Error: [Compiler BP_Pickup_Base] Missing Event 'Pickup' for  Event Pickup
[2019.10.23-20.53.42:248][  0]LogBlueprint: Error: [Compiler BP_Pickup_Base] In use pin  Motion Controller  no longer exists on node  Set . Please refresh node or break links to remove pin.
[2019.10.23-20.53.42:248][  0]LogBlueprint: Error: [Compiler BP_Pickup_Base] In use pin  Motion Controller  no longer exists on node  Get . Please refresh node or break links to remove pin.
[2019.10.23-20.53.42:250][  0]LogBlueprint: Error: [Compiler BP_Pickup_Base] Can't connect pins  A  and  Controller : Object Reference is not compatible with Object Reference.
[2019.10.23-20.53.42:250][  0]LogBlueprint: Error: [Compiler BP_Pickup_Base] Can't connect pins  Controller  and  A : Object Reference is not compatible with Object Reference.
[2019.10.23-20.53.42:251][  0]LogBlueprint: Error: [Compiler BP_Pickup_Base] Failed to find class for pin  Controller
[2019.10.23-20.53.42:251][  0]LogBlueprint: Error: [Compiler BP_Pickup_Base] ICE SetVariableOnPersistentFrame - No property found.  Controller
[2019.10.23-20.53.42:321][  0]LogLinker: Warning: Asset '../../../../../../Users/hwils/Desktop/VR Test/Content/04_Materials/Red_Light.uasset' has been saved with empty engine version. The asset will be loaded but may be incompatible.
[2019.10.23-20.53.42:322][  0]LogLinker: Warning: Asset '../../../../../../Users/hwils/Desktop/VR Test/Content/04_Materials/Light.uasset' has been saved with empty engine version. The asset will be loaded but may be incompatible.
[2019.10.23-20.53.42:624][  0]LogLinker: Warning: Asset '../../../../../../Users/hwils/Desktop/VR Test/Content/04_Materials/M_Light.uasset' has been saved with empty engine version. The asset will be loaded but may be incompatible.
[2019.10.23-20.53.42:665][  0]LogLinker: Warning: Asset '../../../../../../Users/hwils/Desktop/VR Test/Content/03_Meshes/LightFixture_Long.uasset' has been saved with empty engine version. The asset will be loaded but may be incompatible.
[2019.10.23-20.53.43:013][  0]LogAIModule: Creating AISystem for world TestLevel
[2019.10.23-20.53.43:033][  0]LogEditorServer: Finished looking for orphan Actors (0.000 secs)
[2019.10.23-20.53.43:087][  0]LogUObjectHash: Compacting FUObjectHashTables data took   3.05ms
[2019.10.23-20.53.43:087][  0]Cmd: MAP CHECKDEP NOCLEARLOG
[2019.10.23-20.53.43:087][  0]MapCheck: Map check complete: 0 Error(s), 0 Warning(s), took 0.136ms to complete.
[2019.10.23-20.53.43:087][  0]LogFileHelpers: Loading map 'TestLevel' took 0.984
[2019.10.23-20.53.43:276][  0]LogSlate: Updating window title bar state: overlay mode, drag disabled, window buttons hidden, title bar hidden
[2019.10.23-20.53.43:286][  0]LogSlate: Updating window title bar state: overlay mode, drag disabled, window buttons hidden, title bar hidden
[2019.10.23-20.53.43:295][  0]LogSlate: Updating window title bar state: overlay mode, drag disabled, window buttons hidden, title bar hidden
[2019.10.23-20.53.43:305][  0]LogSlate: Updating window title bar state: overlay mode, drag disabled, window buttons hidden, title bar hidden
[2019.10.23-20.53.43:321][  0]LogCollectionManager: Loaded 0 collections in 0.003009 seconds
[2019.10.23-20.53.43:346][  0]LogFileCache: Scanning file cache for directory 'C:/Users/hwils/Desktop/VR Test/Saved/Collections/' took 0.00s
[2019.10.23-20.53.43:346][  0]LogFileCache: Scanning file cache for directory 'C:/Users/hwils/Desktop/VR Test/Content/Developers/hwils/Collections/' took 0.00s
[2019.10.23-20.53.43:346][  0]LogFileCache: Scanning file cache for directory 'C:/Users/hwils/Desktop/VR Test/Content/Collections/' took 0.00s
[2019.10.23-20.53.43:346][  0]LogCollectionManager: Rebuilt the GUID cache for 0 collections in 0.000002 seconds
[2019.10.23-20.53.43:357][  0]LogContentBrowser: Native class hierarchy populated in 0.0096 seconds. Added 2882 classes and 693 folders.
[2019.10.23-20.53.43:374][  0]LogContentBrowser: Native class hierarchy updated for 'WidgetCarousel' in 0.0002 seconds. Added 0 classes and 0 folders.
[2019.10.23-20.53.43:540][  0]LogContentBrowser: Native class hierarchy updated for 'AddContentDialog' in 0.0003 seconds. Added 0 classes and 0 folders.
[2019.10.23-20.53.43:568][  0]LogContentBrowser: Native class hierarchy updated for 'SceneOutliner' in 0.0008 seconds. Added 1 classes and 2 folders.
[2019.10.23-20.53.43:641][  0]LogSlate: Took 0.000252 seconds to synchronously load lazily loaded font '../../../Engine/Content/Slate/Fonts/Roboto-Regular.ttf' (155K)
[2019.10.23-20.53.43:644][  0]LogSlate: Took 0.000285 seconds to synchronously load lazily loaded font '../../../Engine/Content/Slate/Fonts/Roboto-Bold.ttf' (160K)
[2019.10.23-20.53.43:653][  0]LogSlate: Took 0.000824 seconds to synchronously load lazily loaded font '../../../Engine/Content/Editor/Slate/Fonts/FontAwesome.ttf' (139K)
[2019.10.23-20.53.43:824][  0]LogRenderer: Reallocating scene render targets to support 512x512 Format 10 NumSamples 1 (Frame:1).
[2019.10.23-20.53.43:993][  0]LogRenderer: Reallocating scene render targets to support 856x512 Format 9 NumSamples 1 (Frame:1).
[2019.10.23-20.53.44:321][  0]LogContentBrowser: Native class hierarchy updated for 'HierarchicalLODOutliner' in 0.0003 seconds. Added 0 classes and 0 folders.
[2019.10.23-20.53.44:321][  0]LogLoad: (Engine Initialization) Total time: 9.96 seconds
[2019.10.23-20.53.44:322][  0]LogLoad: (Engine Initialization) Total Blueprint compile time: 0.00 seconds
[2019.10.23-20.53.44:388][  0]LogContentStreaming: Texture pool size now 400 MB
[2019.10.23-20.53.44:403][  0]LogSlate: Took 0.000823 seconds to synchronously load lazily loaded font '../../../Engine/Content/Slate/Fonts/Roboto-Light.ttf' (167K)
[2019.10.23-20.53.44:462][  1]LogAssetRegistry: Asset discovery search completed in 6.5517 seconds
[2019.10.23-20.53.44:468][  1]LogCollectionManager: Rebuilt the object cache for 0 collections in 0.000006 seconds (found 0 objects)
[2019.10.23-20.53.44:468][  1]LogCollectionManager: Fixed up redirectors for 0 collections in 0.000150 seconds (updated 0 objects)
[2019.10.23-20.53.45:358][ 36]LogSlate: Took 0.000176 seconds to synchronously load lazily loaded font '../../../Engine/Content/Slate/Fonts/Roboto-Light.ttf' (167K)
[2019.10.23-20.54.04:829][324]LogSlate: FSceneViewport::OnFocusLost() reason 0
[2019.10.23-20.54.05:581][368]LogAssetEditorManager: Opening Asset editor for Blueprint /Game/01_Blueprints/VR_GM.VR_GM
[2019.10.23-20.54.05:931][368]LogClass: Warning: Enum '/Game/Particles_Wind_Control_System/Blueprints/Enumerations/P_Leaves_Enum.P_Leaves_Enum' was upgraded to use FText to store its display name data. Please re-save this asset to avoid issues with localization and determinstic cooking.
[2019.10.23-20.54.05:967][368]LogContentBrowser: Native class hierarchy updated for 'BlueprintGraph' in 0.0005 seconds. Added 121 classes and 0 folders.
[2019.10.23-20.54.06:865][368]LogAssetEditorManager: Opening Asset editor for Blueprint /Game/01_Blueprints/Player.Player
[2019.10.23-20.54.07:177][368]LogAssetEditorManager: Opening Asset editor for Blueprint /Game/Player_Test.Player_Test
[2019.10.23-20.54.09:039][451]LogSlate: Took 0.001642 seconds to synchronously load lazily loaded font '../../../Engine/Content/Slate/Fonts/Roboto-BoldCondensed.ttf' (158K)
[2019.10.23-20.54.10:360][515]LogSlate: Took 0.000989 seconds to synchronously load lazily loaded font '../../../Engine/Content/Slate/Fonts/Roboto-Italic.ttf' (157K)
[2019.10.23-20.54.11:284][568]LogSlate: Window 'Player_Test' being destroyed
[2019.10.23-20.54.13:879][722]LogWorld: UWorld::CleanupWorld for World_2, bSessionEnded=true, bCleanupResources=true
[2019.10.23-20.54.13:951][722]LogAssetEditorManager: Opening Asset editor for Blueprint /Game/Player_Test.Player_Test
[2019.10.23-20.54.17:303][903]LogRenderer: Reallocating scene render targets to support 856x588 Format 9 NumSamples 1 (Frame:1).
[2019.10.23-20.54.27:774][390]LogSlate: FSceneViewport::OnFocusLost() reason 2
[2019.10.23-20.54.34:568][776]LogSlate: FSceneViewport::OnFocusLost() reason 2
[2019.10.23-20.55.32:325][627]LogSlate: FSceneViewport::OnFocusLost() reason 0
[2019.10.23-20.55.45:332][398]LogSlate: FSceneViewport::OnFocusLost() reason 0
[2019.10.23-20.55.55:456][899]LogSlate: FSceneViewport::OnFocusLost() reason 0
[2019.10.23-20.56.42:970][339]LogSlate: FSceneViewport::OnFocusLost() reason 0
[2019.10.23-20.56.45:044][434]BlueprintLog: New page: Compile Player_Test
[2019.10.23-20.56.45:427][434]LogUObjectHash: Compacting FUObjectHashTables data took   4.18ms
[2019.10.23-20.56.45:824][454]Cmd: OBJ SAVEPACKAGE PACKAGE="/Game/Player_Test" FILE="../../../../../../Users/hwils/Desktop/VR Test/Content/Player_Test.uasset" SILENT=true
[2019.10.23-20.56.45:851][454]LogSavePackage: Moving '../../../../../../Users/hwils/Desktop/VR Test/Saved/Player_Test3D03CDBB40E153474CD644920DCEF98F.tmp' to '../../../../../../Users/hwils/Desktop/VR Test/Content/Player_Test.uasset'
[2019.10.23-20.57.20:003][966]Cmd: OBJ SAVEPACKAGE PACKAGE="/Game/02_Maps/TestLevel" FILE="../../../../../../Users/hwils/Desktop/VR Test/Content/02_Maps/TestLevel.umap" SILENT=true AUTOSAVING=false KEEPDIRTY=false
[2019.10.23-20.57.20:042][966]LogUObjectHash: Compacting FUObjectHashTables data took   2.95ms
[2019.10.23-20.57.20:298][966]LogSavePackage: Moving '../../../../../../Users/hwils/Desktop/VR Test/Saved/TestLevelBD8172704F792DFAC138E9AB6C3DA232.tmp' to '../../../../../../Users/hwils/Desktop/VR Test/Content/02_Maps/TestLevel.umap'
[2019.10.23-20.57.22:524][ 95]LogUObjectHash: Compacting FUObjectHashTables data took   2.83ms
[2019.10.23-20.57.22:588][ 95]LogWorld: UWorld::CleanupWorld for World_0, bSessionEnded=true, bCleanupResources=true
[2019.10.23-20.57.22:634][ 95]LogActorComponent: UnregisterComponent: (/Engine/Transient.EditorFloorComp) Not registered. Aborting.
[2019.10.23-20.57.22:634][ 95]LogWorld: UWorld::CleanupWorld for World_1, bSessionEnded=true, bCleanupResources=true
[2019.10.23-20.57.22:667][ 95]LogActorComponent: UnregisterComponent: (/Engine/Transient.EditorFloorComp) Not registered. Aborting.
[2019.10.23-20.57.22:667][ 95]LogWorld: UWorld::CleanupWorld for World_3, bSessionEnded=true, bCleanupResources=true
[2019.10.23-20.57.22:708][ 95]LogSlate: Window 'VRHCR - Unreal Editor' being destroyed
[2019.10.23-20.57.22:709][ 95]LogWindowsTextInputMethodSystem: Display: IME system now deactivated.
[2019.10.23-20.57.22:812][ 96]Cmd: QUIT_EDITOR
[2019.10.23-20.57.22:875][ 96]LogExit: Preparing to exit.
[2019.10.23-20.57.22:946][ 96]LogWorld: UWorld::CleanupWorld for World_5, bSessionEnded=true, bCleanupResources=true
[2019.10.23-20.57.22:949][ 96]LogWorld: UWorld::CleanupWorld for World_6, bSessionEnded=true, bCleanupResources=true
[2019.10.23-20.57.22:950][ 96]LogWorld: UWorld::CleanupWorld for World_4, bSessionEnded=true, bCleanupResources=true
[2019.10.23-20.57.23:010][ 96]LogWorld: UWorld::CleanupWorld for None, bSessionEnded=true, bCleanupResources=true
[2019.10.23-20.57.23:011][ 96]LogExit: Editor shut down
[2019.10.23-20.57.23:011][ 96]LogExit: Transaction tracking system shut down
[2019.10.23-20.57.23:021][ 96]LogDemo: Cleaned up 0 splitscreen connections with owner deletion
[2019.10.23-20.57.23:379][ 96]LogExit: Object subsystem successfully closed.
[2019.10.23-20.57.23:408][ 96]LogShaderCompilers: Display: Shaders left to compile 0
[2019.10.23-20.57.23:465][ 96]LogModuleManager: Shutting down and abandoning module BlueprintGraph (678)
[2019.10.23-20.57.23:465][ 96]LogModuleManager: Shutting down and abandoning module HierarchicalLODOutliner (676)
[2019.10.23-20.57.23:465][ 96]LogModuleManager: Shutting down and abandoning module SceneOutliner (674)
[2019.10.23-20.57.23:465][ 96]LogModuleManager: Shutting down and abandoning module AddContentDialog (672)
[2019.10.23-20.57.23:467][ 96]LogModuleManager: Shutting down and abandoning module WidgetCarousel (671)
[2019.10.23-20.57.23:467][ 96]LogModuleManager: Shutting down and abandoning module EditorWidgets (668)
[2019.10.23-20.57.23:467][ 96]LogModuleManager: Shutting down and abandoning module CollectionManager (666)
[2019.10.23-20.57.23:467][ 96]LogModuleManager: Shutting down and abandoning module StatsViewer (664)
[2019.10.23-20.57.23:468][ 96]LogModuleManager: Shutting down and abandoning module VirtualTexturingEditor (662)
[2019.10.23-20.57.23:468][ 96]LogModuleManager: Shutting down and abandoning module FoliageEdit (660)
[2019.10.23-20.57.23:468][ 96]LogModuleManager: Shutting down and abandoning module LandscapeEditor (658)
[2019.10.23-20.57.23:470][ 96]LogModuleManager: Shutting down and abandoning module MeshPaintMode (656)
[2019.10.23-20.57.23:470][ 96]LogModuleManager: Shutting down and abandoning module SceneDepthPickerMode (654)
[2019.10.23-20.57.23:470][ 96]LogModuleManager: Shutting down and abandoning module ActorPickerMode (652)
[2019.10.23-20.57.23:470][ 96]LogModuleManager: Shutting down and abandoning module GeometryMode (650)
[2019.10.23-20.57.23:470][ 96]LogModuleManager: Shutting down and abandoning module TextureAlignMode (648)
[2019.10.23-20.57.23:470][ 96]LogModuleManager: Shutting down and abandoning module BspMode (646)
[2019.10.23-20.57.23:470][ 96]LogModuleManager: Shutting down and abandoning module PIEPreviewDeviceProfileSelector (644)
[2019.10.23-20.57.23:471][ 96]LogModuleManager: Shutting down and abandoning module SequenceRecorderSections (642)
[2019.10.23-20.57.23:471][ 96]LogModuleManager: Shutting down and abandoning module AutomationWorker (640)
[2019.10.23-20.57.23:472][ 96]LogModuleManager: Shutting down and abandoning module OculusMR (638)
[2019.10.23-20.57.23:472][ 96]LogModuleManager: Shutting down and abandoning module OculusAudioEditor (636)
[2019.10.23-20.57.23:472][ 96]LogModuleManager: Shutting down and abandoning module AudioCaptureEditor (634)
[2019.10.23-20.57.23:472][ 96]LogModuleManager: Shutting down and abandoning module MatineeToLevelSequence (632)
[2019.10.23-20.57.23:472][ 96]LogModuleManager: Shutting down and abandoning module LevelSequenceEditor (630)
[2019.10.23-20.57.23:474][ 96]LogModuleManager: Shutting down and abandoning module PlacementMode (629)
[2019.10.23-20.57.23:474][ 96]LogModuleManager: Shutting down and abandoning module MaterialEditor (628)
[2019.10.23-20.57.23:475][ 96]LogModuleManager: Shutting down and abandoning module ActorSequenceEditor (624)
[2019.10.23-20.57.23:476][ 96]LogModuleManager: Shutting down and abandoning module WmfMediaFactory (622)
[2019.10.23-20.57.23:476][ 96]LogModuleManager: Shutting down and abandoning module WmfMediaEditor (620)
[2019.10.23-20.57.23:476][ 96]LogModuleManager: Shutting down and abandoning module WebMMediaFactory (618)
[2019.10.23-20.57.23:476][ 96]LogModuleManager: Shutting down and abandoning module WebMMediaEditor (616)
[2019.10.23-20.57.23:476][ 96]LogModuleManager: Shutting down and abandoning module WebMMedia (614)
[2019.10.23-20.57.23:476][ 96]LogModuleManager: Shutting down and abandoning module MediaPlayerEditor (612)
[2019.10.23-20.57.23:477][ 96]LogModuleManager: Shutting down and abandoning module MediaCompositingEditor (610)
[2019.10.23-20.57.23:478][ 96]LogModuleManager: Shutting down and abandoning module SequenceRecorder (609)
[2019.10.23-20.57.23:478][ 96]LogModuleManager: Shutting down and abandoning module OpenExrWrapper (606)
[2019.10.23-20.57.23:478][ 96]LogModuleManager: Shutting down and abandoning module ImgMediaFactory (604)
[2019.10.23-20.57.23:478][ 96]LogModuleManager: Shutting down and abandoning module ImgMediaEditor (602)
[2019.10.23-20.57.23:478][ 96]LogModuleManager: Shutting down and abandoning module AvfMediaFactory (600)
[2019.10.23-20.57.23:478][ 96]LogModuleManager: Shutting down and abandoning module AvfMediaEditor (598)
[2019.10.23-20.57.23:478][ 96]LogModuleManager: Shutting down and abandoning module AndroidMediaFactory (596)
[2019.10.23-20.57.23:478][ 96]LogModuleManager: Shutting down and abandoning module AndroidMediaEditor (594)
[2019.10.23-20.57.23:478][ 96]LogModuleManager: Shutting down and abandoning module MagicLeapCameraPreviewFactory (592)
[2019.10.23-20.57.23:478][ 96]LogModuleManager: Shutting down and abandoning module MagicLeapMediaCodecFactory (590)
[2019.10.23-20.57.23:478][ 96]LogModuleManager: Shutting down and abandoning module MagicLeapMediaFactory (588)
[2019.10.23-20.57.23:478][ 96]LogModuleManager: Shutting down and abandoning module MagicLeapMediaEditor (586)
[2019.10.23-20.57.23:478][ 96]LogModuleManager: Shutting down and abandoning module CharacterAI (584)
[2019.10.23-20.57.23:478][ 96]LogModuleManager: Shutting down and abandoning module SmartSnapping (582)
[2019.10.23-20.57.23:478][ 96]LogModuleManager: Shutting down and abandoning module SessionServices (580)
[2019.10.23-20.57.23:478][ 96]LogModuleManager: Shutting down and abandoning module MeshPaint (578)
[2019.10.23-20.57.23:479][ 96]LogModuleManager: Shutting down and abandoning module ViewportSnapping (576)
[2019.10.23-20.57.23:479][ 96]LogModuleManager: Shutting down and abandoning module ViewportInteraction (574)
[2019.10.23-20.57.23:479][ 96]LogModuleManager: Shutting down and abandoning module ClothPainter (572)
[2019.10.23-20.57.23:480][ 96]LogModuleManager: Shutting down and abandoning module SkeletalMeshEditor (571)
[2019.10.23-20.57.23:481][ 96]LogModuleManager: Shutting down and abandoning module LogVisualizer (568)
[2019.10.23-20.57.23:482][ 96]LogModuleManager: Shutting down and abandoning module IntroTutorials (566)
[2019.10.23-20.57.23:482][ 96]LogModuleManager: Shutting down and abandoning module GameProjectGeneration (565)
[2019.10.23-20.57.23:482][ 96]LogModuleManager: Shutting down and abandoning module LuminPlatformEditor (562)
[2019.10.23-20.57.23:482][ 96]LogModuleManager: Shutting down and abandoning module IOSPlatformEditor (560)
[2019.10.23-20.57.23:482][ 96]LogModuleManager: Shutting down and abandoning module HTML5PlatformEditor (558)
[2019.10.23-20.57.23:482][ 96]LogModuleManager: Shutting down and abandoning module AndroidPlatformEditor (556)
[2019.10.23-20.57.23:482][ 96]LogModuleManager: Shutting down and abandoning module AndroidDeviceDetection (555)
[2019.10.23-20.57.24:317][ 96]LogModuleManager: Shutting down and abandoning module WindowsPlatformEditor (552)
[2019.10.23-20.57.24:317][ 96]LogModuleManager: Shutting down and abandoning module LuminRuntimeSettings (550)
[2019.10.23-20.57.24:317][ 96]LogModuleManager: Shutting down and abandoning module IOSRuntimeSettings (548)
[2019.10.23-20.57.24:317][ 96]LogModuleManager: Shutting down and abandoning module AndroidRuntimeSettings (546)
[2019.10.23-20.57.24:317][ 96]LogModuleManager: Shutting down and abandoning module TimeManagementEditor (544)
[2019.10.23-20.57.24:317][ 96]LogModuleManager: Shutting down and abandoning module InputBindingEditor (542)
[2019.10.23-20.57.24:318][ 96]LogModuleManager: Shutting down and abandoning module MergeActors (540)
[2019.10.23-20.57.24:321][ 96]LogModuleManager: Shutting down and abandoning module LocalizationDashboard (538)
[2019.10.23-20.57.24:322][ 96]LogModuleManager: Shutting down and abandoning module LocalizationService (537)
[2019.10.23-20.57.24:323][ 96]LogModuleManager: Shutting down and abandoning module HardwareTargeting (534)
[2019.10.23-20.57.24:323][ 96]LogModuleManager: Shutting down and abandoning module DeviceProfileEditor (532)
[2019.10.23-20.57.24:324][ 96]LogModuleManager: Shutting down and abandoning module UndoHistory (530)
[2019.10.23-20.57.24:325][ 96]LogModuleManager: Shutting down and abandoning module XmlParser (528)
[2019.10.23-20.57.24:325][ 96]LogModuleManager: Shutting down and abandoning module Blutility (526)
[2019.10.23-20.57.24:325][ 96]LogModuleManager: Shutting down and abandoning module ProjectSettingsViewer (524)
[2019.10.23-20.57.24:325][ 96]LogModuleManager: Shutting down and abandoning module ProjectTargetPlatformEditor (523)
[2019.10.23-20.57.24:326][ 96]LogModuleManager: Shutting down and abandoning module EditorSettingsViewer (520)
[2019.10.23-20.57.24:326][ 96]LogModuleManager: Shutting down and abandoning module SettingsEditor (518)
[2019.10.23-20.57.24:330][ 96]LogModuleManager: Shutting down and abandoning module ProjectLauncher (516)
[2019.10.23-20.57.24:331][ 96]LogModuleManager: Shutting down and abandoning module SessionFrontend (514)
[2019.10.23-20.57.24:331][ 96]LogModuleManager: Shutting down and abandoning module ProfilerClient (512)
[2019.10.23-20.57.24:332][ 96]LogModuleManager: Shutting down and abandoning module DeviceManager (510)
[2019.10.23-20.57.24:333][ 96]LogModuleManager: Shutting down and abandoning module TargetDeviceServices (509)
[2019.10.23-20.57.24:377][ 96]LogModuleManager: Shutting down and abandoning module AutomationController (506)
[2019.10.23-20.57.24:379][ 96]LogModuleManager: Shutting down and abandoning module AutomationWindow (504)
[2019.10.23-20.57.24:381][ 96]LogModuleManager: Shutting down and abandoning module Layers (502)
[2019.10.23-20.57.24:384][ 96]LogModuleManager: Shutting down and abandoning module ComponentVisualizers (500)
[2019.10.23-20.57.24:384][ 96]LogModuleManager: Shutting down and abandoning module DetailCustomizations (498)
[2019.10.23-20.57.24:384][ 96]LogModuleManager: Shutting down and abandoning module PackagesDialog (496)
[2019.10.23-20.57.24:385][ 96]LogModuleManager: Shutting down and abandoning module AnimationBlueprintEditor (494)
[2019.10.23-20.57.24:387][ 96]LogModuleManager: Shutting down and abandoning module Persona (492)
[2019.10.23-20.57.24:388][ 96]LogModuleManager: Shutting down and abandoning module AdvancedPreviewScene (491)
[2019.10.23-20.57.24:389][ 96]LogModuleManager: Shutting down and abandoning module AnimGraph (489)
[2019.10.23-20.57.24:389][ 96]LogModuleManager: Shutting down and abandoning module Kismet (486)
[2019.10.23-20.57.24:398][ 96]LogModuleManager: Shutting down and abandoning module KismetWidgets (485)
[2019.10.23-20.57.24:398][ 96]LogModuleManager: Shutting down and abandoning module GraphEditor (482)
[2019.10.23-20.57.24:399][ 96]LogModuleManager: Shutting down and abandoning module StructViewer (480)
[2019.10.23-20.57.24:399][ 96]LogModuleManager: Shutting down and abandoning module ClassViewer (478)
[2019.10.23-20.57.24:399][ 96]LogModuleManager: Shutting down and abandoning module Toolbox (476)
[2019.10.23-20.57.24:399][ 96]LogModuleManager: Shutting down and abandoning module ModuleUI (474)
[2019.10.23-20.57.24:399][ 96]LogModuleManager: Shutting down and abandoning module MovieSceneTools (472)
[2019.10.23-20.57.24:400][ 96]LogModuleManager: Shutting down and abandoning module OutputLog (470)
[2019.10.23-20.57.24:400][ 96]LogModuleManager: Shutting down and abandoning module GammaUI (468)
[2019.10.23-20.57.24:401][ 96]LogModuleManager: Shutting down and abandoning module Documentation (466)
[2019.10.23-20.57.24:401][ 96]LogModuleManager: Shutting down and abandoning module LiveCoding (464)
[2019.10.23-20.57.24:402][ 96]LogModuleManager: Shutting down and abandoning module LevelSequence (462)
[2019.10.23-20.57.24:402][ 96]LogModuleManager: Shutting down and abandoning module MovieSceneTracks (460)
[2019.10.23-20.57.24:402][ 96]LogModuleManager: Shutting down and abandoning module MovieScene (458)
[2019.10.23-20.57.24:402][ 96]LogModuleManager: Shutting down and abandoning module StreamingPauseRendering (456)
[2019.10.23-20.57.24:402][ 96]LogModuleManager: Shutting down and abandoning module LauncherPlatform (454)
[2019.10.23-20.57.24:402][ 96]LogModuleManager: Shutting down and abandoning module AnalyticsET (452)
[2019.10.23-20.57.24:403][ 96]LogModuleManager: Shutting down and abandoning module PortalServices (450)
[2019.10.23-20.57.24:403][ 96]LogModuleManager: Shutting down and abandoning module PortalRpc (448)
[2019.10.23-20.57.24:403][ 96]LogModuleManager: Shutting down and abandoning module MessagingRpc (446)
[2019.10.23-20.57.24:403][ 96]LogModuleManager: Shutting down and abandoning module AIModule (444)
[2019.10.23-20.57.24:403][ 96]LogModuleManager: Shutting down and abandoning module GameplayDebugger (443)
[2019.10.23-20.57.24:404][ 96]LogModuleManager: Shutting down and abandoning module AITestSuite (441)
[2019.10.23-20.57.24:404][ 96]LogModuleManager: Shutting down and abandoning module NavigationSystem (439)
[2019.10.23-20.57.24:404][ 96]LogModuleManager: Shutting down and abandoning module DesktopPlatform (436)
[2019.10.23-20.57.24:404][ 96]LogModuleManager: Shutting down and abandoning module ImageWriteQueue (434)
[2019.10.23-20.57.24:407][ 96]LogModuleManager: Shutting down and abandoning module ProfilerService (432)
[2019.10.23-20.57.24:560][ 96]LogModuleManager: Shutting down and abandoning module TaskGraph (430)
[2019.10.23-20.57.24:561][ 96]LogModuleManager: Shutting down and abandoning module ScreenshotTools (428)
[2019.10.23-20.57.24:561][ 96]LogModuleManager: Shutting down and abandoning module SteamVRController (426)
[2019.10.23-20.57.24:561][ 96]LogModuleManager: Shutting down and abandoning module ProceduralMeshComponentEditor (424)
[2019.10.23-20.57.24:561][ 96]LogModuleManager: Shutting down and abandoning module ProceduralMeshComponent (422)
[2019.10.23-20.57.24:562][ 96]LogModuleManager: Shutting down and abandoning module OculusEditor (420)
[2019.10.23-20.57.24:562][ 96]LogModuleManager: Shutting down and abandoning module OculusInput (418)
[2019.10.23-20.57.24:562][ 96]LogModuleManager: Shutting down and abandoning module MobilePatchingUtils (416)
[2019.10.23-20.57.24:562][ 96]LogModuleManager: Shutting down and abandoning module EditableMesh (414)
[2019.10.23-20.57.24:562][ 96]LogModuleManager: Shutting down and abandoning module CustomMeshComponent (412)
[2019.10.23-20.57.24:562][ 96]LogModuleManager: Shutting down and abandoning module CableComponent (410)
[2019.10.23-20.57.24:562][ 96]LogModuleManager: Shutting down and abandoning module AudioCapture (408)
[2019.10.23-20.57.24:562][ 96]LogModuleManager: Shutting down and abandoning module ArchVisCharacter (406)
[2019.10.23-20.57.24:562][ 96]LogModuleManager: Shutting down and abandoning module AppleImageUtilsBlueprintSupport (404)
[2019.10.23-20.57.24:562][ 96]LogModuleManager: Shutting down and abandoning module AppleImageUtils (402)
[2019.10.23-20.57.24:562][ 96]LogModuleManager: Shutting down and abandoning module AndroidPermission (400)
[2019.10.23-20.57.24:562][ 96]LogModuleManager: Shutting down and abandoning module NUTUnrealEngine4 (396)
[2019.10.23-20.57.24:562][ 96]LogModuleManager: Shutting down and abandoning module NetcodeUnitTest (394)
[2019.10.23-20.57.24:563][ 96]LogModuleManager: Shutting down and abandoning module MediaCompositing (392)
[2019.10.23-20.57.24:563][ 96]LogModuleManager: Shutting down and abandoning module ImgMedia (390)
[2019.10.23-20.57.24:564][ 96]LogModuleManager: Shutting down and abandoning module MagicLeapHelperVulkan (388)
[2019.10.23-20.57.24:564][ 96]LogModuleManager: Shutting down and abandoning module MagicLeapHelperOpenGL (386)
[2019.10.23-20.57.24:564][ 96]LogModuleManager: Shutting down and abandoning module MagicLeapAudio (384)
[2019.10.23-20.57.24:564][ 96]LogModuleManager: Shutting down and abandoning module HTML5Networking (382)
[2019.10.23-20.57.24:564][ 96]LogModuleManager: Shutting down and abandoning module GeometryCacheTracks (380)
[2019.10.23-20.57.24:564][ 96]LogModuleManager: Shutting down and abandoning module GeometryCacheSequencer (378)
[2019.10.23-20.57.24:564][ 96]LogModuleManager: Shutting down and abandoning module BackChannel (376)
[2019.10.23-20.57.24:564][ 96]LogModuleManager: Shutting down and abandoning module AutomationUtilsEditor (374)
[2019.10.23-20.57.24:564][ 96]LogModuleManager: Shutting down and abandoning module AutomationUtils (372)
[2019.10.23-20.57.24:564][ 96]LogModuleManager: Shutting down and abandoning module AlembicImporter (370)
[2019.10.23-20.57.24:565][ 96]LogModuleManager: Shutting down and abandoning module AlembicLibrary (369)
[2019.10.23-20.57.24:565][ 96]LogModuleManager: Shutting down and abandoning module GeometryCache (368)
[2019.10.23-20.57.24:565][ 96]LogModuleManager: Shutting down and abandoning module GeometryCacheEd (367)
[2019.10.23-20.57.24:565][ 96]LogModuleManager: Shutting down and abandoning module VariantManagerContent (362)
[2019.10.23-20.57.24:565][ 96]LogModuleManager: Shutting down and abandoning module DatasmithContentEditor (360)
[2019.10.23-20.57.24:565][ 96]LogModuleManager: Shutting down and abandoning module SpeedTreeImporter (358)
[2019.10.23-20.57.24:565][ 96]LogModuleManager: Shutting down and abandoning module PluginBrowser (356)
[2019.10.23-20.57.24:566][ 96]LogModuleManager: Shutting down and abandoning module MobileLauncherProfileWizard (354)
[2019.10.23-20.57.24:567][ 96]LogModuleManager: Shutting down and abandoning module MaterialAnalyzer (352)
[2019.10.23-20.57.24:567][ 96]LogModuleManager: Shutting down and abandoning module CurveEditorTools (350)
[2019.10.23-20.57.24:567][ 96]LogModuleManager: Shutting down and abandoning module CurveEditor (349)
[2019.10.23-20.57.24:568][ 96]LogModuleManager: Shutting down and abandoning module CryptoKeysOpenSSL (346)
[2019.10.23-20.57.24:568][ 96]LogModuleManager: Shutting down and abandoning module CryptoKeys (344)
[2019.10.23-20.57.24:568][ 96]LogModuleManager: Shutting down and abandoning module VisualStudioSourceCodeAccess (342)
[2019.10.23-20.57.24:569][ 96]LogModuleManager: Shutting down and abandoning module VisualStudioCodeSourceCodeAccess (340)
[2019.10.23-20.57.24:569][ 96]LogModuleManager: Shutting down and abandoning module UObjectPlugin (338)
[2019.10.23-20.57.24:569][ 96]LogModuleManager: Shutting down and abandoning module SubversionSourceControl (336)
[2019.10.23-20.57.24:569][ 96]LogModuleManager: Shutting down and abandoning module PerforceSourceControl (334)
[2019.10.23-20.57.24:570][ 96]LogModuleManager: Shutting down and abandoning module GitSourceControl (332)
[2019.10.23-20.57.24:571][ 96]LogModuleManager: Shutting down and abandoning module SourceControl (331)
[2019.10.23-20.57.24:571][ 96]LogModuleManager: Shutting down and abandoning module CLionSourceCodeAccess (328)
[2019.10.23-20.57.24:571][ 96]LogModuleManager: Shutting down and abandoning module AnimationSharingEd (326)
[2019.10.23-20.57.24:571][ 96]LogModuleManager: Shutting down and abandoning module ActorLayerUtilitiesEditor (324)
[2019.10.23-20.57.24:571][ 96]LogModuleManager: Shutting down and abandoning module ActorLayerUtilities (322)
[2019.10.23-20.57.24:571][ 96]LogModuleManager: Shutting down and abandoning module LightPropagationVolumeEditor (320)
[2019.10.23-20.57.24:571][ 96]LogModuleManager: Shutting down and abandoning module PaperTiledImporter (318)
[2019.10.23-20.57.24:571][ 96]LogModuleManager: Shutting down and abandoning module PaperSpriteSheetImporter (316)
[2019.10.23-20.57.24:571][ 96]LogModuleManager: Shutting down and abandoning module Paper2DEditor (314)
[2019.10.23-20.57.24:573][ 96]LogModuleManager: Shutting down and abandoning module SignificanceManager (312)
[2019.10.23-20.57.24:573][ 96]LogModuleManager: Shutting down and abandoning module RuntimePhysXCooking (310)
[2019.10.23-20.57.24:573][ 96]LogModuleManager: Shutting down and abandoning module PhysXVehiclesEditor (308)
[2019.10.23-20.57.24:573][ 96]LogModuleManager: Shutting down and abandoning module LocationServicesBPLibrary (304)
[2019.10.23-20.57.24:573][ 96]LogModuleManager: Shutting down and abandoning module ActorSequence (302)
[2019.10.23-20.57.24:573][ 96]LogModuleManager: Shutting down and abandoning module UdpMessaging (300)
[2019.10.23-20.57.24:674][ 96]LogModuleManager: Shutting down and abandoning module TcpMessaging (298)
[2019.10.23-20.57.24:775][ 96]LogModuleManager: Shutting down and abandoning module MagicLeapIdentity (296)
[2019.10.23-20.57.24:775][ 96]LogModuleManager: Shutting down and abandoning module MagicLeapSecureStorage (294)
[2019.10.23-20.57.24:775][ 96]LogModuleManager: Shutting down and abandoning module MagicLeapHandTracking (292)
[2019.10.23-20.57.24:776][ 96]LogModuleManager: Shutting down and abandoning module MagicLeapEyeTracker (290)
[2019.10.23-20.57.24:776][ 96]LogModuleManager: Shutting down and abandoning module MagicLeapController (288)
[2019.10.23-20.57.24:776][ 96]LogSlate: Slate User Destroyed.  User Index 0, Is Virtual User: 0
[2019.10.23-20.57.24:776][ 96]LogModuleManager: Shutting down and abandoning module MagicLeapAR (286)
[2019.10.23-20.57.24:776][ 96]LogModuleManager: Shutting down and abandoning module AugmentedReality (285)
[2019.10.23-20.57.24:776][ 96]LogModuleManager: Shutting down and abandoning module GameplayTagsEditor (282)
[2019.10.23-20.57.24:776][ 96]LogModuleManager: Shutting down and abandoning module FacialAnimationEditor (280)
[2019.10.23-20.57.24:776][ 96]LogModuleManager: Shutting down and abandoning module FacialAnimation (278)
[2019.10.23-20.57.24:776][ 96]LogModuleManager: Shutting down and abandoning module DataValidation (276)
[2019.10.23-20.57.24:776][ 96]LogModuleManager: Shutting down and abandoning module AssetManagerEditor (274)
[2019.10.23-20.57.24:778][ 96]LogModuleManager: Shutting down and abandoning module LevelEditor (273)
[2019.10.23-20.57.24:779][ 96]LogModuleManager: Shutting down and abandoning module PixelInspectorModule (272)
[2019.10.23-20.57.24:779][ 96]LogModuleManager: Shutting down and abandoning module CommonMenuExtensions (270)
[2019.10.23-20.57.24:779][ 96]LogModuleManager: Shutting down and abandoning module MainFrame (268)
[2019.10.23-20.57.24:779][ 96]LogModuleManager: Shutting down and abandoning module HotReload (267)
[2019.10.23-20.57.24:780][ 96]LogModuleManager: Shutting down and abandoning module ContentBrowser (263)
[2019.10.23-20.57.24:781][ 96]LogModuleManager: Shutting down and abandoning module TreeMap (261)
[2019.10.23-20.57.24:781][ 96]LogModuleManager: Shutting down and abandoning module AnimationSharing (258)
[2019.10.23-20.57.24:781][ 96]LogModuleManager: Shutting down and abandoning module LightPropagationVolumeRuntime (256)
[2019.10.23-20.57.24:781][ 96]LogModuleManager: Shutting down and abandoning module Paper2D (254)
[2019.10.23-20.57.24:782][ 96]LogModuleManager: Shutting down and abandoning module WindowsMoviePlayer (252)
[2019.10.23-20.57.24:783][ 96]LogModuleManager: Shutting down and abandoning module WebMMoviePlayer (250)
[2019.10.23-20.57.24:783][ 96]LogModuleManager: Shutting down and abandoning module NetworkReplayStreaming (248)
[2019.10.23-20.57.24:783][ 96]LogModuleManager: Shutting down and abandoning module PacketHandler (246)
[2019.10.23-20.57.24:783][ 96]LogModuleManager: Shutting down and abandoning module ClothingSystemEditor (244)
[2019.10.23-20.57.24:783][ 96]LogModuleManager: Shutting down and abandoning module ClothingSystemRuntime (242)
[2019.10.23-20.57.24:784][ 96]LogModuleManager: Shutting down and abandoning module MediaAssets (240)
[2019.10.23-20.57.24:784][ 96]LogModuleManager: Shutting down and abandoning module Overlay (238)
[2019.10.23-20.57.24:784][ 96]LogModuleManager: Shutting down and abandoning module OverlayEditor (237)
[2019.10.23-20.57.24:784][ 96]LogModuleManager: Shutting down and abandoning module VREditor (234)
[2019.10.23-20.57.24:784][ 96]LogModuleManager: Shutting down and abandoning module StringTableEditor (232)
[2019.10.23-20.57.24:785][ 96]LogModuleManager: Shutting down and abandoning module GameplayTasksEditor (230)
[2019.10.23-20.57.24:785][ 96]LogModuleManager: Shutting down and abandoning module BehaviorTreeEditor (228)
[2019.10.23-20.57.24:786][ 96]LogModuleManager: Shutting down and abandoning module FunctionalTesting (226)
[2019.10.23-20.57.24:787][ 96]LogModuleManager: Shutting down and abandoning module CollisionAnalyzer (224)
[2019.10.23-20.57.24:788][ 96]LogModuleManager: Shutting down and abandoning module WorkspaceMenuStructure (223)
[2019.10.23-20.57.24:788][ 96]LogModuleManager: Shutting down and abandoning module UMG (220)
[2019.10.23-20.57.24:788][ 96]LogModuleManager: Shutting down and abandoning module UMGEditor (219)
[2019.10.23-20.57.24:788][ 96]LogModuleManager: Shutting down and abandoning module Sequencer (218)
[2019.10.23-20.57.24:790][ 96]LogModuleManager: Shutting down and abandoning module MessageLog (215)
[2019.10.23-20.57.24:790][ 96]LogModuleManager: Shutting down and abandoning module SlateReflector (210)
[2019.10.23-20.57.24:793][ 96]LogModuleManager: Shutting down and abandoning module Slate (208)
[2019.10.23-20.57.24:793][ 96]LogModuleManager: Shutting down and abandoning module LandscapeEditorUtilities (206)
[2019.10.23-20.57.24:793][ 96]LogModuleManager: Shutting down and abandoning module EditorStyle (204)
[2019.10.23-20.57.24:794][ 96]LogModuleManager: Shutting down and abandoning module UnrealEd (202)
[2019.10.23-20.57.24:794][ 96]LogModuleManager: Shutting down and abandoning module MRMesh (200)
[2019.10.23-20.57.24:794][ 96]LogModuleManager: Shutting down and abandoning module SourceCodeAccess (198)
[2019.10.23-20.57.24:794][ 96]LogModuleManager: Shutting down and abandoning module HeadMountedDisplay (196)
[2019.10.23-20.57.24:794][ 96]LogModuleManager: Shutting down and abandoning module XAudio2 (194)
[2019.10.23-20.57.24:794][ 96]LogModuleManager: Shutting down and abandoning module Networking (192)
[2019.10.23-20.57.24:794][ 96]LogModuleManager: Shutting down and abandoning module Core (190)
[2019.10.23-20.57.24:794][ 96]LogModuleManager: Shutting down and abandoning module KismetCompiler (188)
[2019.10.23-20.57.24:794][ 96]LogModuleManager: Shutting down and abandoning module MeshUtilities (186)
[2019.10.23-20.57.24:794][ 96]LogModuleManager: Shutting down and abandoning module MeshMergeUtilities (185)
[2019.10.23-20.57.24:795][ 96]LogModuleManager: Shutting down and abandoning module MeshReductionInterface (184)
[2019.10.23-20.57.24:795][ 96]LogModuleManager: Shutting down and abandoning module SkeletalMeshReduction (183)
[2019.10.23-20.57.24:795][ 96]LogModuleManager: Shutting down and abandoning module ProxyLODMeshReduction (181)
[2019.10.23-20.57.24:796][ 96]LogModuleManager: Shutting down and abandoning module QuadricMeshReduction (179)
[2019.10.23-20.57.24:796][ 96]LogModuleManager: Shutting down and abandoning module MaterialBaking (175)
[2019.10.23-20.57.24:797][ 96]LogModuleManager: Shutting down and abandoning module NullInstallBundleManager (170)
[2019.10.23-20.57.24:797][ 96]LogModuleManager: Shutting down and abandoning module DerivedDataCache (168)
[2019.10.23-20.57.24:817][ 96]LogDerivedDataCache: Shutdown
[2019.10.23-20.57.24:817][ 96]LogModuleManager: Shutting down and abandoning module XGEController (166)
[2019.10.23-20.57.24:818][ 96]LogModuleManager: Shutting down and abandoning module TargetPlatform (164)
[2019.10.23-20.57.24:818][ 96]LogModuleManager: Shutting down and abandoning module VulkanShaderFormat (163)
[2019.10.23-20.57.24:818][ 96]LogModuleManager: Shutting down and abandoning module ShaderFormatVectorVM (161)
[2019.10.23-20.57.24:819][ 96]LogModuleManager: Shutting down and abandoning module ShaderFormatOpenGL (159)
[2019.10.23-20.57.24:819][ 96]LogModuleManager: Shutting down and abandoning module ShaderFormatD3D (157)
[2019.10.23-20.57.24:819][ 96]LogModuleManager: Shutting down and abandoning module MetalShaderFormat (155)
[2019.10.23-20.57.24:820][ 96]LogModuleManager: Shutting down and abandoning module TextureFormatUncompressed (153)
[2019.10.23-20.57.24:820][ 96]LogModuleManager: Shutting down and abandoning module TextureFormatPVR (151)
[2019.10.23-20.57.24:820][ 96]LogModuleManager: Shutting down and abandoning module TextureFormatDXT (149)
[2019.10.23-20.57.24:820][ 96]LogModuleManager: Shutting down and abandoning module TextureFormatIntelISPCTexComp (147)
[2019.10.23-20.57.24:820][ 96]LogModuleManager: Shutting down and abandoning module TextureFormatASTC (145)
[2019.10.23-20.57.24:820][ 96]LogModuleManager: Shutting down and abandoning module ImageWrapper (144)
[2019.10.23-20.57.24:820][ 96]LogModuleManager: Shutting down and abandoning module TextureFormatAndroid (141)
[2019.10.23-20.57.24:821][ 96]LogModuleManager: Shutting down and abandoning module AudioFormatOpus (139)
[2019.10.23-20.57.24:821][ 96]LogModuleManager: Shutting down and abandoning module AudioFormatOgg (137)
[2019.10.23-20.57.24:821][ 96]LogModuleManager: Shutting down and abandoning module AudioFormatADPCM (135)
[2019.10.23-20.57.24:821][ 96]LogModuleManager: Shutting down and abandoning module LuminTargetPlatform (133)
[2019.10.23-20.57.24:822][ 96]LogModuleManager: Shutting down and abandoning module LinuxTargetPlatform (131)
[2019.10.23-20.57.24:822][ 96]LogModuleManager: Shutting down and abandoning module LinuxServerTargetPlatform (129)
[2019.10.23-20.57.24:822][ 96]LogModuleManager: Shutting down and abandoning module LinuxNoEditorTargetPlatform (127)
[2019.10.23-20.57.24:823][ 96]LogModuleManager: Shutting down and abandoning module LinuxClientTargetPlatform (125)
[2019.10.23-20.57.24:823][ 96]LogModuleManager: Shutting down and abandoning module TVOSTargetPlatform (123)
[2019.10.23-20.57.24:824][ 96]LogModuleManager: Shutting down and abandoning module Messaging (121)
[2019.10.23-20.57.24:824][ 96]LogModuleManager: Shutting down and abandoning module IOSTargetPlatform (119)
[2019.10.23-20.57.24:824][ 96]LogModuleManager: Shutting down and abandoning module HTML5TargetPlatform (117)
[2019.10.23-20.57.24:824][ 96]LogModuleManager: Shutting down and abandoning module AndroidTargetPlatform (115)
[2019.10.23-20.57.24:829][ 96]LogModuleManager: Shutting down and abandoning module WindowsTargetPlatform (113)
[2019.10.23-20.57.24:829][ 96]LogModuleManager: Shutting down and abandoning module WindowsServerTargetPlatform (111)
[2019.10.23-20.57.24:829][ 96]LogModuleManager: Shutting down and abandoning module WindowsNoEditorTargetPlatform (109)
[2019.10.23-20.57.24:829][ 96]LogModuleManager: Shutting down and abandoning module WindowsClientTargetPlatform (107)
[2019.10.23-20.57.24:829][ 96]LogModuleManager: Shutting down and abandoning module MacTargetPlatform (105)
[2019.10.23-20.57.24:829][ 96]LogModuleManager: Shutting down and abandoning module MacServerTargetPlatform (103)
[2019.10.23-20.57.24:829][ 96]LogModuleManager: Shutting down and abandoning module MacNoEditorTargetPlatform (101)
[2019.10.23-20.57.24:829][ 96]LogModuleManager: Shutting down and abandoning module MacClientTargetPlatform (99)
[2019.10.23-20.57.24:829][ 96]LogModuleManager: Shutting down and abandoning module AllDesktopTargetPlatform (97)
[2019.10.23-20.57.24:829][ 96]LogModuleManager: Shutting down and abandoning module InputCore (94)
[2019.10.23-20.57.24:829][ 96]LogModuleManager: Shutting down and abandoning module Settings (92)
[2019.10.23-20.57.24:829][ 96]LogModuleManager: Shutting down and abandoning module DirectoryWatcher (90)
[2019.10.23-20.57.24:829][ 96]LogModuleManager: Shutting down and abandoning module PhysXCooking (88)
[2019.10.23-20.57.24:829][ 96]LogModuleManager: Shutting down and abandoning module WindowsPlatformFeatures (86)
[2019.10.23-20.57.24:829][ 96]LogModuleManager: Shutting down and abandoning module GameplayMediaEncoder (85)
[2019.10.23-20.57.24:830][ 96]LogModuleManager: Shutting down and abandoning module SteamVR (82)
[2019.10.23-20.57.24:830][ 96]LogHMD: Freeing OpenVRDLLHandle.
[2019.10.23-20.57.24:830][ 96]LogModuleManager: Shutting down and abandoning module OculusHMD (80)
[2019.10.23-20.57.24:830][ 96]LogModuleManager: Shutting down and abandoning module OculusAudio (78)
[2019.10.23-20.57.24:832][ 96]LogModuleManager: Shutting down and abandoning module ExampleDeviceProfileSelector (76)
[2019.10.23-20.57.24:832][ 96]LogModuleManager: Shutting down and abandoning module LauncherChunkInstaller (74)
[2019.10.23-20.57.24:832][ 96]LogModuleManager: Shutting down and abandoning module OnlineBlueprintSupport (72)
[2019.10.23-20.57.24:832][ 96]LogModuleManager: Shutting down and abandoning module OnlineSubsystem (68)
[2019.10.23-20.57.24:837][ 96]LogOnline: Oculus: Oculus Shutdown!
[2019.10.23-20.57.24:837][ 96]LogModuleManager: Shutting down and abandoning module XMPP (61)
[2019.10.23-20.57.24:838][ 96]LogModuleManager: Shutting down and abandoning module WebSockets (60)
[2019.10.23-20.57.24:874][ 96]LogModuleManager: Shutting down and abandoning module HTTP (57)
[2019.10.23-20.57.24:874][ 96]LogHttp: Display: Http module shutting down, but needs to wait on 1 outstanding Http requests:
[2019.10.23-20.57.24:874][ 96]LogHttp: Display: 	verb=[POST] url=[https://datarouter.ol.epicgames.com/datarouter/api/v1/public/data?SessionID=%7BD7C18294-4BDD-505F-81E2-BF8AE739EB1D%7D&AppID=UEEditor.Rocket.Release&AppVersion=4.23.0-8386587%2B%2B%2BUE4%2BRelease-4.23&UserID=07c048b94f936d25b3005e9952a434ba%7Cf3a40dc7e2ab436389565a81fce8965f%7Caba7156b-130e-491c-8c2d-9021e5f6c70f&AppEnvironment=datacollector-binary&UploadType=eteventstream] status=Processing
[2019.10.23-20.57.24:905][ 96]LogModuleManager: Shutting down and abandoning module SSL (56)
[2019.10.23-20.57.24:906][ 96]LogModuleManager: Shutting down and abandoning module WmfMedia (52)
[2019.10.23-20.57.24:909][ 96]LogModuleManager: Shutting down and abandoning module Media (51)
[2019.10.23-20.57.24:910][ 96]LogModuleManager: Shutting down and abandoning module MagicLeap (48)
[2019.10.23-20.57.24:910][ 96]LogModuleManager: Shutting down and abandoning module DatasmithContent (46)
[2019.10.23-20.57.24:910][ 96]LogModuleManager: Shutting down and abandoning module AISupportModule (44)
[2019.10.23-20.57.24:910][ 96]LogModuleManager: Shutting down and abandoning module PlatformCryptoOpenSSL (42)
[2019.10.23-20.57.24:911][ 96]LogModuleManager: Shutting down and abandoning module PlatformCrypto (40)
[2019.10.23-20.57.24:911][ 96]LogModuleManager: Shutting down and abandoning module AnimationModifiers (38)
[2019.10.23-20.57.24:911][ 96]LogModuleManager: Shutting down and abandoning module PropertyEditor (37)
[2019.10.23-20.57.24:911][ 96]LogModuleManager: Shutting down and abandoning module AudioEditor (34)
[2019.10.23-20.57.24:913][ 96]LogModuleManager: Shutting down and abandoning module TextureCompressor (32)
[2019.10.23-20.57.24:914][ 96]LogModuleManager: Shutting down and abandoning module RenderCore (30)
[2019.10.23-20.57.24:914][ 96]LogModuleManager: Shutting down and abandoning module Landscape (28)
[2019.10.23-20.57.24:914][ 96]LogModuleManager: Shutting down and abandoning module SlateRHIRenderer (26)
[2019.10.23-20.57.24:914][ 96]LogModuleManager: Shutting down and abandoning module OpenGLDrv (24)
[2019.10.23-20.57.24:915][ 96]LogModuleManager: Shutting down and abandoning module D3D11RHI (22)
[2019.10.23-20.57.24:915][ 96]LogModuleManager: Shutting down and abandoning module AnimGraphRuntime (20)
[2019.10.23-20.57.24:915][ 96]LogModuleManager: Shutting down and abandoning module Renderer (18)
[2019.10.23-20.57.24:916][ 96]LogModuleManager: Shutting down and abandoning module Engine (16)
[2019.10.23-20.57.24:916][ 96]LogModuleManager: Shutting down and abandoning module CoreUObject (14)
[2019.10.23-20.57.24:916][ 96]LogModuleManager: Shutting down and abandoning module NetworkFile (12)
[2019.10.23-20.57.24:916][ 96]LogModuleManager: Shutting down and abandoning module CookedIterativeFile (10)
[2019.10.23-20.57.24:916][ 96]LogModuleManager: Shutting down and abandoning module StreamingFile (8)
[2019.10.23-20.57.24:916][ 96]LogModuleManager: Shutting down and abandoning module SandboxFile (6)
[2019.10.23-20.57.24:916][ 96]LogModuleManager: Shutting down and abandoning module PakFile (4)
[2019.10.23-20.57.24:916][ 96]LogModuleManager: Shutting down and abandoning module RSA (3)
[2019.10.23-20.57.24:918][ 96]LogD3D11RHI: Shutdown
[2019.10.23-20.57.24:918][ 96]LogD3D11RHI: CleanupD3DDevice
[2019.10.23-20.57.24:921][ 96]LogRendererCore: FGlobalDynamicReadBuffer::Cleanup()
[2019.10.23-20.57.24:922][ 96]LogRendererCore: FGlobalDynamicReadBuffer::Cleanup()
[2019.10.23-20.57.24:922][ 96]LogRendererCore: FGlobalDynamicReadBuffer::Cleanup()
[2019.10.23-20.57.24:953][ 96]LogD3D11RHI: [IntelMetricsDiscovery] Stopped
[2019.10.23-20.57.25:130][ 96]LogD3D11RHI: ~FD3D11DynamicRHI
[2019.10.23-20.57.25:137][ 96]LogExit: Exiting.
[2019.10.23-20.57.25:143][ 96]Log file closed, 10/23/19 16:57:25
