Log file open, 10/23/19 17:12:20
LogWindows: Failed to load 'aqProf.dll' (GetLastError=126)
LogWindows: File 'aqProf.dll' does not exist
LogWindows: Failed to load 'VtuneApi.dll' (GetLastError=126)
LogWindows: File 'VtuneApi.dll' does not exist
LogWindows: Failed to load 'VtuneApi32e.dll' (GetLastError=126)
LogWindows: File 'VtuneApi32e.dll' does not exist
LogConsoleResponse: Display: Failed to find resolution value strings in scalability ini. Falling back to default.
LogInit: Display: Running engine for game: VRHCR
LogPlatformFile: Not using cached read wrapper
LogTaskGraph: Started task graph with 5 named threads and 23 total threads with 3 sets of task threads.
LogStats: Stats thread started at 0.128170
LogD3D11RHI: Loaded GFSDK_Aftermath_Lib.x64.dll
LogICUInternationalization: ICU TimeZone Detection - Raw Offset: -5:00, Platform Override: ''
LogPluginManager: Mounting plugin Paper2D
LogPluginManager: Mounting plugin AISupport
LogPluginManager: Mounting plugin LightPropagationVolume
LogPluginManager: Mounting plugin ActorLayerUtilities
LogPluginManager: Mounting plugin AnimationSharing
LogPluginManager: Mounting plugin CLionSourceCodeAccess
LogPluginManager: Mounting plugin CodeLiteSourceCodeAccess
LogPluginManager: Mounting plugin GitSourceControl
LogPluginManager: Mounting plugin KDevelopSourceCodeAccess
LogPluginManager: Mounting plugin NullSourceCodeAccess
LogPluginManager: Mounting plugin PerforceSourceControl
LogPluginManager: Mounting plugin SubversionSourceControl
LogPluginManager: Mounting plugin UObjectPlugin
LogPluginManager: Mounting plugin VisualStudioCodeSourceCodeAccess
LogPluginManager: Mounting plugin VisualStudioSourceCodeAccess
LogPluginManager: Mounting plugin XCodeSourceCodeAccess
LogPluginManager: Mounting plugin AssetManagerEditor
LogPluginManager: Mounting plugin CryptoKeys
LogPluginManager: Mounting plugin CurveEditorTools
LogPluginManager: Mounting plugin DataValidation
LogPluginManager: Mounting plugin FacialAnimation
LogPluginManager: Mounting plugin GameplayTagsEditor
LogPluginManager: Mounting plugin MacGraphicsSwitching
LogPluginManager: Mounting plugin MaterialAnalyzer
LogPluginManager: Mounting plugin MobileLauncherProfileWizard
LogPluginManager: Mounting plugin PluginBrowser
LogPluginManager: Mounting plugin SpeedTreeImporter
LogPluginManager: Mounting plugin DatasmithContent
LogPluginManager: Mounting plugin VariantManagerContent
LogPluginManager: Mounting plugin AlembicImporter
LogPluginManager: Mounting plugin AutomationUtils
LogPluginManager: Mounting plugin BackChannel
LogPluginManager: Mounting plugin CharacterAI
LogPluginManager: Mounting plugin GeometryCache
LogPluginManager: Mounting plugin HTML5Networking
LogPluginManager: Mounting plugin PlatformCrypto
LogPluginManager: Mounting plugin ProxyLODPlugin
LogPluginManager: Mounting plugin SkeletalReduction
LogPluginManager: Mounting plugin MagicLeap
LogPluginManager: Mounting plugin MagicLeapMedia
LogPluginManager: Mounting plugin AndroidMedia
LogPluginManager: Mounting plugin AvfMedia
LogPluginManager: Mounting plugin ImgMedia
LogPluginManager: Mounting plugin MediaCompositing
LogPluginManager: Mounting plugin MediaPlayerEditor
LogPluginManager: Mounting plugin WebMMedia
LogPluginManager: Mounting plugin WmfMedia
LogPluginManager: Mounting plugin TcpMessaging
LogPluginManager: Mounting plugin UdpMessaging
LogPluginManager: Mounting plugin ActorSequence
LogPluginManager: Mounting plugin LevelSequenceEditor
LogPluginManager: Mounting plugin MatineeToLevelSequence
LogPluginManager: Mounting plugin NetcodeUnitTest
LogPluginManager: Mounting plugin NUTUnrealEngine4
LogPluginManager: Mounting plugin OnlineSubsystemGooglePlay
LogPluginManager: Mounting plugin OnlineSubsystemIOS
LogPluginManager: Mounting plugin OnlineSubsystem
LogPluginManager: Mounting plugin OnlineSubsystemNull
LogPluginManager: Mounting plugin OnlineSubsystemOculus
LogPluginManager: Mounting plugin OnlineSubsystemSteam
LogPluginManager: Mounting plugin OnlineSubsystemUtils
LogPluginManager: Mounting plugin LauncherChunkInstaller
LogPluginManager: Mounting plugin AndroidDeviceProfileSelector
LogPluginManager: Mounting plugin AndroidMoviePlayer
LogPluginManager: Mounting plugin AndroidPermission
LogPluginManager: Mounting plugin AppleImageUtils
LogPluginManager: Mounting plugin AppleMoviePlayer
LogPluginManager: Mounting plugin ArchVisCharacter
LogPluginManager: Mounting plugin AudioCapture
LogPluginManager: Mounting plugin CableComponent
LogPluginManager: Mounting plugin CustomMeshComponent
LogPluginManager: Mounting plugin EditableMesh
LogPluginManager: Mounting plugin ExampleDeviceProfileSelector
LogPluginManager: Mounting plugin GoogleCloudMessaging
LogPluginManager: Mounting plugin IOSDeviceProfileSelector
LogPluginManager: Mounting plugin LinuxDeviceProfileSelector
LogPluginManager: Mounting plugin LocationServicesBPLibrary
LogPluginManager: Mounting plugin MobilePatchingUtils
LogPluginManager: Mounting plugin OculusAudio
LogPluginManager: Mounting plugin OculusVR
LogPluginManager: Mounting plugin PhysXVehicles
LogPluginManager: Mounting plugin ProceduralMeshComponent
LogPluginManager: Mounting plugin RuntimePhysXCooking
LogPluginManager: Mounting plugin SignificanceManager
LogPluginManager: Mounting plugin SteamVR
LogPluginManager: Mounting plugin WebMMoviePlayer
LogPluginManager: Mounting plugin WindowsMoviePlayer
LogPluginManager: Mounting plugin ScreenshotTools
LogInit: Using libcurl 7.55.1-DEV
LogInit:  - built for x86_64-pc-win32
LogInit:  - supports SSL with OpenSSL/1.1.1
LogInit:  - supports HTTP deflate (compression) using libz 1.2.8
LogInit:  - other features:
LogInit:      CURL_VERSION_SSL
LogInit:      CURL_VERSION_LIBZ
LogInit:      CURL_VERSION_IPV6
LogInit:      CURL_VERSION_ASYNCHDNS
LogInit:      CURL_VERSION_LARGEFILE
LogInit:      CURL_VERSION_IDN
LogInit:  CurlRequestOptions (configurable via config and command line):
LogInit:  - bVerifyPeer = true  - Libcurl will verify peer certificate
LogInit:  - bUseHttpProxy = false  - Libcurl will NOT use HTTP proxy
LogInit:  - bDontReuseConnections = false  - Libcurl will reuse connections
LogInit:  - MaxHostConnections = 16  - Libcurl will limit the number of connections to a host
LogInit:  - LocalHostAddr = Default
LogInit:  - BufferSize = 65536
LogOnline: Display: STEAM: Loading Steam SDK 1.42
LogOnline: OSS: Creating online subsystem instance for: Steam
LogOnline: Display: STEAM: OnlineSubsystemSteam::Shutdown()
LogOnline: OSS: Unable to create OnlineSubsystem module Steam
LogOnline: OSS: Creating online subsystem instance for: NULL
LogInit: WinSock: version 1.1 (2.2), MaxSocks=32767, MaxUdp=65467
LogInit: Build: ++UE4+Release-4.23-CL-8386587
LogInit: Engine Version: 4.23.0-8386587+++UE4+Release-4.23
LogInit: Compatible Engine Version: 4.23.0-8386587+++UE4+Release-4.23
LogInit: Net CL: 8386587
LogInit: OS: Windows 10 (Release 1809) (), CPU: Intel(R) Core(TM) i5-8265U CPU @ 1.60GHz, GPU: Intel(R) UHD Graphics 620
LogInit: Compiled (64-bit): Aug 31 2019 02:04:44
LogInit: Compiled with Visual C++: 19.16.27030.01
LogInit: Build Configuration: Development
LogInit: Branch Name: ++UE4+Release-4.23
LogInit: Command Line: 
LogInit: Base Directory: C:/Program Files/Epic Games/UE_4.23/Engine/Binaries/Win64/
LogInit: Installed Engine Build: 1
LogDevObjectVersion: Number of dev versions registered: 23
LogDevObjectVersion:   Dev-Blueprints (B0D832E4-1F89-4F0D-ACCF-7EB736FD4AA2): 10
LogDevObjectVersion:   Dev-Build (E1C64328-A22C-4D53-A36C-8E866417BD8C): 0
LogDevObjectVersion:   Dev-Core (375EC13C-06E4-48FB-B500-84F0262A717E): 3
LogDevObjectVersion:   Dev-Editor (E4B068ED-F494-42E9-A231-DA0B2E46BB41): 34
LogDevObjectVersion:   Dev-Framework (CFFC743F-43B0-4480-9391-14DF171D2073): 35
LogDevObjectVersion:   Dev-Mobile (B02B49B5-BB20-44E9-A304-32B752E40360): 2
LogDevObjectVersion:   Dev-Networking (A4E4105C-59A1-49B5-A7C5-40C4547EDFEE): 0
LogDevObjectVersion:   Dev-Online (39C831C9-5AE6-47DC-9A44-9C173E1C8E7C): 0
LogDevObjectVersion:   Dev-Physics (78F01B33-EBEA-4F98-B9B4-84EACCB95AA2): 0
LogDevObjectVersion:   Dev-Platform (6631380F-2D4D-43E0-8009-CF276956A95A): 0
LogDevObjectVersion:   Dev-Rendering (12F88B9F-8875-4AFC-A67C-D90C383ABD29): 31
LogDevObjectVersion:   Dev-Sequencer (7B5AE74C-D270-4C10-A958-57980B212A5A): 11
LogDevObjectVersion:   Dev-VR (D7296918-1DD6-4BDD-9DE2-64A83CC13884): 2
LogDevObjectVersion:   Dev-LoadTimes (C2A15278-BFE7-4AFE-6C17-90FF531DF755): 1
LogDevObjectVersion:   Private-Geometry (6EACA3D4-40EC-4CC1-B786-8BED09428FC5): 3
LogDevObjectVersion:   Dev-AnimPhys (29E575DD-E0A3-4627-9D10-D276232CDCEA): 17
LogDevObjectVersion:   Dev-Anim (AF43A65D-7FD3-4947-9873-3E8ED9C1BB05): 2
LogDevObjectVersion:   Dev-ReflectionCapture (6B266CEC-1EC7-4B8F-A30B-E4D90942FC07): 1
LogDevObjectVersion:   Dev-Automation (0DF73D61-A23F-47EA-B727-89E90C41499A): 1
LogDevObjectVersion:   FortniteMain (601D1886-AC64-4F84-AA16-D3DE0DEAC7D6): 27
LogDevObjectVersion:   Dev-Enterprise (9DFFBCD6-494F-0158-E221-12823C92A888): 6
LogDevObjectVersion:   Dev-Niagara (F2AED0AC-9AFE-416F-8664-AA7FFA26D6FC): 1
LogDevObjectVersion:   Dev-Destruction (174F1F0B-B4C6-45A5-B13F-2EE8D0FB917D): 9
LogInit: Presizing for max 16777216 objects, including 0 objects not considered by GC, pre-allocating 0 bytes for permanent pool.
LogInit: Object subsystem initialized
LogConfig: Setting CVar [[con.DebugEarlyDefault:1]]
LogConfig: Setting CVar [[r.setres:1280x720]]
[2019.10.23-21.12.20:351][  0]LogConfig: Setting CVar [[r.VSync:0]]
[2019.10.23-21.12.20:351][  0]LogConfig: Setting CVar [[r.RHICmdBypass:0]]
[2019.10.23-21.12.20:351][  0]LogConfig: Applying CVar settings from Section [/Script/Engine.RendererSettings] File [C:/Users/hwils/Desktop/VR Test/Saved/Config/Windows/Engine.ini]
[2019.10.23-21.12.20:351][  0]LogConfig: Setting CVar [[r.GPUCrashDebugging:0]]
[2019.10.23-21.12.20:351][  0]LogConfig: Setting CVar [[r.DefaultFeature.AutoExposure:1]]
[2019.10.23-21.12.20:351][  0]LogConfig: Applying CVar settings from Section [/Script/Engine.RendererOverrideSettings] File [C:/Users/hwils/Desktop/VR Test/Saved/Config/Windows/Engine.ini]
[2019.10.23-21.12.20:351][  0]LogConfig: Applying CVar settings from Section [/Script/Engine.StreamingSettings] File [C:/Users/hwils/Desktop/VR Test/Saved/Config/Windows/Engine.ini]
[2019.10.23-21.12.20:351][  0]LogConfig: Setting CVar [[s.MinBulkDataSizeForAsyncLoading:131072]]
[2019.10.23-21.12.20:351][  0]LogConfig: Setting CVar [[s.AsyncLoadingThreadEnabled:0]]
[2019.10.23-21.12.20:351][  0]LogConfig: Setting CVar [[s.EventDrivenLoaderEnabled:1]]
[2019.10.23-21.12.20:351][  0]LogConfig: Setting CVar [[s.WarnIfTimeLimitExceeded:0]]
[2019.10.23-21.12.20:351][  0]LogConfig: Setting CVar [[s.TimeLimitExceededMultiplier:1.5]]
[2019.10.23-21.12.20:351][  0]LogConfig: Setting CVar [[s.TimeLimitExceededMinTime:0.005]]
[2019.10.23-21.12.20:351][  0]LogConfig: Setting CVar [[s.UseBackgroundLevelStreaming:0]]
[2019.10.23-21.12.20:351][  0]LogConfig: Setting CVar [[s.PriorityAsyncLoadingExtraTime:15.0]]
[2019.10.23-21.12.20:351][  0]LogConfig: Setting CVar [[s.LevelStreamingActorsUpdateTimeLimit:5.0]]
[2019.10.23-21.12.20:351][  0]LogConfig: Setting CVar [[s.PriorityLevelStreamingActorsUpdateExtraTime:5.0]]
[2019.10.23-21.12.20:351][  0]LogConfig: Setting CVar [[s.LevelStreamingComponentsRegistrationGranularity:10]]
[2019.10.23-21.12.20:351][  0]LogConfig: Setting CVar [[s.UnregisterComponentsTimeLimit:1.0]]
[2019.10.23-21.12.20:351][  0]LogConfig: Setting CVar [[s.LevelStreamingComponentsUnregistrationGranularity:5]]
[2019.10.23-21.12.20:351][  0]LogConfig: Applying CVar settings from Section [/Script/Engine.GarbageCollectionSettings] File [C:/Users/hwils/Desktop/VR Test/Saved/Config/Windows/Engine.ini]
[2019.10.23-21.12.20:351][  0]LogConfig: Setting CVar [[gc.MaxObjectsNotConsideredByGC:1]]
[2019.10.23-21.12.20:351][  0]LogConfig: Setting CVar [[gc.SizeOfPermanentObjectPool:0]]
[2019.10.23-21.12.20:351][  0]LogConfig: Setting CVar [[gc.FlushStreamingOnGC:0]]
[2019.10.23-21.12.20:351][  0]LogConfig: Setting CVar [[gc.NumRetriesBeforeForcingGC:10]]
[2019.10.23-21.12.20:351][  0]LogConfig: Setting CVar [[gc.AllowParallelGC:1]]
[2019.10.23-21.12.20:351][  0]LogConfig: Setting CVar [[gc.TimeBetweenPurgingPendingKillObjects:61.1]]
[2019.10.23-21.12.20:351][  0]LogConfig: Setting CVar [[gc.MaxObjectsInEditor:16777216]]
[2019.10.23-21.12.20:351][  0]LogConfig: Setting CVar [[gc.IncrementalBeginDestroyEnabled:1]]
[2019.10.23-21.12.20:351][  0]LogConfig: Setting CVar [[gc.CreateGCClusters:1]]
[2019.10.23-21.12.20:351][  0]LogConfig: Setting CVar [[gc.MinGCClusterSize:5]]
[2019.10.23-21.12.20:351][  0]LogConfig: Setting CVar [[gc.ActorClusteringEnabled:0]]
[2019.10.23-21.12.20:351][  0]LogConfig: Setting CVar [[gc.BlueprintClusteringEnabled:0]]
[2019.10.23-21.12.20:351][  0]LogConfig: Setting CVar [[gc.UseDisregardForGCOnDedicatedServers:0]]
[2019.10.23-21.12.20:351][  0]LogConfig: Applying CVar settings from Section [/Script/Engine.NetworkSettings] File [C:/Users/hwils/Desktop/VR Test/Saved/Config/Windows/Engine.ini]
[2019.10.23-21.12.20:351][  0]LogConfig: Applying CVar settings from Section [/Script/UnrealEd.CookerSettings] File [C:/Users/hwils/Desktop/VR Test/Saved/Config/Windows/Engine.ini]
[2019.10.23-21.12.20:353][  0]LogConfig: Applying CVar settings from Section [ViewDistanceQuality@3] File [C:/Users/hwils/Desktop/VR Test/Saved/Config/Windows/Scalability.ini]
[2019.10.23-21.12.20:353][  0]LogConfig: Setting CVar [[r.SkeletalMeshLODBias:0]]
[2019.10.23-21.12.20:353][  0]LogConfig: Setting CVar [[r.ViewDistanceScale:1.0]]
[2019.10.23-21.12.20:353][  0]LogConfig: Applying CVar settings from Section [AntiAliasingQuality@3] File [C:/Users/hwils/Desktop/VR Test/Saved/Config/Windows/Scalability.ini]
[2019.10.23-21.12.20:353][  0]LogConfig: Setting CVar [[r.PostProcessAAQuality:4]]
[2019.10.23-21.12.20:353][  0]LogConfig: Applying CVar settings from Section [ShadowQuality@3] File [C:/Users/hwils/Desktop/VR Test/Saved/Config/Windows/Scalability.ini]
[2019.10.23-21.12.20:353][  0]LogConfig: Setting CVar [[r.LightFunctionQuality:1]]
[2019.10.23-21.12.20:353][  0]LogConfig: Setting CVar [[r.ShadowQuality:5]]
[2019.10.23-21.12.20:353][  0]LogConfig: Setting CVar [[r.Shadow.CSM.MaxCascades:10]]
[2019.10.23-21.12.20:353][  0]LogConfig: Setting CVar [[r.Shadow.MaxResolution:2048]]
[2019.10.23-21.12.20:353][  0]LogConfig: Setting CVar [[r.Shadow.MaxCSMResolution:2048]]
[2019.10.23-21.12.20:353][  0]LogConfig: Setting CVar [[r.Shadow.RadiusThreshold:0.01]]
[2019.10.23-21.12.20:353][  0]LogConfig: Setting CVar [[r.Shadow.DistanceScale:1.0]]
[2019.10.23-21.12.20:353][  0]LogConfig: Setting CVar [[r.Shadow.CSM.TransitionScale:1.0]]
[2019.10.23-21.12.20:353][  0]LogConfig: Setting CVar [[r.Shadow.PreShadowResolutionFactor:1.0]]
[2019.10.23-21.12.20:353][  0]LogConfig: Setting CVar [[r.DistanceFieldShadowing:1]]
[2019.10.23-21.12.20:353][  0]LogConfig: Setting CVar [[r.DistanceFieldAO:1]]
[2019.10.23-21.12.20:353][  0]LogConfig: Setting CVar [[r.AOQuality:2]]
[2019.10.23-21.12.20:353][  0]LogConfig: Setting CVar [[r.VolumetricFog:1]]
[2019.10.23-21.12.20:353][  0]LogConfig: Setting CVar [[r.VolumetricFog.GridPixelSize:8]]
[2019.10.23-21.12.20:353][  0]LogConfig: Setting CVar [[r.VolumetricFog.GridSizeZ:128]]
[2019.10.23-21.12.20:353][  0]LogConfig: Setting CVar [[r.VolumetricFog.HistoryMissSupersampleCount:4]]
[2019.10.23-21.12.20:353][  0]LogConfig: Setting CVar [[r.LightMaxDrawDistanceScale:1]]
[2019.10.23-21.12.20:353][  0]LogConfig: Setting CVar [[r.CapsuleShadows:1]]
[2019.10.23-21.12.20:353][  0]LogConfig: Applying CVar settings from Section [PostProcessQuality@3] File [C:/Users/hwils/Desktop/VR Test/Saved/Config/Windows/Scalability.ini]
[2019.10.23-21.12.20:353][  0]LogConfig: Setting CVar [[r.MotionBlurQuality:4]]
[2019.10.23-21.12.20:353][  0]LogConfig: Setting CVar [[r.AmbientOcclusionMipLevelFactor:0.4]]
[2019.10.23-21.12.20:353][  0]LogConfig: Setting CVar [[r.AmbientOcclusionMaxQuality:100]]
[2019.10.23-21.12.20:353][  0]LogConfig: Setting CVar [[r.AmbientOcclusionLevels:-1]]
[2019.10.23-21.12.20:353][  0]LogConfig: Setting CVar [[r.AmbientOcclusionRadiusScale:1.0]]
[2019.10.23-21.12.20:353][  0]LogConfig: Setting CVar [[r.DepthOfFieldQuality:2]]
[2019.10.23-21.12.20:354][  0]LogConfig: Setting CVar [[r.RenderTargetPoolMin:400]]
[2019.10.23-21.12.20:354][  0]LogConfig: Setting CVar [[r.LensFlareQuality:2]]
[2019.10.23-21.12.20:354][  0]LogConfig: Setting CVar [[r.SceneColorFringeQuality:1]]
[2019.10.23-21.12.20:354][  0]LogConfig: Setting CVar [[r.EyeAdaptationQuality:2]]
[2019.10.23-21.12.20:354][  0]LogConfig: Setting CVar [[r.BloomQuality:5]]
[2019.10.23-21.12.20:354][  0]LogConfig: Setting CVar [[r.FastBlurThreshold:100]]
[2019.10.23-21.12.20:354][  0]LogConfig: Setting CVar [[r.Upscale.Quality:3]]
[2019.10.23-21.12.20:354][  0]LogConfig: Setting CVar [[r.Tonemapper.GrainQuantization:1]]
[2019.10.23-21.12.20:354][  0]LogConfig: Setting CVar [[r.LightShaftQuality:1]]
[2019.10.23-21.12.20:354][  0]LogConfig: Setting CVar [[r.Filter.SizeScale:1]]
[2019.10.23-21.12.20:354][  0]LogConfig: Setting CVar [[r.Tonemapper.Quality:5]]
[2019.10.23-21.12.20:354][  0]LogConfig: Setting CVar [[r.DOF.Gather.AccumulatorQuality:1        ; higher gathering accumulator quality]]
[2019.10.23-21.12.20:354][  0]LogConfig: Setting CVar [[r.DOF.Gather.PostfilterMethod:1          ; Median3x3 postfilering method]]
[2019.10.23-21.12.20:354][  0]LogConfig: Setting CVar [[r.DOF.Gather.EnableBokehSettings:0       ; no bokeh simulation when gathering]]
[2019.10.23-21.12.20:354][  0]LogConfig: Setting CVar [[r.DOF.Gather.RingCount:4                 ; medium number of samples when gathering]]
[2019.10.23-21.12.20:354][  0]LogConfig: Setting CVar [[r.DOF.Scatter.ForegroundCompositing:1    ; additive foreground scattering]]
[2019.10.23-21.12.20:354][  0]LogConfig: Setting CVar [[r.DOF.Scatter.BackgroundCompositing:2    ; additive background scattering]]
[2019.10.23-21.12.20:354][  0]LogConfig: Setting CVar [[r.DOF.Scatter.EnableBokehSettings:1      ; bokeh simulation when scattering]]
[2019.10.23-21.12.20:354][  0]LogConfig: Setting CVar [[r.DOF.Scatter.MaxSpriteRatio:0.1         ; only a maximum of 10% of scattered bokeh]]
[2019.10.23-21.12.20:354][  0]LogConfig: Setting CVar [[r.DOF.Recombine.Quality:1                ; cheap slight out of focus]]
[2019.10.23-21.12.20:354][  0]LogConfig: Setting CVar [[r.DOF.Recombine.EnableBokehSettings:0    ; no bokeh simulation on slight out of focus]]
[2019.10.23-21.12.20:354][  0]LogConfig: Setting CVar [[r.DOF.TemporalAAQuality:1                ; more stable temporal accumulation]]
[2019.10.23-21.12.20:354][  0]LogConfig: Setting CVar [[r.DOF.Kernel.MaxForegroundRadius:0.025]]
[2019.10.23-21.12.20:354][  0]LogConfig: Setting CVar [[r.DOF.Kernel.MaxBackgroundRadius:0.025]]
[2019.10.23-21.12.20:354][  0]LogConfig: Applying CVar settings from Section [TextureQuality@3] File [C:/Users/hwils/Desktop/VR Test/Saved/Config/Windows/Scalability.ini]
[2019.10.23-21.12.20:354][  0]LogConfig: Setting CVar [[r.Streaming.MipBias:0]]
[2019.10.23-21.12.20:354][  0]LogConfig: Setting CVar [[r.Streaming.AmortizeCPUToGPUCopy:0]]
[2019.10.23-21.12.20:354][  0]LogConfig: Setting CVar [[r.Streaming.MaxNumTexturesToStreamPerFrame:0]]
[2019.10.23-21.12.20:354][  0]LogConfig: Setting CVar [[r.Streaming.Boost:1]]
[2019.10.23-21.12.20:354][  0]LogConfig: Setting CVar [[r.MaxAnisotropy:8]]
[2019.10.23-21.12.20:354][  0]LogConfig: Setting CVar [[r.Streaming.LimitPoolSizeToVRAM:0]]
[2019.10.23-21.12.20:354][  0]LogConfig: Setting CVar [[r.Streaming.PoolSize:1000]]
[2019.10.23-21.12.20:354][  0]LogConfig: Setting CVar [[r.Streaming.MaxEffectiveScreenSize:0]]
[2019.10.23-21.12.20:354][  0]LogConfig: Applying CVar settings from Section [EffectsQuality@3] File [C:/Users/hwils/Desktop/VR Test/Saved/Config/Windows/Scalability.ini]
[2019.10.23-21.12.20:354][  0]LogConfig: Setting CVar [[r.TranslucencyLightingVolumeDim:64]]
[2019.10.23-21.12.20:354][  0]LogConfig: Setting CVar [[r.RefractionQuality:2]]
[2019.10.23-21.12.20:354][  0]LogConfig: Setting CVar [[r.SSR.Quality:3]]
[2019.10.23-21.12.20:354][  0]LogConfig: Setting CVar [[r.SceneColorFormat:4]]
[2019.10.23-21.12.20:354][  0]LogConfig: Setting CVar [[r.DetailMode:2]]
[2019.10.23-21.12.20:354][  0]LogConfig: Setting CVar [[r.TranslucencyVolumeBlur:1]]
[2019.10.23-21.12.20:354][  0]LogConfig: Setting CVar [[r.MaterialQualityLevel:1 ; High quality]]
[2019.10.23-21.12.20:354][  0]LogConfig: Setting CVar [[r.SSS.Scale:1]]
[2019.10.23-21.12.20:354][  0]LogConfig: Setting CVar [[r.SSS.SampleSet:2]]
[2019.10.23-21.12.20:354][  0]LogConfig: Setting CVar [[r.SSS.Quality:1]]
[2019.10.23-21.12.20:354][  0]LogConfig: Setting CVar [[r.SSS.HalfRes:1]]
[2019.10.23-21.12.20:354][  0]LogConfig: Setting CVar [[r.EmitterSpawnRateScale:1.0]]
[2019.10.23-21.12.20:354][  0]LogConfig: Setting CVar [[r.ParticleLightQuality:2]]
[2019.10.23-21.12.20:354][  0]LogConfig: Applying CVar settings from Section [FoliageQuality@3] File [C:/Users/hwils/Desktop/VR Test/Saved/Config/Windows/Scalability.ini]
[2019.10.23-21.12.20:354][  0]LogConfig: Setting CVar [[foliage.DensityScale:1.0]]
[2019.10.23-21.12.20:354][  0]LogConfig: Setting CVar [[grass.DensityScale:1.0]]
[2019.10.23-21.12.20:354][  0]LogInit: Selected Device Profile: [Windows]
[2019.10.23-21.12.20:354][  0]LogInit: Applying CVar settings loaded from the selected device profile: [Windows]
[2019.10.23-21.12.20:357][  0]LogHAL: Display: Platform has ~ 8 GB [8460513280 / 8589934592 / 8], which maps to Default [LargestMinGB=32, LargerMinGB=12, DefaultMinGB=8, SmallerMinGB=6, SmallestMinGB=0)
[2019.10.23-21.12.20:357][  0]LogInit: Going up to parent DeviceProfile []
[2019.10.23-21.12.20:357][  0]LogConfig: Applying CVar settings from Section [ViewDistanceQuality@0] File [C:/Users/hwils/Desktop/VR Test/Saved/Config/Windows/Scalability.ini]
[2019.10.23-21.12.20:357][  0]LogConfig: Setting CVar [[r.SkeletalMeshLODBias:2]]
[2019.10.23-21.12.20:357][  0]LogConfig: Setting CVar [[r.ViewDistanceScale:0.4]]
[2019.10.23-21.12.20:357][  0]LogConfig: Applying CVar settings from Section [AntiAliasingQuality@0] File [C:/Users/hwils/Desktop/VR Test/Saved/Config/Windows/Scalability.ini]
[2019.10.23-21.12.20:357][  0]LogConfig: Setting CVar [[r.PostProcessAAQuality:0]]
[2019.10.23-21.12.20:357][  0]LogConfig: Applying CVar settings from Section [ShadowQuality@0] File [C:/Users/hwils/Desktop/VR Test/Saved/Config/Windows/Scalability.ini]
[2019.10.23-21.12.20:357][  0]LogConfig: Setting CVar [[r.LightFunctionQuality:0]]
[2019.10.23-21.12.20:357][  0]LogConfig: Setting CVar [[r.ShadowQuality:0]]
[2019.10.23-21.12.20:357][  0]LogConfig: Setting CVar [[r.Shadow.CSM.MaxCascades:1]]
[2019.10.23-21.12.20:357][  0]LogConfig: Setting CVar [[r.Shadow.MaxResolution:512]]
[2019.10.23-21.12.20:357][  0]LogConfig: Setting CVar [[r.Shadow.MaxCSMResolution:512]]
[2019.10.23-21.12.20:357][  0]LogConfig: Setting CVar [[r.Shadow.RadiusThreshold:0.06]]
[2019.10.23-21.12.20:357][  0]LogConfig: Setting CVar [[r.Shadow.DistanceScale:0.6]]
[2019.10.23-21.12.20:357][  0]LogConfig: Setting CVar [[r.Shadow.CSM.TransitionScale:0]]
[2019.10.23-21.12.20:357][  0]LogConfig: Setting CVar [[r.Shadow.PreShadowResolutionFactor:0.5]]
[2019.10.23-21.12.20:357][  0]LogConfig: Setting CVar [[r.DistanceFieldShadowing:0]]
[2019.10.23-21.12.20:357][  0]LogConfig: Setting CVar [[r.DistanceFieldAO:0]]
[2019.10.23-21.12.20:357][  0]LogConfig: Setting CVar [[r.VolumetricFog:0]]
[2019.10.23-21.12.20:357][  0]LogConfig: Setting CVar [[r.LightMaxDrawDistanceScale:0]]
[2019.10.23-21.12.20:357][  0]LogConfig: Setting CVar [[r.CapsuleShadows:0]]
[2019.10.23-21.12.20:357][  0]LogConfig: Applying CVar settings from Section [PostProcessQuality@0] File [C:/Users/hwils/Desktop/VR Test/Saved/Config/Windows/Scalability.ini]
[2019.10.23-21.12.20:357][  0]LogConfig: Setting CVar [[r.MotionBlurQuality:0]]
[2019.10.23-21.12.20:357][  0]LogConfig: Setting CVar [[r.AmbientOcclusionMipLevelFactor:1.0]]
[2019.10.23-21.12.20:357][  0]LogConfig: Setting CVar [[r.AmbientOcclusionMaxQuality:0]]
[2019.10.23-21.12.20:357][  0]LogConfig: Setting CVar [[r.AmbientOcclusionLevels:0]]
[2019.10.23-21.12.20:357][  0]LogConfig: Setting CVar [[r.AmbientOcclusionRadiusScale:1.2]]
[2019.10.23-21.12.20:357][  0]LogConfig: Setting CVar [[r.DepthOfFieldQuality:0]]
[2019.10.23-21.12.20:357][  0]LogConfig: Setting CVar [[r.RenderTargetPoolMin:300]]
[2019.10.23-21.12.20:357][  0]LogConfig: Setting CVar [[r.LensFlareQuality:0]]
[2019.10.23-21.12.20:357][  0]LogConfig: Setting CVar [[r.SceneColorFringeQuality:0]]
[2019.10.23-21.12.20:357][  0]LogConfig: Setting CVar [[r.EyeAdaptationQuality:0]]
[2019.10.23-21.12.20:357][  0]LogConfig: Setting CVar [[r.BloomQuality:4]]
[2019.10.23-21.12.20:357][  0]LogConfig: Setting CVar [[r.FastBlurThreshold:0]]
[2019.10.23-21.12.20:357][  0]LogConfig: Setting CVar [[r.Upscale.Quality:1]]
[2019.10.23-21.12.20:357][  0]LogConfig: Setting CVar [[r.Tonemapper.GrainQuantization:0]]
[2019.10.23-21.12.20:357][  0]LogConfig: Setting CVar [[r.LightShaftQuality:0]]
[2019.10.23-21.12.20:357][  0]LogConfig: Setting CVar [[r.Filter.SizeScale:0.6]]
[2019.10.23-21.12.20:357][  0]LogConfig: Setting CVar [[r.Tonemapper.Quality:0]]
[2019.10.23-21.12.20:357][  0]LogConfig: Applying CVar settings from Section [TextureQuality@0] File [C:/Users/hwils/Desktop/VR Test/Saved/Config/Windows/Scalability.ini]
[2019.10.23-21.12.20:357][  0]LogConfig: Setting CVar [[r.Streaming.MipBias:16]]
[2019.10.23-21.12.20:357][  0]LogConfig: Setting CVar [[r.Streaming.AmortizeCPUToGPUCopy:1]]
[2019.10.23-21.12.20:357][  0]LogConfig: Setting CVar [[r.Streaming.MaxNumTexturesToStreamPerFrame:1]]
[2019.10.23-21.12.20:357][  0]LogConfig: Setting CVar [[r.Streaming.Boost:0.3]]
[2019.10.23-21.12.20:358][  0]LogConfig: Setting CVar [[r.MaxAnisotropy:0]]
[2019.10.23-21.12.20:358][  0]LogConfig: Setting CVar [[r.Streaming.LimitPoolSizeToVRAM:1]]
[2019.10.23-21.12.20:358][  0]LogConfig: Setting CVar [[r.Streaming.PoolSize:400]]
[2019.10.23-21.12.20:358][  0]LogConfig: Setting CVar [[r.Streaming.MaxEffectiveScreenSize:0]]
[2019.10.23-21.12.20:358][  0]LogConfig: Applying CVar settings from Section [EffectsQuality@0] File [C:/Users/hwils/Desktop/VR Test/Saved/Config/Windows/Scalability.ini]
[2019.10.23-21.12.20:358][  0]LogConfig: Setting CVar [[r.TranslucencyLightingVolumeDim:24]]
[2019.10.23-21.12.20:358][  0]LogConfig: Setting CVar [[r.RefractionQuality:0]]
[2019.10.23-21.12.20:358][  0]LogConfig: Setting CVar [[r.SSR.Quality:0]]
[2019.10.23-21.12.20:358][  0]LogConfig: Setting CVar [[r.SceneColorFormat:3]]
[2019.10.23-21.12.20:358][  0]LogConfig: Setting CVar [[r.DetailMode:0]]
[2019.10.23-21.12.20:358][  0]LogConfig: Setting CVar [[r.TranslucencyVolumeBlur:0]]
[2019.10.23-21.12.20:358][  0]LogConfig: Setting CVar [[r.MaterialQualityLevel:0 ; Low quality]]
[2019.10.23-21.12.20:358][  0]LogConfig: Setting CVar [[r.SSS.Scale:0]]
[2019.10.23-21.12.20:358][  0]LogConfig: Setting CVar [[r.SSS.SampleSet:0]]
[2019.10.23-21.12.20:358][  0]LogConfig: Setting CVar [[r.SSS.Quality:0]]
[2019.10.23-21.12.20:358][  0]LogConfig: Setting CVar [[r.SSS.HalfRes:1]]
[2019.10.23-21.12.20:358][  0]LogConfig: Setting CVar [[r.EmitterSpawnRateScale:0.125]]
[2019.10.23-21.12.20:358][  0]LogConfig: Setting CVar [[r.ParticleLightQuality:0]]
[2019.10.23-21.12.20:358][  0]LogConfig: Applying CVar settings from Section [FoliageQuality@0] File [C:/Users/hwils/Desktop/VR Test/Saved/Config/Windows/Scalability.ini]
[2019.10.23-21.12.20:358][  0]LogConfig: Setting CVar [[foliage.DensityScale:0]]
[2019.10.23-21.12.20:358][  0]LogConfig: Setting CVar [[grass.DensityScale:0]]
[2019.10.23-21.12.20:358][  0]LogConfig: Applying CVar settings from Section [Startup] File [../../../Engine/Config/ConsoleVariables.ini]
[2019.10.23-21.12.20:358][  0]LogConfig: Setting CVar [[net.UseAdaptiveNetUpdateFrequency:0]]
[2019.10.23-21.12.20:358][  0]LogConfig: Setting CVar [[p.chaos.AllowCreatePhysxBodies:1]]
[2019.10.23-21.12.20:358][  0]LogConfig: Applying CVar settings from Section [ConsoleVariables] File [C:/Users/hwils/Desktop/VR Test/Saved/Config/Windows/Engine.ini]
[2019.10.23-21.12.20:358][  0]LogInit: Computer: DESKTOP-E671F10
[2019.10.23-21.12.20:358][  0]LogInit: User: hwils
[2019.10.23-21.12.20:358][  0]LogInit: CPU Page size=4096, Cores=4
[2019.10.23-21.12.20:358][  0]LogInit: High frequency timer resolution =10.000000 MHz
[2019.10.23-21.12.20:358][  0]LogMemory: Memory total: Physical=7.9GB (8GB approx)
[2019.10.23-21.12.20:358][  0]LogMemory: Platform Memory Stats for Windows
[2019.10.23-21.12.20:358][  0]LogMemory: Process Physical Memory: 101.41 MB used, 101.41 MB peak
[2019.10.23-21.12.20:358][  0]LogMemory: Process Virtual Memory: 102.16 MB used, 102.16 MB peak
[2019.10.23-21.12.20:358][  0]LogMemory: Physical Memory: 5667.07 MB used,  2401.50 MB free, 8068.57 MB total
[2019.10.23-21.12.20:358][  0]LogMemory: Virtual Memory: 4678.73 MB used,  134213048.00 MB free, 134217728.00 MB total
[2019.10.23-21.12.20:363][  0]LogWindows: WindowsPlatformFeatures enabled
[2019.10.23-21.12.20:387][  0]LogInit: Using OS detected language (en-US).
[2019.10.23-21.12.20:387][  0]LogInit: Using OS detected locale (en-US).
[2019.10.23-21.12.20:388][  0]LogTextLocalizationManager: No specific localization for 'en-US' exists, so the 'en' localization will be used.
[2019.10.23-21.12.20:609][  0]LogInit: Setting process to per monitor DPI aware
[2019.10.23-21.12.20:670][  0]LogSlate: New Slate User Created.  User Index 0, Is Virtual User: 0
[2019.10.23-21.12.20:670][  0]LogSlate: Slate User Registered.  User Index 0, Is Virtual User: 0
[2019.10.23-21.12.20:895][  0]LogHMD: Failed to initialize OpenVR with code 110
[2019.10.23-21.12.20:895][  0]LogD3D11RHI: D3D11 adapters:
[2019.10.23-21.12.20:929][  0]LogD3D11RHI:    0. 'Intel(R) UHD Graphics 620' (Feature Level 11_0)
[2019.10.23-21.12.20:929][  0]LogD3D11RHI:       128/0/4034 MB DedicatedVideo/DedicatedSystem/SharedSystem, Outputs:1, VendorId:0x8086
[2019.10.23-21.12.20:931][  0]LogD3D11RHI:    1. 'Microsoft Basic Render Driver' (Feature Level 11_0)
[2019.10.23-21.12.20:931][  0]LogD3D11RHI:       0/0/4034 MB DedicatedVideo/DedicatedSystem/SharedSystem, Outputs:0, VendorId:0x1414
[2019.10.23-21.12.20:931][  0]LogD3D11RHI: Chosen D3D11 Adapter: 0
[2019.10.23-21.12.20:943][  0]LogD3D11RHI: Creating new Direct3DDevice
[2019.10.23-21.12.20:943][  0]LogD3D11RHI:     GPU DeviceId: 0x3ea0 (for the marketing name, search the web for "GPU Device Id")
[2019.10.23-21.12.20:943][  0]LogWindows: EnumDisplayDevices:
[2019.10.23-21.12.20:943][  0]LogWindows:    0. 'Intel(R) UHD Graphics 620' (P:1 D:1)
[2019.10.23-21.12.20:943][  0]LogWindows:    1. 'Intel(R) UHD Graphics 620' (P:0 D:0)
[2019.10.23-21.12.20:944][  0]LogWindows:    2. 'Intel(R) UHD Graphics 620' (P:0 D:0)
[2019.10.23-21.12.20:944][  0]LogWindows: DebugString: FoundDriverCount:3 
[2019.10.23-21.12.20:944][  0]LogD3D11RHI:     Adapter Name: Intel(R) UHD Graphics 620
[2019.10.23-21.12.20:944][  0]LogD3D11RHI:   Driver Version: 25.20.100.6577 (internal:25.20.100.6577, unified:25.20.100.6577)
[2019.10.23-21.12.20:944][  0]LogD3D11RHI:      Driver Date: 2-7-2019
[2019.10.23-21.12.20:944][  0]LogRHI: Texture pool is 1501 MB (70% of 2145 MB)
[2019.10.23-21.12.20:987][  0]LogD3D11RHI: [IntelMetricsDiscovery] Started
[2019.10.23-21.12.20:987][  0]LogD3D11RHI: Async texture creation enabled
[2019.10.23-21.12.20:992][  0]LogD3D11RHI: GPU Timing Frequency: 12.000048 (Debug: 2 0)
[2019.10.23-21.12.21:337][  0]LogTemp: Display: Module 'AllDesktopTargetPlatform' loaded TargetPlatform 'AllDesktop'
[2019.10.23-21.12.21:346][  0]LogTemp: Display: Module 'MacClientTargetPlatform' loaded TargetPlatform 'MacClient'
[2019.10.23-21.12.21:356][  0]LogTemp: Display: Module 'MacNoEditorTargetPlatform' loaded TargetPlatform 'MacNoEditor'
[2019.10.23-21.12.21:365][  0]LogTemp: Display: Module 'MacServerTargetPlatform' loaded TargetPlatform 'MacServer'
[2019.10.23-21.12.21:378][  0]LogTemp: Display: Module 'MacTargetPlatform' loaded TargetPlatform 'Mac'
[2019.10.23-21.12.21:390][  0]LogTemp: Display: Module 'WindowsClientTargetPlatform' loaded TargetPlatform 'WindowsClient'
[2019.10.23-21.12.21:399][  0]LogTemp: Display: Module 'WindowsNoEditorTargetPlatform' loaded TargetPlatform 'WindowsNoEditor'
[2019.10.23-21.12.21:410][  0]LogTemp: Display: Module 'WindowsServerTargetPlatform' loaded TargetPlatform 'WindowsServer'
[2019.10.23-21.12.21:414][  0]LogTemp: Display: Module 'WindowsTargetPlatform' loaded TargetPlatform 'Windows'
[2019.10.23-21.12.21:447][  0]LogTemp: Display: Module 'AndroidTargetPlatform' loaded TargetPlatform 'Android'
[2019.10.23-21.12.21:447][  0]LogTemp: Display: Module 'AndroidTargetPlatform' loaded TargetPlatform 'Android_ASTC'
[2019.10.23-21.12.21:448][  0]LogTemp: Display: Module 'AndroidTargetPlatform' loaded TargetPlatform 'Android_ATC'
[2019.10.23-21.12.21:448][  0]LogTemp: Display: Module 'AndroidTargetPlatform' loaded TargetPlatform 'Android_DXT'
[2019.10.23-21.12.21:448][  0]LogTemp: Display: Module 'AndroidTargetPlatform' loaded TargetPlatform 'Android_ETC1'
[2019.10.23-21.12.21:448][  0]LogTemp: Display: Module 'AndroidTargetPlatform' loaded TargetPlatform 'Android_ETC1a'
[2019.10.23-21.12.21:448][  0]LogTemp: Display: Module 'AndroidTargetPlatform' loaded TargetPlatform 'Android_ETC2'
[2019.10.23-21.12.21:448][  0]LogTemp: Display: Module 'AndroidTargetPlatform' loaded TargetPlatform 'Android_PVRTC'
[2019.10.23-21.12.21:448][  0]LogTemp: Display: Module 'AndroidTargetPlatform' loaded TargetPlatform 'AndroidClient'
[2019.10.23-21.12.21:448][  0]LogTemp: Display: Module 'AndroidTargetPlatform' loaded TargetPlatform 'Android_ASTCClient'
[2019.10.23-21.12.21:448][  0]LogTemp: Display: Module 'AndroidTargetPlatform' loaded TargetPlatform 'Android_ATCClient'
[2019.10.23-21.12.21:448][  0]LogTemp: Display: Module 'AndroidTargetPlatform' loaded TargetPlatform 'Android_DXTClient'
[2019.10.23-21.12.21:448][  0]LogTemp: Display: Module 'AndroidTargetPlatform' loaded TargetPlatform 'Android_ETC1Client'
[2019.10.23-21.12.21:448][  0]LogTemp: Display: Module 'AndroidTargetPlatform' loaded TargetPlatform 'Android_ETC1aClient'
[2019.10.23-21.12.21:448][  0]LogTemp: Display: Module 'AndroidTargetPlatform' loaded TargetPlatform 'Android_ETC2Client'
[2019.10.23-21.12.21:448][  0]LogTemp: Display: Module 'AndroidTargetPlatform' loaded TargetPlatform 'Android_PVRTCClient'
[2019.10.23-21.12.21:448][  0]LogTemp: Display: Module 'AndroidTargetPlatform' loaded TargetPlatform 'Android_Multi'
[2019.10.23-21.12.21:448][  0]LogTemp: Display: Module 'AndroidTargetPlatform' loaded TargetPlatform 'Android_MultiClient'
[2019.10.23-21.12.21:449][  0]LogTemp: Display: Module 'HTML5TargetPlatform' loaded TargetPlatform 'HTML5'
[2019.10.23-21.12.21:466][  0]LogTemp: Display: Module 'IOSTargetPlatform' loaded TargetPlatform 'IOSClient'
[2019.10.23-21.12.21:466][  0]LogTemp: Display: Module 'IOSTargetPlatform' loaded TargetPlatform 'IOS'
[2019.10.23-21.12.21:481][  0]LogTemp: Display: Module 'TVOSTargetPlatform' loaded TargetPlatform 'TVOSClient'
[2019.10.23-21.12.21:481][  0]LogTemp: Display: Module 'TVOSTargetPlatform' loaded TargetPlatform 'TVOS'
[2019.10.23-21.12.21:488][  0]LogTemp: Display: Module 'LinuxClientTargetPlatform' loaded TargetPlatform 'LinuxClient'
[2019.10.23-21.12.21:495][  0]LogTemp: Display: Module 'LinuxNoEditorTargetPlatform' loaded TargetPlatform 'LinuxNoEditor'
[2019.10.23-21.12.21:503][  0]LogTemp: Display: Module 'LinuxServerTargetPlatform' loaded TargetPlatform 'LinuxServer'
[2019.10.23-21.12.21:511][  0]LogTemp: Display: Module 'LinuxTargetPlatform' loaded TargetPlatform 'Linux'
[2019.10.23-21.12.21:535][  0]LogTemp: Display: Module 'LuminTargetPlatform' loaded TargetPlatform 'Lumin'
[2019.10.23-21.12.21:535][  0]LogTemp: Display: Module 'LuminTargetPlatform' loaded TargetPlatform 'LuminClient'
[2019.10.23-21.12.21:535][  0]LogTargetPlatformManager: Display: Building Assets For Windows
[2019.10.23-21.12.21:544][  0]LogAudioDebug: Display: Lib vorbis DLL was dynamically loaded.
[2019.10.23-21.12.21:599][  0]LogShaderCompilers: Guid format shader working directory is 1 characters bigger than the processId version (../../../../../../Users/hwils/Desktop/VR Test/Intermediate/Shaders/WorkingDirectory/7140/).
[2019.10.23-21.12.21:599][  0]LogShaderCompilers: Cleaned the shader compiler working directory 'C:/Users/hwils/AppData/Local/Temp/UnrealShaderWorkingDir/1938286D4E42449D385D18B682DA0EA3/'.
[2019.10.23-21.12.21:602][  0]LogXGEController: Cannot use XGE Controller as Incredibuild is not installed on this machine.
[2019.10.23-21.12.21:602][  0]LogShaderCompilers: Cannot use XGE Shader Compiler as Incredibuild is not installed on this machine.
[2019.10.23-21.12.21:602][  0]LogShaderCompilers: Display: Using Local Shader Compiler.
[2019.10.23-21.12.22:188][  0]LogDerivedDataCache: Display: Max Cache Size: 512 MB
[2019.10.23-21.12.22:241][  0]LogDerivedDataCache: Loaded boot cache 0.05s 73MB C:/Users/hwils/AppData/Local/UnrealEngine/4.23/DerivedDataCache/Boot.ddc.
[2019.10.23-21.12.22:241][  0]LogDerivedDataCache: Display: Loaded Boot cache: C:/Users/hwils/AppData/Local/UnrealEngine/4.23/DerivedDataCache/Boot.ddc
[2019.10.23-21.12.22:241][  0]LogDerivedDataCache: FDerivedDataBackendGraph:  Pak pak cache file ../../../../../../Users/hwils/Desktop/VR Test/DerivedDataCache/DDC.ddp not found, will not use a pak cache.
[2019.10.23-21.12.22:241][  0]LogDerivedDataCache: Unable to find inner node Pak for hierarchical cache Hierarchy.
[2019.10.23-21.12.22:241][  0]LogDerivedDataCache: FDerivedDataBackendGraph:  CompressedPak pak cache file ../../../../../../Users/hwils/Desktop/VR Test/DerivedDataCache/Compressed.ddp not found, will not use a pak cache.
[2019.10.23-21.12.22:241][  0]LogDerivedDataCache: Unable to find inner node CompressedPak for hierarchical cache Hierarchy.
[2019.10.23-21.12.22:252][  0]LogDerivedDataCache: Display: Pak cache opened for reading ../../../Engine/DerivedDataCache/Compressed.ddp.
[2019.10.23-21.12.22:252][  0]LogDerivedDataCache: FDerivedDataBackendGraph:  EnterprisePak pak cache file ../../../Enterprise/DerivedDataCache/Compressed.ddp not found, will not use a pak cache.
[2019.10.23-21.12.22:252][  0]LogDerivedDataCache: Unable to find inner node EnterprisePak for hierarchical cache Hierarchy.
[2019.10.23-21.12.22:253][  0]LogDerivedDataCache: Using Local data cache path C:/Users/hwils/AppData/Local/UnrealEngine/Common/DerivedDataCache: Writable
[2019.10.23-21.12.22:253][  0]LogDerivedDataCache: Shared data cache path not found in *engine.ini, will not use an Shared cache.
[2019.10.23-21.12.22:253][  0]LogDerivedDataCache: Unable to find inner node Shared for hierarchical cache Hierarchy.
[2019.10.23-21.12.22:275][  0]LogMaterial: Verifying Global Shaders for PCD3D_SM5
[2019.10.23-21.12.22:277][  0]LogSlate: Using FreeType 2.6.0
[2019.10.23-21.12.22:278][  0]LogSlate: SlateFontServices - WITH_FREETYPE: 1, WITH_HARFBUZZ: 1
[2019.10.23-21.12.22:340][  0]LogAssetRegistry: FAssetRegistry took 0.0026 seconds to start up
[2019.10.23-21.12.22:605][  0]LogInit: Selected Device Profile: [Windows]
[2019.10.23-21.12.22:750][  0]LogMeshReduction: Using QuadricMeshReduction for automatic static mesh reduction
[2019.10.23-21.12.22:750][  0]LogMeshReduction: Using SimplygonMeshReduction for automatic skeletal mesh reduction
[2019.10.23-21.12.22:750][  0]LogMeshReduction: Using ProxyLODMeshReduction for automatic mesh merging
[2019.10.23-21.12.22:750][  0]LogMeshReduction: No distributed automatic mesh merging module available
[2019.10.23-21.12.22:750][  0]LogMeshMerging: No distributed automatic mesh merging module available
[2019.10.23-21.12.22:761][  0]LogNetVersion: VRHCR 1.0.0, NetCL: 8386587, EngineNetVer: 11, GameNetVer: 0 (Checksum: 2197580189)
[2019.10.23-21.12.23:162][  0]LogPackageLocalizationCache: Processed 12 localized package path(s) for 1 prioritized culture(s) in 0.035931 seconds
[2019.10.23-21.12.23:168][  0]LogUObjectArray: 43525 objects as part of root set at end of initial load.
[2019.10.23-21.12.23:168][  0]LogUObjectAllocator: 7573752 out of 0 bytes used by permanent object pool.
[2019.10.23-21.12.23:168][  0]LogUObjectArray: CloseDisregardForGC: 0/0 objects in disregard for GC pool
[2019.10.23-21.12.24:108][  0]LogTcpMessaging: Initializing TcpMessaging bridge
[2019.10.23-21.12.24:111][  0]LogUdpMessaging: Initializing bridge on interface 0.0.0.0:0 to multicast group 230.0.0.1:6666.
[2019.10.23-21.12.24:163][  0]SourceControl: Source control is disabled
[2019.10.23-21.12.24:163][  0]SourceControl: Source control is disabled
[2019.10.23-21.12.24:164][  0]SourceControl: Source control is disabled
[2019.10.23-21.12.24:165][  0]SourceControl: Source control is disabled
[2019.10.23-21.12.24:173][  0]LogVSAccessor: Display: Unable to create Visual Studio setup instance: 80040154
[2019.10.23-21.12.24:173][  0]LogVSAccessor: Display: Unable to create Visual Studio setup instance: 80040154
[2019.10.23-21.12.24:259][  0]LogOnline: Oculus: Oculus Startup!
[2019.10.23-21.12.24:260][  0]LogAndroidPermission: UAndroidPermissionCallbackProxy::GetInstance
[2019.10.23-21.12.24:429][  0]LogOcInput: OculusInput pre-init called
[2019.10.23-21.12.24:435][  0]LogWindows: Failed to load 'OVRPlugin.dll' (GetLastError=126)
[2019.10.23-21.12.24:435][  0]LogWindows: File 'OVRPlugin.dll' does not exist
[2019.10.23-21.12.24:503][  0]LogEngine: Initializing Engine...
[2019.10.23-21.12.24:504][  0]LogHMD: Failed to initialize OpenVR with code 110
[2019.10.23-21.12.24:505][  0]LogStats: UGameplayTagsManager::InitializeManager -  0.000 s
[2019.10.23-21.12.24:730][  0]LogInit: Initializing FReadOnlyCVARCache
[2019.10.23-21.12.24:753][  0]LogAIModule: Creating AISystem for world Untitled
[2019.10.23-21.12.24:774][  0]LogInit: XAudio2 using 'Speakers/Headphones (Realtek(R) Audio)' : 2 channels at 48 kHz using 32 bits per sample (channel mask 0x3)
[2019.10.23-21.12.25:085][  0]LogInit: FAudioDevice initialized.
[2019.10.23-21.12.25:085][  0]LogNetVersion: Set ProjectVersion to 1.0.0.0. Version Checksum will be recalculated on next use.
[2019.10.23-21.12.25:169][  0]LogDerivedDataCache: Saved boot cache 0.08s 73MB C:/Users/hwils/AppData/Local/UnrealEngine/4.23/DerivedDataCache/Boot.ddc.
[2019.10.23-21.12.25:172][  0]LogInit: Texture streaming: Enabled
[2019.10.23-21.12.25:193][  0]LogEngineSessionManager: EngineSessionManager initialized
[2019.10.23-21.12.25:238][  0]LogInit: Transaction tracking system initialized
[2019.10.23-21.12.25:279][  0]BlueprintLog: New page: Editor Load
[2019.10.23-21.12.25:367][  0]LocalizationService: Localization service is disabled
[2019.10.23-21.12.25:934][  0]LogVSAccessor: Display: Unable to create Visual Studio setup instance: 80040154
[2019.10.23-21.12.25:935][  0]LogVSAccessor: Display: Unable to create Visual Studio setup instance: 80040154
[2019.10.23-21.12.26:119][  0]LogCook: Display: Max memory allowance for cook 16384mb min free memory 0mb
[2019.10.23-21.12.26:119][  0]LogCook: Display: Mobile HDR setting 1
[2019.10.23-21.12.26:330][  0]LogFileCache: Scanning file cache for directory 'C:/Users/hwils/Desktop/VR Test/Content/' took 0.01s
[2019.10.23-21.12.26:330][  0]SourceControl: Source control is disabled
[2019.10.23-21.12.26:330][  0]Cmd: MAP LOAD FILE="../../../../../../Users/hwils/Desktop/VR Test/Content/02_Maps/TestLevel.umap" TEMPLATE=0 SHOWPROGRESS=1 FEATURELEVEL=3
[2019.10.23-21.12.26:331][  0]LightingResults: New page: Lighting Build
[2019.10.23-21.12.26:333][  0]LogWorld: UWorld::CleanupWorld for Untitled, bSessionEnded=true, bCleanupResources=true
[2019.10.23-21.12.26:334][  0]MapCheck: New page: Map Check
[2019.10.23-21.12.26:334][  0]LightingResults: New page: Lighting Build
[2019.10.23-21.12.26:359][  0]LogUObjectHash: Compacting FUObjectHashTables data took   1.47ms
[2019.10.23-21.12.26:446][  0]LogBlueprint: Error: [Compiler BP_Pickup_Base] Missing Event 'Drop' for  Event Drop
[2019.10.23-21.12.26:446][  0]LogBlueprint: Error: [Compiler BP_Pickup_Base] In use pin  Attach To  no longer exists on node  Event Pickup . Please refresh node or break links to remove pin.
[2019.10.23-21.12.26:446][  0]LogBlueprint: Error: [Compiler BP_Pickup_Base] Missing Event 'Pickup' for  Event Pickup
[2019.10.23-21.12.26:446][  0]LogBlueprint: Error: [Compiler BP_Pickup_Base] In use pin  Motion Controller  no longer exists on node  Set . Please refresh node or break links to remove pin.
[2019.10.23-21.12.26:446][  0]LogBlueprint: Error: [Compiler BP_Pickup_Base] In use pin  Motion Controller  no longer exists on node  Get . Please refresh node or break links to remove pin.
[2019.10.23-21.12.26:448][  0]LogBlueprint: Error: [Compiler BP_Pickup_Base] Can't connect pins  A  and  Controller : Object Reference is not compatible with Object Reference.
[2019.10.23-21.12.26:448][  0]LogBlueprint: Error: [Compiler BP_Pickup_Base] Can't connect pins  Controller  and  A : Object Reference is not compatible with Object Reference.
[2019.10.23-21.12.26:450][  0]LogBlueprint: Error: [Compiler BP_Pickup_Base] Failed to find class for pin  Controller
[2019.10.23-21.12.26:450][  0]LogBlueprint: Error: [Compiler BP_Pickup_Base] ICE SetVariableOnPersistentFrame - No property found.  Controller
[2019.10.23-21.12.26:522][  0]LogLinker: Warning: Asset '../../../../../../Users/hwils/Desktop/VR Test/Content/04_Materials/Red_Light.uasset' has been saved with empty engine version. The asset will be loaded but may be incompatible.
[2019.10.23-21.12.26:523][  0]LogLinker: Warning: Asset '../../../../../../Users/hwils/Desktop/VR Test/Content/04_Materials/Light.uasset' has been saved with empty engine version. The asset will be loaded but may be incompatible.
[2019.10.23-21.12.26:617][  0]LogLinker: Warning: Asset '../../../../../../Users/hwils/Desktop/VR Test/Content/04_Materials/M_Light.uasset' has been saved with empty engine version. The asset will be loaded but may be incompatible.
[2019.10.23-21.12.26:664][  0]LogLinker: Warning: Asset '../../../../../../Users/hwils/Desktop/VR Test/Content/03_Meshes/LightFixture_Long.uasset' has been saved with empty engine version. The asset will be loaded but may be incompatible.
[2019.10.23-21.12.26:983][  0]LogAIModule: Creating AISystem for world TestLevel
[2019.10.23-21.12.26:999][  0]LogEditorServer: Finished looking for orphan Actors (0.000 secs)
[2019.10.23-21.12.27:051][  0]LogUObjectHash: Compacting FUObjectHashTables data took   2.22ms
[2019.10.23-21.12.27:051][  0]Cmd: MAP CHECKDEP NOCLEARLOG
[2019.10.23-21.12.27:051][  0]MapCheck: Map check complete: 0 Error(s), 0 Warning(s), took 0.168ms to complete.
[2019.10.23-21.12.27:051][  0]LogFileHelpers: Loading map 'TestLevel' took 0.722
[2019.10.23-21.12.27:142][  0]LogSlate: Updating window title bar state: overlay mode, drag disabled, window buttons hidden, title bar hidden
[2019.10.23-21.12.27:150][  0]LogSlate: Updating window title bar state: overlay mode, drag disabled, window buttons hidden, title bar hidden
[2019.10.23-21.12.27:157][  0]LogSlate: Updating window title bar state: overlay mode, drag disabled, window buttons hidden, title bar hidden
[2019.10.23-21.12.27:165][  0]LogSlate: Updating window title bar state: overlay mode, drag disabled, window buttons hidden, title bar hidden
[2019.10.23-21.12.27:173][  0]LogCollectionManager: Loaded 0 collections in 0.002222 seconds
[2019.10.23-21.12.27:191][  0]LogFileCache: Scanning file cache for directory 'C:/Users/hwils/Desktop/VR Test/Saved/Collections/' took 0.00s
[2019.10.23-21.12.27:191][  0]LogFileCache: Scanning file cache for directory 'C:/Users/hwils/Desktop/VR Test/Content/Developers/hwils/Collections/' took 0.00s
[2019.10.23-21.12.27:191][  0]LogFileCache: Scanning file cache for directory 'C:/Users/hwils/Desktop/VR Test/Content/Collections/' took 0.00s
[2019.10.23-21.12.27:191][  0]LogCollectionManager: Rebuilt the GUID cache for 0 collections in 0.000002 seconds
[2019.10.23-21.12.27:199][  0]LogContentBrowser: Native class hierarchy populated in 0.0079 seconds. Added 2882 classes and 693 folders.
[2019.10.23-21.12.27:208][  0]LogContentBrowser: Native class hierarchy updated for 'WidgetCarousel' in 0.0002 seconds. Added 0 classes and 0 folders.
[2019.10.23-21.12.27:267][  0]LogContentBrowser: Native class hierarchy updated for 'AddContentDialog' in 0.0002 seconds. Added 0 classes and 0 folders.
[2019.10.23-21.12.27:276][  0]LogContentBrowser: Native class hierarchy updated for 'SceneOutliner' in 0.0002 seconds. Added 1 classes and 2 folders.
[2019.10.23-21.12.27:288][  0]LogSlate: Took 0.000193 seconds to synchronously load lazily loaded font '../../../Engine/Content/Slate/Fonts/Roboto-Regular.ttf' (155K)
[2019.10.23-21.12.27:290][  0]LogSlate: Took 0.000168 seconds to synchronously load lazily loaded font '../../../Engine/Content/Slate/Fonts/Roboto-Bold.ttf' (160K)
[2019.10.23-21.12.27:294][  0]LogSlate: Took 0.000195 seconds to synchronously load lazily loaded font '../../../Engine/Content/Editor/Slate/Fonts/FontAwesome.ttf' (139K)
[2019.10.23-21.12.27:358][  0]LogRenderer: Reallocating scene render targets to support 512x512 Format 10 NumSamples 1 (Frame:1).
[2019.10.23-21.12.27:402][  0]LogRenderer: Reallocating scene render targets to support 856x512 Format 9 NumSamples 1 (Frame:1).
[2019.10.23-21.12.27:529][  0]LogContentBrowser: Native class hierarchy updated for 'HierarchicalLODOutliner' in 0.0002 seconds. Added 0 classes and 0 folders.
[2019.10.23-21.12.27:530][  0]LogLoad: (Engine Initialization) Total time: 9.00 seconds
[2019.10.23-21.12.27:530][  0]LogLoad: (Engine Initialization) Total Blueprint compile time: 0.00 seconds
[2019.10.23-21.12.27:597][  0]LogContentStreaming: Texture pool size now 400 MB
[2019.10.23-21.12.27:613][  0]LogSlate: Took 0.000299 seconds to synchronously load lazily loaded font '../../../Engine/Content/Slate/Fonts/Roboto-Light.ttf' (167K)
[2019.10.23-21.12.28:047][  2]LogAssetRegistry: Asset discovery search completed in 5.7081 seconds
[2019.10.23-21.12.28:053][  2]LogCollectionManager: Rebuilt the object cache for 0 collections in 0.000006 seconds (found 0 objects)
[2019.10.23-21.12.28:053][  2]LogCollectionManager: Fixed up redirectors for 0 collections in 0.000090 seconds (updated 0 objects)
[2019.10.23-21.12.28:572][ 22]LogSlate: Took 0.000222 seconds to synchronously load lazily loaded font '../../../Engine/Content/Slate/Fonts/Roboto-Light.ttf' (167K)
[2019.10.23-21.12.29:972][106]LogSlate: FSceneViewport::OnFocusLost() reason 0
[2019.10.23-21.12.30:381][127]LogAssetEditorManager: Opening Asset editor for Blueprint /Game/Player_Test.Player_Test
[2019.10.23-21.12.30:699][127]LogClass: Warning: Enum '/Game/Particles_Wind_Control_System/Blueprints/Enumerations/P_Leaves_Enum.P_Leaves_Enum' was upgraded to use FText to store its display name data. Please re-save this asset to avoid issues with localization and determinstic cooking.
[2019.10.23-21.12.30:714][127]LogContentBrowser: Native class hierarchy updated for 'BlueprintGraph' in 0.0005 seconds. Added 121 classes and 0 folders.
[2019.10.23-21.12.31:621][127]LogAssetEditorManager: Opening Asset editor for Blueprint /Game/01_Blueprints/VR_GM.VR_GM
[2019.10.23-21.12.31:935][127]LogAssetEditorManager: Opening Asset editor for Blueprint /Game/01_Blueprints/Player.Player
[2019.10.23-21.12.32:243][127]LogSlate: Took 0.000255 seconds to synchronously load lazily loaded font '../../../Engine/Content/Slate/Fonts/Roboto-BoldCondensed.ttf' (158K)
[2019.10.23-21.12.32:385][128]LogSlate: Took 0.000252 seconds to synchronously load lazily loaded font '../../../Engine/Content/Slate/Fonts/Roboto-Italic.ttf' (157K)
[2019.10.23-21.12.40:516][581]LogSlate: Window 'Player' being destroyed
[2019.10.23-21.12.50:423][173]LogSlate: Prevented a slow task dialog from being summoned while a context menu was open
[2019.10.23-21.12.50:473][173]LogBlueprint: Warning: [Compiler FirstPersonCharacter] InputAction Event references unknown Action 'Jump' for  InputAction Jump
[2019.10.23-21.12.50:475][173]LogBlueprint: Warning: [Compiler FirstPersonCharacter] InputAction Event references unknown Action 'Fire' for  InputAction Fire
[2019.10.23-21.12.50:476][173]LogBlueprint: Warning: [Compiler FirstPersonCharacter] Input Axis Event references unknown Axis 'LookUp' for  InputAxis LookUp
[2019.10.23-21.12.50:476][173]LogBlueprint: Warning: [Compiler FirstPersonCharacter] Input Axis Event references unknown Axis 'Turn' for  InputAxis Turn
[2019.10.23-21.12.51:552][234]LogSlate: Prevented a slow task dialog from being summoned while a context menu was open
[2019.10.23-21.12.52:295][278]LogSlate: Prevented a slow task dialog from being summoned while a context menu was open
[2019.10.23-21.12.53:252][335]BlueprintLog: New page: Compile VR_GM
[2019.10.23-21.12.53:451][335]LogUObjectHash: Compacting FUObjectHashTables data took   3.28ms
[2019.10.23-21.12.53:842][357]Cmd: OBJ SAVEPACKAGE PACKAGE="/Game/01_Blueprints/VR_GM" FILE="../../../../../../Users/hwils/Desktop/VR Test/Content/01_Blueprints/VR_GM.uasset" SILENT=true
[2019.10.23-21.12.53:851][357]LogSavePackage: Moving '../../../../../../Users/hwils/Desktop/VR Test/Saved/VR_GM235868EC4AB9246BEFEC93A92373B7CE.tmp' to '../../../../../../Users/hwils/Desktop/VR Test/Content/01_Blueprints/VR_GM.uasset'
[2019.10.23-21.12.55:218][439]LogTemp: Repeating last play command: Selected Viewport
[2019.10.23-21.12.55:233][439]LogBlueprintUserMessages: Early PlayInEditor Detection: Level '/Game/02_Maps/TestLevel.TestLevel:PersistentLevel' has LevelScriptBlueprint '/Game/02_Maps/TestLevel.TestLevel:PersistentLevel.TestLevel' with GeneratedClass '/Game/02_Maps/TestLevel.TestLevel_C' with ClassGeneratedBy '/Game/02_Maps/TestLevel.TestLevel:PersistentLevel.TestLevel'
[2019.10.23-21.12.55:233][439]LogPlayLevel: PlayLevel: No blueprints needed recompiling
[2019.10.23-21.12.55:233][439]BlueprintLog: Warning: Blueprint failed to compile:  BP_Pickup_Base
[2019.10.23-21.12.55:237][439]LogCustomDialog: Dialog displayed:
[2019.10.23-21.12.56:942][439]LogSlate: Window 'Blueprint Compilation Errors' being destroyed
[2019.10.23-21.12.56:954][439]PIE: New page: PIE session: TestLevel (Oct 23, 2019, 1:12:56 PM)
[2019.10.23-21.12.56:955][439]LogOnline: OSS: Creating online subsystem instance for: Steam
[2019.10.23-21.12.56:955][439]LogOnline: Display: STEAM: OnlineSubsystemSteam::Shutdown()
[2019.10.23-21.12.56:955][439]LogOnline: OSS: Creating online subsystem instance for: NULL
[2019.10.23-21.12.56:956][439]LogPlayLevel: Creating play world package: /Game/02_Maps/UEDPIE_0_TestLevel
[2019.10.23-21.12.56:977][439]LogPlayLevel: PIE: StaticDuplicateObject took: (0.021316s)
[2019.10.23-21.12.56:978][439]LogAIModule: Creating AISystem for world TestLevel
[2019.10.23-21.12.56:979][439]LogPlayLevel: PIE: World Init took: (0.001005s)
[2019.10.23-21.12.56:979][439]LogPlayLevel: PIE: Created PIE world by copying editor world from /Game/02_Maps/TestLevel.TestLevel to /Game/02_Maps/UEDPIE_0_TestLevel.TestLevel (0.022546s)
[2019.10.23-21.12.57:018][439]LogUObjectHash: Compacting FUObjectHashTables data took   3.53ms
[2019.10.23-21.12.57:037][439]LogInit: XAudio2 using 'Speakers/Headphones (Realtek(R) Audio)' : 2 channels at 48 kHz using 32 bits per sample (channel mask 0x3)
[2019.10.23-21.12.57:123][439]LogInit: FAudioDevice initialized.
[2019.10.23-21.12.57:137][439]LogLoad: Game class is 'VR_GM_C'
[2019.10.23-21.12.57:142][439]LogWorld: Bringing World /Game/02_Maps/UEDPIE_0_TestLevel.TestLevel up for play (max tick rate 60) at 2019.10.23-17.12.57
[2019.10.23-21.12.57:143][439]LogWorld: Bringing up level for play took: 0.003835
[2019.10.23-21.12.57:143][439]LogOnline: OSS: Creating online subsystem instance for: :Context_9
[2019.10.23-21.12.57:160][439]LogContentBrowser: Native class hierarchy updated for 'MovieSceneCapture' in 0.0003 seconds. Added 20 classes and 0 folders.
[2019.10.23-21.12.57:165][439]PIE: Play in editor start time for /Game/02_Maps/UEDPIE_0_TestLevel 1.366
[2019.10.23-21.12.57:165][439]LogBlueprintUserMessages: Late PlayInEditor Detection: Level '/Game/02_Maps/TestLevel.TestLevel:PersistentLevel' has LevelScriptBlueprint '/Game/02_Maps/TestLevel.TestLevel:PersistentLevel.TestLevel' with GeneratedClass '/Game/02_Maps/TestLevel.TestLevel_C' with ClassGeneratedBy '/Game/02_Maps/TestLevel.TestLevel:PersistentLevel.TestLevel'
[2019.10.23-21.13.09:266][ 78]LogBlueprintUserMessages: Early EndPlayMap Detection: Level '/Game/02_Maps/TestLevel.TestLevel:PersistentLevel' has LevelScriptBlueprint '/Game/02_Maps/TestLevel.TestLevel:PersistentLevel.TestLevel' with GeneratedClass '/Game/02_Maps/TestLevel.TestLevel_C' with ClassGeneratedBy '/Game/02_Maps/TestLevel.TestLevel:PersistentLevel.TestLevel'
[2019.10.23-21.13.09:267][ 78]LogSlate: Updating window title bar state: overlay mode, drag disabled, window buttons hidden, title bar hidden
[2019.10.23-21.13.09:268][ 78]LogWorld: BeginTearingDown for /Game/02_Maps/UEDPIE_0_TestLevel
[2019.10.23-21.13.09:268][ 78]LogWorld: UWorld::CleanupWorld for TestLevel, bSessionEnded=true, bCleanupResources=true
[2019.10.23-21.13.09:289][ 78]LogPlayLevel: Display: Shutting down PIE online subsystems
[2019.10.23-21.13.09:289][ 78]LogBlueprintUserMessages: Late EndPlayMap Detection: Level '/Game/02_Maps/TestLevel.TestLevel:PersistentLevel' has LevelScriptBlueprint '/Game/02_Maps/TestLevel.TestLevel:PersistentLevel.TestLevel' with GeneratedClass '/Game/02_Maps/TestLevel.TestLevel_C' with ClassGeneratedBy '/Game/02_Maps/TestLevel.TestLevel:PersistentLevel.TestLevel'
[2019.10.23-21.13.09:380][ 78]LogSlate: Updating window title bar state: overlay mode, drag disabled, window buttons hidden, title bar hidden
[2019.10.23-21.13.09:419][ 78]LogUObjectHash: Compacting FUObjectHashTables data took   6.78ms
[2019.10.23-21.13.09:451][ 79]LogPlayLevel: Display: Destroying online subsystem :Context_9
[2019.10.23-21.13.10:642][149]LogSlate: FSceneViewport::OnFocusLost() reason 0
[2019.10.23-21.13.10:708][153]MapCheck: New page: Map Check
[2019.10.23-21.13.10:725][153]Cmd: MAP REBUILD ALLVISIBLE
[2019.10.23-21.13.10:726][153]LogEditorServer: Rebuildmap Clear paths rebuilt
[2019.10.23-21.13.10:741][153]LogWorld: UWorld::CleanupWorld for TestLevel, bSessionEnded=true, bCleanupResources=false
[2019.10.23-21.13.10:867][153]LogUObjectHash: Compacting FUObjectHashTables data took   5.15ms
[2019.10.23-21.13.10:972][153]LogMaterial: Display: Missing cached shader map for material DebugViewMode MaterialTexCoordScale, compiling. 
[2019.10.23-21.13.10:991][153]LogMaterial: Display: Missing cached shader map for material DebugViewMode MaterialTexCoordScale, compiling. 
[2019.10.23-21.13.11:000][153]LogShaderCompilers: Display: Worker (1/5): shaders left to compile 2
[2019.10.23-21.13.11:000][153]LogShaderCompilers: Display: Worker (2/5): shaders left to compile 1
[2019.10.23-21.13.11:000][153]LogMaterial: Display: Missing cached shader map for material DebugViewMode MaterialTexCoordScale, compiling. 
[2019.10.23-21.13.11:012][153]LogMaterial: Display: Missing cached shader map for material DebugViewMode MaterialTexCoordScale, compiling. Is special engine material.
[2019.10.23-21.13.11:062][153]LogShaderCompilers: Display: Worker (3/5): shaders left to compile 4
[2019.10.23-21.13.11:062][153]LogShaderCompilers: Display: Worker (4/5): shaders left to compile 3
[2019.10.23-21.13.11:062][153]LogMaterial: Display: Missing cached shader map for material DebugViewMode MaterialTexCoordScale, compiling. 
[2019.10.23-21.13.11:076][153]LogMaterial: Display: Missing cached shader map for material DebugViewMode MaterialTexCoordScale, compiling. 
[2019.10.23-21.13.11:089][153]LogMaterial: Display: Missing cached shader map for material DebugViewMode MaterialTexCoordScale, compiling. 
[2019.10.23-21.13.11:112][153]LogMaterial: Display: Missing cached shader map for material DebugViewMode MaterialTexCoordScale, compiling. 
[2019.10.23-21.13.11:146][153]LogMaterial: Display: Missing cached shader map for material DebugViewMode MaterialTexCoordScale, compiling. 
[2019.10.23-21.13.11:165][153]LogMaterial: Display: Missing cached shader map for material DebugViewMode MaterialTexCoordScale, compiling. 
[2019.10.23-21.13.11:198][153]LogMaterial: Display: Missing cached shader map for material DebugViewMode MaterialTexCoordScale, compiling. 
[2019.10.23-21.13.11:214][153]LogMaterial: Display: Missing cached shader map for material DebugViewMode MaterialTexCoordScale, compiling. 
[2019.10.23-21.13.11:230][153]LogMaterial: Display: Missing cached shader map for material DebugViewMode MaterialTexCoordScale, compiling. 
[2019.10.23-21.13.11:253][153]LogMaterial: Display: Missing cached shader map for material DebugViewMode MaterialTexCoordScale, compiling. 
[2019.10.23-21.13.11:267][153]LogMaterial: Display: Missing cached shader map for material DebugViewMode MaterialTexCoordScale, compiling. 
[2019.10.23-21.13.17:769][153]LogShaderCompilers: Display: Worker (3/5): shaders left to compile 62
[2019.10.23-21.13.17:769][153]LogShaderCompilers: Display: Worker (1/5): shaders left to compile 61
[2019.10.23-21.13.17:769][153]LogShaderCompilers: Display: Worker (4/5): shaders left to compile 60
[2019.10.23-21.13.17:769][153]LogShaderCompilers: Display: Worker (2/5): shaders left to compile 59
[2019.10.23-21.13.17:769][153]LogShaderCompilers: Display: Worker (3/5): shaders left to compile 58
[2019.10.23-21.13.17:769][153]LogShaderCompilers: Display: Worker (1/5): shaders left to compile 57
[2019.10.23-21.13.17:769][153]LogShaderCompilers: Display: Worker (2/5): shaders left to compile 56
[2019.10.23-21.13.17:769][153]LogShaderCompilers: Display: Worker (4/5): shaders left to compile 55
[2019.10.23-21.13.17:769][153]LogShaderCompilers: Display: Worker (3/5): shaders left to compile 54
[2019.10.23-21.13.17:769][153]LogShaderCompilers: Display: Worker (1/5): shaders left to compile 53
[2019.10.23-21.13.17:769][153]LogShaderCompilers: Display: Worker (2/5): shaders left to compile 52
[2019.10.23-21.13.17:769][153]LogShaderCompilers: Display: Worker (4/5): shaders left to compile 51
[2019.10.23-21.13.17:769][153]LogShaderCompilers: Display: Worker (1/5): shaders left to compile 50
[2019.10.23-21.13.17:769][153]LogShaderCompilers: Display: Worker (3/5): shaders left to compile 49
[2019.10.23-21.13.17:769][153]LogShaderCompilers: Display: Worker (4/5): shaders left to compile 48
[2019.10.23-21.13.17:769][153]LogShaderCompilers: Display: Worker (2/5): shaders left to compile 47
[2019.10.23-21.13.17:769][153]LogShaderCompilers: Display: Worker (3/5): shaders left to compile 46
[2019.10.23-21.13.17:769][153]LogShaderCompilers: Display: Worker (1/5): shaders left to compile 45
[2019.10.23-21.13.17:769][153]LogShaderCompilers: Display: Worker (2/5): shaders left to compile 44
[2019.10.23-21.13.17:769][153]LogShaderCompilers: Display: Worker (4/5): shaders left to compile 43
[2019.10.23-21.13.17:769][153]LogShaderCompilers: Display: Worker (3/5): shaders left to compile 42
[2019.10.23-21.13.17:769][153]LogShaderCompilers: Display: Worker (1/5): shaders left to compile 41
[2019.10.23-21.13.17:770][153]LogShaderCompilers: Display: Worker (2/5): shaders left to compile 40
[2019.10.23-21.13.17:770][153]LogShaderCompilers: Display: Worker (4/5): shaders left to compile 39
[2019.10.23-21.13.17:770][153]LogShaderCompilers: Display: Worker (1/5): shaders left to compile 38
[2019.10.23-21.13.17:770][153]LogShaderCompilers: Display: Worker (3/5): shaders left to compile 37
[2019.10.23-21.13.17:770][153]LogShaderCompilers: Display: Worker (2/5): shaders left to compile 36
[2019.10.23-21.13.17:770][153]LogShaderCompilers: Display: Worker (4/5): shaders left to compile 35
[2019.10.23-21.13.17:770][153]LogShaderCompilers: Display: Worker (3/5): shaders left to compile 34
[2019.10.23-21.13.17:770][153]LogShaderCompilers: Display: Worker (1/5): shaders left to compile 33
[2019.10.23-21.13.17:770][153]LogShaderCompilers: Display: Worker (4/5): shaders left to compile 32
[2019.10.23-21.13.17:770][153]LogShaderCompilers: Display: Worker (2/5): shaders left to compile 31
[2019.10.23-21.13.17:770][153]LogShaderCompilers: Display: Worker (1/5): shaders left to compile 30
[2019.10.23-21.13.17:770][153]LogShaderCompilers: Display: Worker (3/5): shaders left to compile 29
[2019.10.23-21.13.17:770][153]LogShaderCompilers: Display: Worker (2/5): shaders left to compile 28
[2019.10.23-21.13.17:770][153]LogShaderCompilers: Display: Worker (4/5): shaders left to compile 27
[2019.10.23-21.13.17:770][153]LogShaderCompilers: Display: Worker (1/5): shaders left to compile 26
[2019.10.23-21.13.17:770][153]LogShaderCompilers: Display: Worker (3/5): shaders left to compile 25
[2019.10.23-21.13.17:770][153]LogShaderCompilers: Display: Worker (4/5): shaders left to compile 24
[2019.10.23-21.13.17:770][153]LogShaderCompilers: Display: Worker (2/5): shaders left to compile 23
[2019.10.23-21.13.17:770][153]LogShaderCompilers: Display: Worker (3/5): shaders left to compile 22
[2019.10.23-21.13.17:770][153]LogShaderCompilers: Display: Worker (1/5): shaders left to compile 21
[2019.10.23-21.13.17:770][153]LogShaderCompilers: Display: Worker (2/5): shaders left to compile 20
[2019.10.23-21.13.17:770][153]LogShaderCompilers: Display: Worker (4/5): shaders left to compile 19
[2019.10.23-21.13.17:770][153]LogShaderCompilers: Display: Worker (3/5): shaders left to compile 18
[2019.10.23-21.13.17:770][153]LogShaderCompilers: Display: Worker (1/5): shaders left to compile 17
[2019.10.23-21.13.17:770][153]LogShaderCompilers: Display: Worker (2/5): shaders left to compile 16
[2019.10.23-21.13.17:770][153]LogShaderCompilers: Display: Worker (3/5): shaders left to compile 15
[2019.10.23-21.13.17:770][153]LogShaderCompilers: Display: Worker (4/5): shaders left to compile 14
[2019.10.23-21.13.17:770][153]LogShaderCompilers: Display: Worker (2/5): shaders left to compile 13
[2019.10.23-21.13.17:770][153]LogShaderCompilers: Display: Worker (1/5): shaders left to compile 12
[2019.10.23-21.13.17:770][153]LogShaderCompilers: Display: Worker (4/5): shaders left to compile 11
[2019.10.23-21.13.17:770][153]LogShaderCompilers: Display: Worker (3/5): shaders left to compile 10
[2019.10.23-21.13.17:770][153]LogShaderCompilers: Display: Worker (2/5): shaders left to compile 9
[2019.10.23-21.13.17:770][153]LogShaderCompilers: Display: Worker (3/5): shaders left to compile 8
[2019.10.23-21.13.17:770][153]LogShaderCompilers: Display: Worker (4/5): shaders left to compile 7
[2019.10.23-21.13.17:770][153]LogShaderCompilers: Display: Worker (1/5): shaders left to compile 6
[2019.10.23-21.13.17:770][153]LogShaderCompilers: Display: Worker (1/5): shaders left to compile 5
[2019.10.23-21.13.17:770][153]LogShaderCompilers: Display: Worker (3/5): shaders left to compile 4
[2019.10.23-21.13.17:770][153]LogShaderCompilers: Display: Worker (2/5): shaders left to compile 3
[2019.10.23-21.13.17:770][153]LogShaderCompilers: Display: Worker (4/5): shaders left to compile 2
[2019.10.23-21.13.17:770][153]LogShaderCompilers: Display: Worker (3/5): shaders left to compile 1
[2019.10.23-21.13.17:770][153]TextureStreamingBuild: Display: Compiling optional shaders took 6.807 seconds.
[2019.10.23-21.13.17:940][153]LogLevel: Display: Export Material TexCoord Scales took 0.170 seconds.
[2019.10.23-21.13.18:024][153]TextureStreamingBuild: Display: Build Texture Streaming took 0.083 seconds.
[2019.10.23-21.13.18:084][153]LogUObjectHash: Compacting FUObjectHashTables data took   1.61ms
[2019.10.23-21.13.18:086][153]LightingResults: New page: Lighting Build - Oct 23, 2019, 1:13:18 PM
[2019.10.23-21.13.18:202][153]LogSwarmInterface: [OpenConnection] Registering TCP channel ...
[2019.10.23-21.13.18:710][153]LogSwarmInterface: [OpenConnection] Connecting to agent ...
[2019.10.23-21.13.18:731][153]LogSwarmInterface: [TryOpenConnection] Testing the Agent
[2019.10.23-21.13.19:789][153]LogSwarmInterface: [TryOpenConnection] Opening Connection to Agent
[2019.10.23-21.13.19:789][153]LogSwarmInterface: [TryOpenConnection] Local Process ID is 7140
[2019.10.23-21.13.22:858][153]LogStaticLightingSystem: Running Lightmass w/ ImmediateImport mode ENABLED
[2019.10.23-21.13.22:858][153]LogStaticLightingSystem: Running Lightmass w/ ImmediateProcess mode ENABLED
[2019.10.23-21.13.22:858][153]LogStaticLightingSystem: Running Lightmass w/ Sorting mode ENABLED
[2019.10.23-21.13.22:858][153]LogStaticLightingSystem: Running Lightmass w/ Mapping paddings ENABLED
[2019.10.23-21.13.22:858][153]LogStaticLightingSystem: Running Lightmass w/ Mapping debug paddings DISABLED
[2019.10.23-21.13.23:408][153]LogMaterial: Display: Missing cached shader map for material FLightmassMaterialRenderer Bottom, compiling. 
[2019.10.23-21.13.23:428][153]LogShaderCompilers: Display: Worker (1/5): shaders left to compile 2
[2019.10.23-21.13.23:428][153]LogShaderCompilers: Display: Worker (2/5): shaders left to compile 1
[2019.10.23-21.13.23:428][153]LogMaterial: Display: Missing cached shader map for material FLightmassMaterialRenderer Bottom, compiling. 
[2019.10.23-21.13.23:442][153]LogShaderCompilers: Display: Worker (3/5): shaders left to compile 2
[2019.10.23-21.13.23:442][153]LogShaderCompilers: Display: Worker (4/5): shaders left to compile 1
[2019.10.23-21.13.23:442][153]LogMaterial: Display: Missing cached shader map for material FLightmassMaterialRenderer Bottom, compiling. 
[2019.10.23-21.13.23:462][153]LogMaterial: Display: Missing cached shader map for material FLightmassMaterialRenderer Top, compiling. 
[2019.10.23-21.13.23:479][153]LogMaterial: Display: Missing cached shader map for material FLightmassMaterialRenderer Top, compiling. 
[2019.10.23-21.13.23:498][153]LogMaterial: Display: Missing cached shader map for material FLightmassMaterialRenderer BasicShapeMaterial, compiling. 
[2019.10.23-21.13.23:521][153]LogMaterial: Display: Missing cached shader map for material FLightmassMaterialRenderer BasicShapeMaterial, compiling. 
[2019.10.23-21.13.23:541][153]LogMaterial: Display: Missing cached shader map for material FLightmassMaterialRenderer M_White, compiling. 
[2019.10.23-21.13.23:566][153]LogMaterial: Display: Missing cached shader map for material FLightmassMaterialRenderer M_White, compiling. 
[2019.10.23-21.13.23:619][153]LogMaterial: Display: Missing cached shader map for material FLightmassMaterialRenderer HandleBlock, compiling. 
[2019.10.23-21.13.23:657][153]LogMaterial: Display: Missing cached shader map for material FLightmassMaterialRenderer HandleBlock, compiling. 
[2019.10.23-21.13.23:707][153]LogMaterial: Display: Missing cached shader map for material FLightmassMaterialRenderer WorldGridMaterial, compiling. Is special engine material.
[2019.10.23-21.13.23:737][153]LogMaterial: Display: Missing cached shader map for material FLightmassMaterialRenderer WorldGridMaterial, compiling. Is special engine material.
[2019.10.23-21.13.23:790][153]LogMaterial: Display: Missing cached shader map for material FLightmassMaterialRenderer Light, compiling. 
[2019.10.23-21.13.23:811][153]LogMaterial: Display: Missing cached shader map for material FLightmassMaterialRenderer Light, compiling. 
[2019.10.23-21.13.28:130][153]LogShaderCompilers: Display: Worker (2/5): shaders left to compile 26
[2019.10.23-21.13.28:130][153]LogShaderCompilers: Display: Worker (4/5): shaders left to compile 19
[2019.10.23-21.13.28:130][153]LogShaderCompilers: Display: Worker (1/5): shaders left to compile 14
[2019.10.23-21.13.28:130][153]LogShaderCompilers: Display: Worker (3/5): shaders left to compile 10
[2019.10.23-21.13.28:130][153]LogShaderCompilers: Display: Worker (3/5): shaders left to compile 7
[2019.10.23-21.13.28:130][153]LogShaderCompilers: Display: Worker (1/5): shaders left to compile 5
[2019.10.23-21.13.28:130][153]LogShaderCompilers: Display: Worker (4/5): shaders left to compile 3
[2019.10.23-21.13.28:130][153]LogShaderCompilers: Display: Worker (3/5): shaders left to compile 2
[2019.10.23-21.13.28:130][153]LogShaderCompilers: Display: Worker (4/5): shaders left to compile 1
[2019.10.23-21.13.28:130][153]LogUObjectHash: Compacting FUObjectHashTables data took   3.61ms
[2019.10.23-21.13.31:235][153]LightingResults: Warning: LightFixture_Long Object has overlapping UVs.
[2019.10.23-21.13.31:248][153]LightingResults: LightFixture_Long Lightmap UV are overlapping by 3.4%. Please adjust content - Enable Error Coloring to visualize.
[2019.10.23-21.13.32:161][153]LightingResults: Warning: Floor Object has wrapping UVs.
[2019.10.23-21.13.32:315][153]LightingResults: Warning: LightFixture_Long Object has overlapping UVs.
[2019.10.23-21.13.32:315][153]LightingResults: LightFixture_Long Lightmap UV are overlapping by 3.4%. Please adjust content - Enable Error Coloring to visualize.
[2019.10.23-21.13.32:892][153]LightingResults: Warning: LightFixture_Long Object has overlapping UVs.
[2019.10.23-21.13.32:892][153]LightingResults: LightFixture_Long Lightmap UV are overlapping by 3.4%. Please adjust content - Enable Error Coloring to visualize.
[2019.10.23-21.13.33:361][153]Job is a success!
[2019.10.23-21.13.33:473][153]LogVolumetricLightmapImport: Imported Volumetric Lightmap in 0.020s
[2019.10.23-21.13.33:473][153]LogVolumetricLightmapImport:      Indirection Texture 16x16x16 = 0.0Mb
[2019.10.23-21.13.33:473][153]LogVolumetricLightmapImport:      BrickData 65x5x5 = 0.1Mb
[2019.10.23-21.13.33:473][153]LogVolumetricLightmapImport:      Bricks at Level
[2019.10.23-21.13.33:473][153]LogVolumetricLightmapImport:          0: 7.7% covering 100.0% of volume
[2019.10.23-21.13.33:473][153]LogVolumetricLightmapImport:          1: 15.4% covering 3.1% of volume
[2019.10.23-21.13.33:473][153]LogVolumetricLightmapImport:          2: 76.9% covering 0.2% of volume
[2019.10.23-21.13.34:255][153]LogTexture: Display: Building textures: SkyOcclusion0_1 (AutoDXT, 1024X512)
[2019.10.23-21.13.34:255][153]LogTexture: Display: Building textures: HQ_Lightmap0_1 (AutoDXT, 1024X1024)
[2019.10.23-21.13.34:255][153]LogTexture: Display: Building textures: LQ_Lightmap_0_1 (DXT1, 1024X1024)
[2019.10.23-21.13.34:255][153]LogTexture: Display: Building textures: SkyOcclusion0_2 (AutoDXT, 1024X512)
[2019.10.23-21.13.34:256][153]LogTexture: Display: Building textures: HQ_Lightmap0_2 (AutoDXT, 1024X1024)
[2019.10.23-21.13.34:256][153]LogTexture: Display: Building textures: LQ_Lightmap_0_2 (DXT1, 1024X1024)
[2019.10.23-21.13.34:256][153]LogTexture: Display: Building textures: ShadowMapTexture2D_0 (G8, 256X512)
[2019.10.23-21.13.34:256][153]LogTexture: Display: Building textures: ShadowMapTexture2D_1 (BGRA8, 1024X256)
[2019.10.23-21.13.34:256][153]Lightmass on DESKTOP-E671F10: 5.13 sec total, 166 ms importing, 30 ms setup, 478 ms photons, 4.41 sec processing, 0 ms extra exporting [58/58 mappings]. Threads: 30.9 sec total, 15.7 sec processing.
[2019.10.23-21.13.34:256][153]LogStaticLightingSystem: TestLevel_BuiltData storing lightmap data for 57 meshes in 3 LightmapResourceClusters (19.0 Meshes per cluster).
[2019.10.23-21.13.34:414][153]LogUObjectHash: Compacting FUObjectHashTables data took   6.79ms
[2019.10.23-21.13.34:429][153]LogStaticLightingSystem: Illumination: 16.3 sec (502 ms encoding lightmaps, 83 ms encoding shadowmaps)
[2019.10.23-21.13.34:429][153]LogStaticLightingSystem: Lightmap texture memory:  5.3 MB (2.7 MB streaming, 2.7 MB non-streaming), 4 textures
[2019.10.23-21.13.34:429][153]LogStaticLightingSystem: Shadowmap texture memory: 1.5 MB (1.3 MB streaming, 0.2 MB non-streaming), 2 textures
[2019.10.23-21.13.39:894][153]DumpUnbuiltLightIteractions
[2019.10.23-21.13.39:894][153]Lights with unbuilt interactions: 0
[2019.10.23-21.13.39:894][153]
[2019.10.23-21.13.39:894][153]Primitives with unbuilt interactions: 0
[2019.10.23-21.13.40:145][153]Cmd: MAP CHECK DONTDISPLAYDIALOG
[2019.10.23-21.13.40:146][153]MapCheck: New page: TestLevel - Oct 23, 2019, 1:13:40 PM
[2019.10.23-21.13.40:151][153]MapCheck: Warning: 232-desk_Cube_4 Static mesh actor has NULL StaticMesh property 
[2019.10.23-21.13.40:151][153]MapCheck: Warning: 232-desk_Cube_001_6 Static mesh actor has NULL StaticMesh property 
[2019.10.23-21.13.40:151][153]MapCheck: Warning: 232-desk_Cube_002_8 Static mesh actor has NULL StaticMesh property 
[2019.10.23-21.13.40:153][153]MapCheck: Map check complete: 0 Error(s), 3 Warning(s), took 7.667ms to complete.
[2019.10.23-21.13.40:156][153]LogEditorBuildUtils: Build time 0:29
[2019.10.23-21.13.40:570][154]Cmd: MAP CHECK NOTIFYRESULTS
[2019.10.23-21.13.40:571][154]MapCheck: New page: TestLevel - Oct 23, 2019, 1:13:40 PM
[2019.10.23-21.13.40:573][154]MapCheck: Warning: 232-desk_Cube_4 Static mesh actor has NULL StaticMesh property 
[2019.10.23-21.13.40:573][154]MapCheck: Warning: 232-desk_Cube_001_6 Static mesh actor has NULL StaticMesh property 
[2019.10.23-21.13.40:573][154]MapCheck: Warning: 232-desk_Cube_002_8 Static mesh actor has NULL StaticMesh property 
[2019.10.23-21.13.40:574][154]MapCheck: Map check complete: 0 Error(s), 3 Warning(s), took 3.058ms to complete.
[2019.10.23-21.13.45:747][458]LogSlate: Window 'Message Log' being destroyed
[2019.10.23-21.13.45:753][458]LogSlate: Window 'Message Log' being destroyed
[2019.10.23-21.13.46:457][500]LogEditorViewport: Clicking on Actor (LMB): BP_Monitor_C (Monitor24)
[2019.10.23-21.13.47:829][554]LogEditorViewport: Clicking on Actor (LMB): North_Wall_Blueprint_C (North_Wall_Blueprint)
[2019.10.23-21.13.48:806][606]LogSlate: FSceneViewport::OnFocusLost() reason 0
[2019.10.23-21.13.48:872][610]LogTemp: Repeating last play command: Selected Viewport
[2019.10.23-21.13.48:895][610]LogBlueprintUserMessages: Early PlayInEditor Detection: Level '/Game/02_Maps/TestLevel.TestLevel:PersistentLevel' has LevelScriptBlueprint '/Game/02_Maps/TestLevel.TestLevel:PersistentLevel.TestLevel' with GeneratedClass '/Game/02_Maps/TestLevel.TestLevel_C' with ClassGeneratedBy '/Game/02_Maps/TestLevel.TestLevel:PersistentLevel.TestLevel'
[2019.10.23-21.13.48:895][610]LogPlayLevel: PlayLevel: No blueprints needed recompiling
[2019.10.23-21.13.48:895][610]PIE: New page: PIE session: TestLevel (Oct 23, 2019, 1:13:48 PM)
[2019.10.23-21.13.48:895][610]LogPlayLevel: Creating play world package: /Game/02_Maps/UEDPIE_0_TestLevel
[2019.10.23-21.13.48:922][610]LogPlayLevel: PIE: StaticDuplicateObject took: (0.026990s)
[2019.10.23-21.13.48:923][610]LogAIModule: Creating AISystem for world TestLevel
[2019.10.23-21.13.48:923][610]LogPlayLevel: PIE: World Init took: (0.000991s)
[2019.10.23-21.13.48:923][610]LogPlayLevel: PIE: Created PIE world by copying editor world from /Game/02_Maps/TestLevel.TestLevel to /Game/02_Maps/UEDPIE_0_TestLevel.TestLevel (0.028129s)
[2019.10.23-21.13.49:012][610]LogUObjectHash: Compacting FUObjectHashTables data took   4.93ms
[2019.10.23-21.13.49:033][610]LogInit: XAudio2 using 'Speakers/Headphones (Realtek(R) Audio)' : 2 channels at 48 kHz using 32 bits per sample (channel mask 0x3)
[2019.10.23-21.13.49:132][610]LogInit: FAudioDevice initialized.
[2019.10.23-21.13.49:143][610]LogLoad: Game class is 'VR_GM_C'
[2019.10.23-21.13.49:148][610]LogWorld: Bringing World /Game/02_Maps/UEDPIE_0_TestLevel.TestLevel up for play (max tick rate 60) at 2019.10.23-17.13.49
[2019.10.23-21.13.49:150][610]LogWorld: Bringing up level for play took: 0.006575
[2019.10.23-21.13.49:151][610]LogOnline: OSS: Creating online subsystem instance for: :Context_12
[2019.10.23-21.13.49:159][610]PIE: Play in editor start time for /Game/02_Maps/UEDPIE_0_TestLevel -0.64
[2019.10.23-21.13.49:159][610]LogBlueprintUserMessages: Late PlayInEditor Detection: Level '/Game/02_Maps/TestLevel.TestLevel:PersistentLevel' has LevelScriptBlueprint '/Game/02_Maps/TestLevel.TestLevel:PersistentLevel.TestLevel' with GeneratedClass '/Game/02_Maps/TestLevel.TestLevel_C' with ClassGeneratedBy '/Game/02_Maps/TestLevel.TestLevel:PersistentLevel.TestLevel'
[2019.10.23-21.14.01:184][237]LogBlueprintUserMessages: Early EndPlayMap Detection: Level '/Game/02_Maps/TestLevel.TestLevel:PersistentLevel' has LevelScriptBlueprint '/Game/02_Maps/TestLevel.TestLevel:PersistentLevel.TestLevel' with GeneratedClass '/Game/02_Maps/TestLevel.TestLevel_C' with ClassGeneratedBy '/Game/02_Maps/TestLevel.TestLevel:PersistentLevel.TestLevel'
[2019.10.23-21.14.01:184][237]LogSlate: Updating window title bar state: overlay mode, drag disabled, window buttons hidden, title bar hidden
[2019.10.23-21.14.01:184][237]LogWorld: BeginTearingDown for /Game/02_Maps/UEDPIE_0_TestLevel
[2019.10.23-21.14.01:186][237]LogWorld: UWorld::CleanupWorld for TestLevel, bSessionEnded=true, bCleanupResources=true
[2019.10.23-21.14.01:204][237]LogPlayLevel: Display: Shutting down PIE online subsystems
[2019.10.23-21.14.01:204][237]LogBlueprintUserMessages: Late EndPlayMap Detection: Level '/Game/02_Maps/TestLevel.TestLevel:PersistentLevel' has LevelScriptBlueprint '/Game/02_Maps/TestLevel.TestLevel:PersistentLevel.TestLevel' with GeneratedClass '/Game/02_Maps/TestLevel.TestLevel_C' with ClassGeneratedBy '/Game/02_Maps/TestLevel.TestLevel:PersistentLevel.TestLevel'
[2019.10.23-21.14.01:280][237]LogSlate: Updating window title bar state: overlay mode, drag disabled, window buttons hidden, title bar hidden
[2019.10.23-21.14.01:309][237]LogUObjectHash: Compacting FUObjectHashTables data took   6.17ms
[2019.10.23-21.14.01:336][238]LogPlayLevel: Display: Destroying online subsystem :Context_12
[2019.10.23-21.14.43:309][641]LogSlate: FSceneViewport::OnFocusLost() reason 5
[2019.10.23-21.15.26:413][880]LogEditorViewport: Clicking on Actor (LMB): BP_Monitor_C (Monitor32)
[2019.10.23-21.15.28:338][990]LogSlate: FSceneViewport::OnFocusLost() reason 0
[2019.10.23-21.15.34:226][322]LogEditorViewport: Clicking on Actor (LMB): StaticMeshActor (Cube)
[2019.10.23-21.15.35:002][364]LogSlate: FSceneViewport::OnFocusLost() reason 0
[2019.10.23-21.15.35:035][366]LogTemp: Repeating last play command: Selected Viewport
[2019.10.23-21.15.35:063][366]LogBlueprintUserMessages: Early PlayInEditor Detection: Level '/Game/02_Maps/TestLevel.TestLevel:PersistentLevel' has LevelScriptBlueprint '/Game/02_Maps/TestLevel.TestLevel:PersistentLevel.TestLevel' with GeneratedClass '/Game/02_Maps/TestLevel.TestLevel_C' with ClassGeneratedBy '/Game/02_Maps/TestLevel.TestLevel:PersistentLevel.TestLevel'
[2019.10.23-21.15.35:064][366]LogPlayLevel: PlayLevel: No blueprints needed recompiling
[2019.10.23-21.15.35:064][366]PIE: New page: PIE session: TestLevel (Oct 23, 2019, 1:15:35 PM)
[2019.10.23-21.15.35:067][366]LogPlayLevel: Creating play world package: /Game/02_Maps/UEDPIE_0_TestLevel
[2019.10.23-21.15.35:095][366]LogPlayLevel: PIE: StaticDuplicateObject took: (0.028420s)
[2019.10.23-21.15.35:096][366]LogAIModule: Creating AISystem for world TestLevel
[2019.10.23-21.15.35:097][366]LogPlayLevel: PIE: World Init took: (0.001683s)
[2019.10.23-21.15.35:097][366]LogPlayLevel: PIE: Created PIE world by copying editor world from /Game/02_Maps/TestLevel.TestLevel to /Game/02_Maps/UEDPIE_0_TestLevel.TestLevel (0.030323s)
[2019.10.23-21.15.35:142][366]LogUObjectHash: Compacting FUObjectHashTables data took   3.18ms
[2019.10.23-21.15.35:157][366]LogInit: XAudio2 using 'Speakers/Headphones (Realtek(R) Audio)' : 2 channels at 48 kHz using 32 bits per sample (channel mask 0x3)
[2019.10.23-21.15.35:259][366]LogInit: FAudioDevice initialized.
[2019.10.23-21.15.35:271][366]LogLoad: Game class is 'VR_GM_C'
[2019.10.23-21.15.35:276][366]LogWorld: Bringing World /Game/02_Maps/UEDPIE_0_TestLevel.TestLevel up for play (max tick rate 60) at 2019.10.23-17.15.35
[2019.10.23-21.15.35:277][366]LogWorld: Bringing up level for play took: 0.005110
[2019.10.23-21.15.35:277][366]LogOnline: OSS: Creating online subsystem instance for: :Context_13
[2019.10.23-21.15.35:282][366]PIE: Play in editor start time for /Game/02_Maps/UEDPIE_0_TestLevel -0.517
[2019.10.23-21.15.35:283][366]LogBlueprintUserMessages: Late PlayInEditor Detection: Level '/Game/02_Maps/TestLevel.TestLevel:PersistentLevel' has LevelScriptBlueprint '/Game/02_Maps/TestLevel.TestLevel:PersistentLevel.TestLevel' with GeneratedClass '/Game/02_Maps/TestLevel.TestLevel_C' with ClassGeneratedBy '/Game/02_Maps/TestLevel.TestLevel:PersistentLevel.TestLevel'
[2019.10.23-21.16.15:861][714]LogBlueprintUserMessages: Early EndPlayMap Detection: Level '/Game/02_Maps/TestLevel.TestLevel:PersistentLevel' has LevelScriptBlueprint '/Game/02_Maps/TestLevel.TestLevel:PersistentLevel.TestLevel' with GeneratedClass '/Game/02_Maps/TestLevel.TestLevel_C' with ClassGeneratedBy '/Game/02_Maps/TestLevel.TestLevel:PersistentLevel.TestLevel'
[2019.10.23-21.16.15:867][714]LogSlate: Updating window title bar state: overlay mode, drag disabled, window buttons hidden, title bar hidden
[2019.10.23-21.16.15:868][714]LogWorld: BeginTearingDown for /Game/02_Maps/UEDPIE_0_TestLevel
[2019.10.23-21.16.15:869][714]LogWorld: UWorld::CleanupWorld for TestLevel, bSessionEnded=true, bCleanupResources=true
[2019.10.23-21.16.15:887][714]LogPlayLevel: Display: Shutting down PIE online subsystems
[2019.10.23-21.16.15:888][714]LogBlueprintUserMessages: Late EndPlayMap Detection: Level '/Game/02_Maps/TestLevel.TestLevel:PersistentLevel' has LevelScriptBlueprint '/Game/02_Maps/TestLevel.TestLevel:PersistentLevel.TestLevel' with GeneratedClass '/Game/02_Maps/TestLevel.TestLevel_C' with ClassGeneratedBy '/Game/02_Maps/TestLevel.TestLevel:PersistentLevel.TestLevel'
[2019.10.23-21.16.15:959][714]LogSlate: Updating window title bar state: overlay mode, drag disabled, window buttons hidden, title bar hidden
[2019.10.23-21.16.15:968][714]LogUObjectHash: Compacting FUObjectHashTables data took   5.84ms
[2019.10.23-21.16.16:005][715]LogPlayLevel: Display: Destroying online subsystem :Context_13
[2019.10.23-21.16.18:055][837]LogSlate: FSceneViewport::OnFocusLost() reason 0
[2019.10.23-21.19.01:116][516]LogEditorViewport: Clicking on Actor (LMB): StaticMeshActor (Door_DoorBody)
[2019.10.23-21.19.04:149][690]LogSlate: FSceneViewport::OnFocusLost() reason 0
[2019.10.23-21.19.13:374][172]LogSlate: FSceneViewport::OnFocusLost() reason 0
[2019.10.23-21.19.20:147][536]LogEditorViewport: Clicking on Actor (LMB): StaticMeshActor (Door_DoorBody)
[2019.10.23-21.19.21:876][637]LogSlate: FSceneViewport::OnFocusLost() reason 0
[2019.10.23-21.20.00:148][922]LogAssetEditorManager: Opening Asset editor for StaticMesh /Game/03_Meshes/Door/Door_DoorHandleBlock.Door_DoorHandleBlock
[2019.10.23-21.20.01:036][923]LogRenderer: Reallocating scene render targets to support 1016x608 Format 9 NumSamples 1 (Frame:1).
[2019.10.23-21.20.06:938][128]LogSlate: FSceneViewport::OnFocusLost() reason 0
[2019.10.23-21.20.07:047][131]LogWorld: UWorld::CleanupWorld for World_11, bSessionEnded=true, bCleanupResources=true
[2019.10.23-21.20.09:954][296]LogEditorViewport: Clicking on Actor (LMB): StaticMeshActor (Door_DoorBody)
[2019.10.23-21.20.22:198][ 24]LogSlate: FSceneViewport::OnFocusLost() reason 0
[2019.10.23-21.20.54:865][748]LogSlate: Window 'Pick Parent Class' being destroyed
[2019.10.23-21.20.58:736][973]LogAssetEditorManager: Opening Asset editor for Blueprint /Game/01_Blueprints/Door.Door
[2019.10.23-21.21.05:914][257]LogSlate: FSceneViewport::OnFocusLost() reason 2
[2019.10.23-21.21.15:370][675]LogSlate: FSceneViewport::OnFocusLost() reason 2
[2019.10.23-21.21.20:844][885]LogSlate: FSceneViewport::OnFocusLost() reason 0
[2019.10.23-21.22.10:175][735]LogD3D11RHI: Timed out while waiting for GPU to catch up. (0.5 s) (ErrorCode 00000001)
