Log file open, 10/23/19 11:14:59
LogWindows: Failed to load 'aqProf.dll' (GetLastError=126)
LogWindows: File 'aqProf.dll' does not exist
LogWindows: Failed to load 'VtuneApi.dll' (GetLastError=126)
LogWindows: File 'VtuneApi.dll' does not exist
LogWindows: Failed to load 'VtuneApi32e.dll' (GetLastError=126)
LogWindows: File 'VtuneApi32e.dll' does not exist
LogConsoleResponse: Display: Failed to find resolution value strings in scalability ini. Falling back to default.
LogInit: Display: Running engine for game: VRHCR
LogPlatformFile: Not using cached read wrapper
LogTaskGraph: Started task graph with 5 named threads and 23 total threads with 3 sets of task threads.
LogStats: Stats thread started at 0.132357
LogD3D11RHI: Loaded GFSDK_Aftermath_Lib.x64.dll
LogICUInternationalization: ICU TimeZone Detection - Raw Offset: -5:00, Platform Override: ''
LogPluginManager: Mounting plugin Paper2D
LogPluginManager: Mounting plugin AISupport
LogPluginManager: Mounting plugin LightPropagationVolume
LogPluginManager: Mounting plugin ActorLayerUtilities
LogPluginManager: Mounting plugin AnimationSharing
LogPluginManager: Mounting plugin CLionSourceCodeAccess
LogPluginManager: Mounting plugin CodeLiteSourceCodeAccess
LogPluginManager: Mounting plugin GitSourceControl
LogPluginManager: Mounting plugin KDevelopSourceCodeAccess
LogPluginManager: Mounting plugin NullSourceCodeAccess
LogPluginManager: Mounting plugin PerforceSourceControl
LogPluginManager: Mounting plugin SubversionSourceControl
LogPluginManager: Mounting plugin UObjectPlugin
LogPluginManager: Mounting plugin VisualStudioCodeSourceCodeAccess
LogPluginManager: Mounting plugin VisualStudioSourceCodeAccess
LogPluginManager: Mounting plugin XCodeSourceCodeAccess
LogPluginManager: Mounting plugin AssetManagerEditor
LogPluginManager: Mounting plugin CryptoKeys
LogPluginManager: Mounting plugin CurveEditorTools
LogPluginManager: Mounting plugin DataValidation
LogPluginManager: Mounting plugin FacialAnimation
LogPluginManager: Mounting plugin GameplayTagsEditor
LogPluginManager: Mounting plugin MacGraphicsSwitching
LogPluginManager: Mounting plugin MaterialAnalyzer
LogPluginManager: Mounting plugin MobileLauncherProfileWizard
LogPluginManager: Mounting plugin PluginBrowser
LogPluginManager: Mounting plugin SpeedTreeImporter
LogPluginManager: Mounting plugin DatasmithContent
LogPluginManager: Mounting plugin VariantManagerContent
LogPluginManager: Mounting plugin AlembicImporter
LogPluginManager: Mounting plugin AutomationUtils
LogPluginManager: Mounting plugin BackChannel
LogPluginManager: Mounting plugin CharacterAI
LogPluginManager: Mounting plugin GeometryCache
LogPluginManager: Mounting plugin HTML5Networking
LogPluginManager: Mounting plugin PlatformCrypto
LogPluginManager: Mounting plugin ProxyLODPlugin
LogPluginManager: Mounting plugin SkeletalReduction
LogPluginManager: Mounting plugin MagicLeap
LogPluginManager: Mounting plugin MagicLeapMedia
LogPluginManager: Mounting plugin AndroidMedia
LogPluginManager: Mounting plugin AvfMedia
LogPluginManager: Mounting plugin ImgMedia
LogPluginManager: Mounting plugin MediaCompositing
LogPluginManager: Mounting plugin MediaPlayerEditor
LogPluginManager: Mounting plugin WebMMedia
LogPluginManager: Mounting plugin WmfMedia
LogPluginManager: Mounting plugin TcpMessaging
LogPluginManager: Mounting plugin UdpMessaging
LogPluginManager: Mounting plugin ActorSequence
LogPluginManager: Mounting plugin LevelSequenceEditor
LogPluginManager: Mounting plugin MatineeToLevelSequence
LogPluginManager: Mounting plugin NetcodeUnitTest
LogPluginManager: Mounting plugin NUTUnrealEngine4
LogPluginManager: Mounting plugin OnlineSubsystemGooglePlay
LogPluginManager: Mounting plugin OnlineSubsystemIOS
LogPluginManager: Mounting plugin OnlineSubsystem
LogPluginManager: Mounting plugin OnlineSubsystemNull
LogPluginManager: Mounting plugin OnlineSubsystemOculus
LogPluginManager: Mounting plugin OnlineSubsystemSteam
LogPluginManager: Mounting plugin OnlineSubsystemUtils
LogPluginManager: Mounting plugin LauncherChunkInstaller
LogPluginManager: Mounting plugin AndroidDeviceProfileSelector
LogPluginManager: Mounting plugin AndroidMoviePlayer
LogPluginManager: Mounting plugin AndroidPermission
LogPluginManager: Mounting plugin AppleImageUtils
LogPluginManager: Mounting plugin AppleMoviePlayer
LogPluginManager: Mounting plugin ArchVisCharacter
LogPluginManager: Mounting plugin AudioCapture
LogPluginManager: Mounting plugin CableComponent
LogPluginManager: Mounting plugin CustomMeshComponent
LogPluginManager: Mounting plugin EditableMesh
LogPluginManager: Mounting plugin ExampleDeviceProfileSelector
LogPluginManager: Mounting plugin GoogleCloudMessaging
LogPluginManager: Mounting plugin IOSDeviceProfileSelector
LogPluginManager: Mounting plugin LinuxDeviceProfileSelector
LogPluginManager: Mounting plugin LocationServicesBPLibrary
LogPluginManager: Mounting plugin MobilePatchingUtils
LogPluginManager: Mounting plugin OculusAudio
LogPluginManager: Mounting plugin OculusVR
LogPluginManager: Mounting plugin PhysXVehicles
LogPluginManager: Mounting plugin ProceduralMeshComponent
LogPluginManager: Mounting plugin RuntimePhysXCooking
LogPluginManager: Mounting plugin SignificanceManager
LogPluginManager: Mounting plugin SteamVR
LogPluginManager: Mounting plugin WebMMoviePlayer
LogPluginManager: Mounting plugin WindowsMoviePlayer
LogPluginManager: Mounting plugin ScreenshotTools
LogInit: Using libcurl 7.55.1-DEV
LogInit:  - built for x86_64-pc-win32
LogInit:  - supports SSL with OpenSSL/1.1.1
LogInit:  - supports HTTP deflate (compression) using libz 1.2.8
LogInit:  - other features:
LogInit:      CURL_VERSION_SSL
LogInit:      CURL_VERSION_LIBZ
LogInit:      CURL_VERSION_IPV6
LogInit:      CURL_VERSION_ASYNCHDNS
LogInit:      CURL_VERSION_LARGEFILE
LogInit:      CURL_VERSION_IDN
LogInit:  CurlRequestOptions (configurable via config and command line):
LogInit:  - bVerifyPeer = true  - Libcurl will verify peer certificate
LogInit:  - bUseHttpProxy = false  - Libcurl will NOT use HTTP proxy
LogInit:  - bDontReuseConnections = false  - Libcurl will reuse connections
LogInit:  - MaxHostConnections = 16  - Libcurl will limit the number of connections to a host
LogInit:  - LocalHostAddr = Default
LogInit:  - BufferSize = 65536
LogOnline: Display: STEAM: Loading Steam SDK 1.42
LogOnline: OSS: Creating online subsystem instance for: Steam
LogOnline: Display: STEAM: OnlineSubsystemSteam::Shutdown()
LogOnline: OSS: Unable to create OnlineSubsystem module Steam
LogOnline: OSS: Creating online subsystem instance for: NULL
LogInit: WinSock: version 1.1 (2.2), MaxSocks=32767, MaxUdp=65467
LogInit: Build: ++UE4+Release-4.23-CL-8386587
LogInit: Engine Version: 4.23.0-8386587+++UE4+Release-4.23
LogInit: Compatible Engine Version: 4.23.0-8386587+++UE4+Release-4.23
LogInit: Net CL: 8386587
LogInit: OS: Windows 10 (Release 1809) (), CPU: Intel(R) Core(TM) i5-8265U CPU @ 1.60GHz, GPU: Intel(R) UHD Graphics 620
LogInit: Compiled (64-bit): Aug 31 2019 02:04:44
LogInit: Compiled with Visual C++: 19.16.27030.01
LogInit: Build Configuration: Development
LogInit: Branch Name: ++UE4+Release-4.23
LogInit: Command Line: 
LogInit: Base Directory: C:/Program Files/Epic Games/UE_4.23/Engine/Binaries/Win64/
LogInit: Installed Engine Build: 1
LogDevObjectVersion: Number of dev versions registered: 23
LogDevObjectVersion:   Dev-Blueprints (B0D832E4-1F89-4F0D-ACCF-7EB736FD4AA2): 10
LogDevObjectVersion:   Dev-Build (E1C64328-A22C-4D53-A36C-8E866417BD8C): 0
LogDevObjectVersion:   Dev-Core (375EC13C-06E4-48FB-B500-84F0262A717E): 3
LogDevObjectVersion:   Dev-Editor (E4B068ED-F494-42E9-A231-DA0B2E46BB41): 34
LogDevObjectVersion:   Dev-Framework (CFFC743F-43B0-4480-9391-14DF171D2073): 35
LogDevObjectVersion:   Dev-Mobile (B02B49B5-BB20-44E9-A304-32B752E40360): 2
LogDevObjectVersion:   Dev-Networking (A4E4105C-59A1-49B5-A7C5-40C4547EDFEE): 0
LogDevObjectVersion:   Dev-Online (39C831C9-5AE6-47DC-9A44-9C173E1C8E7C): 0
LogDevObjectVersion:   Dev-Physics (78F01B33-EBEA-4F98-B9B4-84EACCB95AA2): 0
LogDevObjectVersion:   Dev-Platform (6631380F-2D4D-43E0-8009-CF276956A95A): 0
LogDevObjectVersion:   Dev-Rendering (12F88B9F-8875-4AFC-A67C-D90C383ABD29): 31
LogDevObjectVersion:   Dev-Sequencer (7B5AE74C-D270-4C10-A958-57980B212A5A): 11
LogDevObjectVersion:   Dev-VR (D7296918-1DD6-4BDD-9DE2-64A83CC13884): 2
LogDevObjectVersion:   Dev-LoadTimes (C2A15278-BFE7-4AFE-6C17-90FF531DF755): 1
LogDevObjectVersion:   Private-Geometry (6EACA3D4-40EC-4CC1-B786-8BED09428FC5): 3
LogDevObjectVersion:   Dev-AnimPhys (29E575DD-E0A3-4627-9D10-D276232CDCEA): 17
LogDevObjectVersion:   Dev-Anim (AF43A65D-7FD3-4947-9873-3E8ED9C1BB05): 2
LogDevObjectVersion:   Dev-ReflectionCapture (6B266CEC-1EC7-4B8F-A30B-E4D90942FC07): 1
LogDevObjectVersion:   Dev-Automation (0DF73D61-A23F-47EA-B727-89E90C41499A): 1
LogDevObjectVersion:   FortniteMain (601D1886-AC64-4F84-AA16-D3DE0DEAC7D6): 27
LogDevObjectVersion:   Dev-Enterprise (9DFFBCD6-494F-0158-E221-12823C92A888): 6
LogDevObjectVersion:   Dev-Niagara (F2AED0AC-9AFE-416F-8664-AA7FFA26D6FC): 1
LogDevObjectVersion:   Dev-Destruction (174F1F0B-B4C6-45A5-B13F-2EE8D0FB917D): 9
LogInit: Presizing for max 16777216 objects, including 0 objects not considered by GC, pre-allocating 0 bytes for permanent pool.
LogInit: Object subsystem initialized
LogConfig: Setting CVar [[con.DebugEarlyDefault:1]]
LogConfig: Setting CVar [[r.setres:1280x720]]
[2019.10.23-15.15.00:317][  0]LogConfig: Setting CVar [[r.VSync:0]]
[2019.10.23-15.15.00:317][  0]LogConfig: Setting CVar [[r.RHICmdBypass:0]]
[2019.10.23-15.15.00:317][  0]LogConfig: Applying CVar settings from Section [/Script/Engine.RendererSettings] File [C:/Users/hwils/Desktop/VR-Classroom/Saved/Config/Windows/Engine.ini]
[2019.10.23-15.15.00:317][  0]LogConfig: Setting CVar [[r.GPUCrashDebugging:0]]
[2019.10.23-15.15.00:317][  0]LogConfig: Setting CVar [[r.DefaultFeature.AutoExposure:1]]
[2019.10.23-15.15.00:317][  0]LogConfig: Applying CVar settings from Section [/Script/Engine.RendererOverrideSettings] File [C:/Users/hwils/Desktop/VR-Classroom/Saved/Config/Windows/Engine.ini]
[2019.10.23-15.15.00:317][  0]LogConfig: Applying CVar settings from Section [/Script/Engine.StreamingSettings] File [C:/Users/hwils/Desktop/VR-Classroom/Saved/Config/Windows/Engine.ini]
[2019.10.23-15.15.00:317][  0]LogConfig: Setting CVar [[s.MinBulkDataSizeForAsyncLoading:131072]]
[2019.10.23-15.15.00:317][  0]LogConfig: Setting CVar [[s.AsyncLoadingThreadEnabled:0]]
[2019.10.23-15.15.00:317][  0]LogConfig: Setting CVar [[s.EventDrivenLoaderEnabled:1]]
[2019.10.23-15.15.00:317][  0]LogConfig: Setting CVar [[s.WarnIfTimeLimitExceeded:0]]
[2019.10.23-15.15.00:317][  0]LogConfig: Setting CVar [[s.TimeLimitExceededMultiplier:1.5]]
[2019.10.23-15.15.00:317][  0]LogConfig: Setting CVar [[s.TimeLimitExceededMinTime:0.005]]
[2019.10.23-15.15.00:317][  0]LogConfig: Setting CVar [[s.UseBackgroundLevelStreaming:0]]
[2019.10.23-15.15.00:317][  0]LogConfig: Setting CVar [[s.PriorityAsyncLoadingExtraTime:15.0]]
[2019.10.23-15.15.00:317][  0]LogConfig: Setting CVar [[s.LevelStreamingActorsUpdateTimeLimit:5.0]]
[2019.10.23-15.15.00:317][  0]LogConfig: Setting CVar [[s.PriorityLevelStreamingActorsUpdateExtraTime:5.0]]
[2019.10.23-15.15.00:317][  0]LogConfig: Setting CVar [[s.LevelStreamingComponentsRegistrationGranularity:10]]
[2019.10.23-15.15.00:317][  0]LogConfig: Setting CVar [[s.UnregisterComponentsTimeLimit:1.0]]
[2019.10.23-15.15.00:317][  0]LogConfig: Setting CVar [[s.LevelStreamingComponentsUnregistrationGranularity:5]]
[2019.10.23-15.15.00:317][  0]LogConfig: Applying CVar settings from Section [/Script/Engine.GarbageCollectionSettings] File [C:/Users/hwils/Desktop/VR-Classroom/Saved/Config/Windows/Engine.ini]
[2019.10.23-15.15.00:317][  0]LogConfig: Setting CVar [[gc.MaxObjectsNotConsideredByGC:1]]
[2019.10.23-15.15.00:317][  0]LogConfig: Setting CVar [[gc.SizeOfPermanentObjectPool:0]]
[2019.10.23-15.15.00:317][  0]LogConfig: Setting CVar [[gc.FlushStreamingOnGC:0]]
[2019.10.23-15.15.00:317][  0]LogConfig: Setting CVar [[gc.NumRetriesBeforeForcingGC:10]]
[2019.10.23-15.15.00:317][  0]LogConfig: Setting CVar [[gc.AllowParallelGC:1]]
[2019.10.23-15.15.00:317][  0]LogConfig: Setting CVar [[gc.TimeBetweenPurgingPendingKillObjects:61.1]]
[2019.10.23-15.15.00:317][  0]LogConfig: Setting CVar [[gc.MaxObjectsInEditor:16777216]]
[2019.10.23-15.15.00:317][  0]LogConfig: Setting CVar [[gc.IncrementalBeginDestroyEnabled:1]]
[2019.10.23-15.15.00:317][  0]LogConfig: Setting CVar [[gc.CreateGCClusters:1]]
[2019.10.23-15.15.00:317][  0]LogConfig: Setting CVar [[gc.MinGCClusterSize:5]]
[2019.10.23-15.15.00:317][  0]LogConfig: Setting CVar [[gc.ActorClusteringEnabled:0]]
[2019.10.23-15.15.00:317][  0]LogConfig: Setting CVar [[gc.BlueprintClusteringEnabled:0]]
[2019.10.23-15.15.00:317][  0]LogConfig: Setting CVar [[gc.UseDisregardForGCOnDedicatedServers:0]]
[2019.10.23-15.15.00:317][  0]LogConfig: Applying CVar settings from Section [/Script/Engine.NetworkSettings] File [C:/Users/hwils/Desktop/VR-Classroom/Saved/Config/Windows/Engine.ini]
[2019.10.23-15.15.00:318][  0]LogConfig: Applying CVar settings from Section [/Script/UnrealEd.CookerSettings] File [C:/Users/hwils/Desktop/VR-Classroom/Saved/Config/Windows/Engine.ini]
[2019.10.23-15.15.00:320][  0]LogConfig: Applying CVar settings from Section [ViewDistanceQuality@3] File [C:/Users/hwils/Desktop/VR-Classroom/Saved/Config/Windows/Scalability.ini]
[2019.10.23-15.15.00:320][  0]LogConfig: Setting CVar [[r.SkeletalMeshLODBias:0]]
[2019.10.23-15.15.00:320][  0]LogConfig: Setting CVar [[r.ViewDistanceScale:1.0]]
[2019.10.23-15.15.00:320][  0]LogConfig: Applying CVar settings from Section [AntiAliasingQuality@3] File [C:/Users/hwils/Desktop/VR-Classroom/Saved/Config/Windows/Scalability.ini]
[2019.10.23-15.15.00:320][  0]LogConfig: Setting CVar [[r.PostProcessAAQuality:4]]
[2019.10.23-15.15.00:320][  0]LogConfig: Applying CVar settings from Section [ShadowQuality@3] File [C:/Users/hwils/Desktop/VR-Classroom/Saved/Config/Windows/Scalability.ini]
[2019.10.23-15.15.00:320][  0]LogConfig: Setting CVar [[r.LightFunctionQuality:1]]
[2019.10.23-15.15.00:320][  0]LogConfig: Setting CVar [[r.ShadowQuality:5]]
[2019.10.23-15.15.00:320][  0]LogConfig: Setting CVar [[r.Shadow.CSM.MaxCascades:10]]
[2019.10.23-15.15.00:320][  0]LogConfig: Setting CVar [[r.Shadow.MaxResolution:2048]]
[2019.10.23-15.15.00:320][  0]LogConfig: Setting CVar [[r.Shadow.MaxCSMResolution:2048]]
[2019.10.23-15.15.00:320][  0]LogConfig: Setting CVar [[r.Shadow.RadiusThreshold:0.01]]
[2019.10.23-15.15.00:320][  0]LogConfig: Setting CVar [[r.Shadow.DistanceScale:1.0]]
[2019.10.23-15.15.00:320][  0]LogConfig: Setting CVar [[r.Shadow.CSM.TransitionScale:1.0]]
[2019.10.23-15.15.00:320][  0]LogConfig: Setting CVar [[r.Shadow.PreShadowResolutionFactor:1.0]]
[2019.10.23-15.15.00:320][  0]LogConfig: Setting CVar [[r.DistanceFieldShadowing:1]]
[2019.10.23-15.15.00:320][  0]LogConfig: Setting CVar [[r.DistanceFieldAO:1]]
[2019.10.23-15.15.00:320][  0]LogConfig: Setting CVar [[r.AOQuality:2]]
[2019.10.23-15.15.00:320][  0]LogConfig: Setting CVar [[r.VolumetricFog:1]]
[2019.10.23-15.15.00:320][  0]LogConfig: Setting CVar [[r.VolumetricFog.GridPixelSize:8]]
[2019.10.23-15.15.00:320][  0]LogConfig: Setting CVar [[r.VolumetricFog.GridSizeZ:128]]
[2019.10.23-15.15.00:320][  0]LogConfig: Setting CVar [[r.VolumetricFog.HistoryMissSupersampleCount:4]]
[2019.10.23-15.15.00:320][  0]LogConfig: Setting CVar [[r.LightMaxDrawDistanceScale:1]]
[2019.10.23-15.15.00:320][  0]LogConfig: Setting CVar [[r.CapsuleShadows:1]]
[2019.10.23-15.15.00:320][  0]LogConfig: Applying CVar settings from Section [PostProcessQuality@3] File [C:/Users/hwils/Desktop/VR-Classroom/Saved/Config/Windows/Scalability.ini]
[2019.10.23-15.15.00:320][  0]LogConfig: Setting CVar [[r.MotionBlurQuality:4]]
[2019.10.23-15.15.00:320][  0]LogConfig: Setting CVar [[r.AmbientOcclusionMipLevelFactor:0.4]]
[2019.10.23-15.15.00:320][  0]LogConfig: Setting CVar [[r.AmbientOcclusionMaxQuality:100]]
[2019.10.23-15.15.00:320][  0]LogConfig: Setting CVar [[r.AmbientOcclusionLevels:-1]]
[2019.10.23-15.15.00:320][  0]LogConfig: Setting CVar [[r.AmbientOcclusionRadiusScale:1.0]]
[2019.10.23-15.15.00:320][  0]LogConfig: Setting CVar [[r.DepthOfFieldQuality:2]]
[2019.10.23-15.15.00:321][  0]LogConfig: Setting CVar [[r.RenderTargetPoolMin:400]]
[2019.10.23-15.15.00:321][  0]LogConfig: Setting CVar [[r.LensFlareQuality:2]]
[2019.10.23-15.15.00:321][  0]LogConfig: Setting CVar [[r.SceneColorFringeQuality:1]]
[2019.10.23-15.15.00:321][  0]LogConfig: Setting CVar [[r.EyeAdaptationQuality:2]]
[2019.10.23-15.15.00:321][  0]LogConfig: Setting CVar [[r.BloomQuality:5]]
[2019.10.23-15.15.00:321][  0]LogConfig: Setting CVar [[r.FastBlurThreshold:100]]
[2019.10.23-15.15.00:321][  0]LogConfig: Setting CVar [[r.Upscale.Quality:3]]
[2019.10.23-15.15.00:321][  0]LogConfig: Setting CVar [[r.Tonemapper.GrainQuantization:1]]
[2019.10.23-15.15.00:321][  0]LogConfig: Setting CVar [[r.LightShaftQuality:1]]
[2019.10.23-15.15.00:321][  0]LogConfig: Setting CVar [[r.Filter.SizeScale:1]]
[2019.10.23-15.15.00:321][  0]LogConfig: Setting CVar [[r.Tonemapper.Quality:5]]
[2019.10.23-15.15.00:321][  0]LogConfig: Setting CVar [[r.DOF.Gather.AccumulatorQuality:1        ; higher gathering accumulator quality]]
[2019.10.23-15.15.00:321][  0]LogConfig: Setting CVar [[r.DOF.Gather.PostfilterMethod:1          ; Median3x3 postfilering method]]
[2019.10.23-15.15.00:321][  0]LogConfig: Setting CVar [[r.DOF.Gather.EnableBokehSettings:0       ; no bokeh simulation when gathering]]
[2019.10.23-15.15.00:321][  0]LogConfig: Setting CVar [[r.DOF.Gather.RingCount:4                 ; medium number of samples when gathering]]
[2019.10.23-15.15.00:321][  0]LogConfig: Setting CVar [[r.DOF.Scatter.ForegroundCompositing:1    ; additive foreground scattering]]
[2019.10.23-15.15.00:321][  0]LogConfig: Setting CVar [[r.DOF.Scatter.BackgroundCompositing:2    ; additive background scattering]]
[2019.10.23-15.15.00:321][  0]LogConfig: Setting CVar [[r.DOF.Scatter.EnableBokehSettings:1      ; bokeh simulation when scattering]]
[2019.10.23-15.15.00:321][  0]LogConfig: Setting CVar [[r.DOF.Scatter.MaxSpriteRatio:0.1         ; only a maximum of 10% of scattered bokeh]]
[2019.10.23-15.15.00:321][  0]LogConfig: Setting CVar [[r.DOF.Recombine.Quality:1                ; cheap slight out of focus]]
[2019.10.23-15.15.00:321][  0]LogConfig: Setting CVar [[r.DOF.Recombine.EnableBokehSettings:0    ; no bokeh simulation on slight out of focus]]
[2019.10.23-15.15.00:321][  0]LogConfig: Setting CVar [[r.DOF.TemporalAAQuality:1                ; more stable temporal accumulation]]
[2019.10.23-15.15.00:321][  0]LogConfig: Setting CVar [[r.DOF.Kernel.MaxForegroundRadius:0.025]]
[2019.10.23-15.15.00:321][  0]LogConfig: Setting CVar [[r.DOF.Kernel.MaxBackgroundRadius:0.025]]
[2019.10.23-15.15.00:321][  0]LogConfig: Applying CVar settings from Section [TextureQuality@3] File [C:/Users/hwils/Desktop/VR-Classroom/Saved/Config/Windows/Scalability.ini]
[2019.10.23-15.15.00:321][  0]LogConfig: Setting CVar [[r.Streaming.MipBias:0]]
[2019.10.23-15.15.00:321][  0]LogConfig: Setting CVar [[r.Streaming.AmortizeCPUToGPUCopy:0]]
[2019.10.23-15.15.00:321][  0]LogConfig: Setting CVar [[r.Streaming.MaxNumTexturesToStreamPerFrame:0]]
[2019.10.23-15.15.00:321][  0]LogConfig: Setting CVar [[r.Streaming.Boost:1]]
[2019.10.23-15.15.00:321][  0]LogConfig: Setting CVar [[r.MaxAnisotropy:8]]
[2019.10.23-15.15.00:321][  0]LogConfig: Setting CVar [[r.Streaming.LimitPoolSizeToVRAM:0]]
[2019.10.23-15.15.00:321][  0]LogConfig: Setting CVar [[r.Streaming.PoolSize:1000]]
[2019.10.23-15.15.00:321][  0]LogConfig: Setting CVar [[r.Streaming.MaxEffectiveScreenSize:0]]
[2019.10.23-15.15.00:321][  0]LogConfig: Applying CVar settings from Section [EffectsQuality@3] File [C:/Users/hwils/Desktop/VR-Classroom/Saved/Config/Windows/Scalability.ini]
[2019.10.23-15.15.00:321][  0]LogConfig: Setting CVar [[r.TranslucencyLightingVolumeDim:64]]
[2019.10.23-15.15.00:321][  0]LogConfig: Setting CVar [[r.RefractionQuality:2]]
[2019.10.23-15.15.00:321][  0]LogConfig: Setting CVar [[r.SSR.Quality:3]]
[2019.10.23-15.15.00:321][  0]LogConfig: Setting CVar [[r.SceneColorFormat:4]]
[2019.10.23-15.15.00:321][  0]LogConfig: Setting CVar [[r.DetailMode:2]]
[2019.10.23-15.15.00:321][  0]LogConfig: Setting CVar [[r.TranslucencyVolumeBlur:1]]
[2019.10.23-15.15.00:321][  0]LogConfig: Setting CVar [[r.MaterialQualityLevel:1 ; High quality]]
[2019.10.23-15.15.00:321][  0]LogConfig: Setting CVar [[r.SSS.Scale:1]]
[2019.10.23-15.15.00:321][  0]LogConfig: Setting CVar [[r.SSS.SampleSet:2]]
[2019.10.23-15.15.00:321][  0]LogConfig: Setting CVar [[r.SSS.Quality:1]]
[2019.10.23-15.15.00:321][  0]LogConfig: Setting CVar [[r.SSS.HalfRes:1]]
[2019.10.23-15.15.00:321][  0]LogConfig: Setting CVar [[r.EmitterSpawnRateScale:1.0]]
[2019.10.23-15.15.00:321][  0]LogConfig: Setting CVar [[r.ParticleLightQuality:2]]
[2019.10.23-15.15.00:321][  0]LogConfig: Applying CVar settings from Section [FoliageQuality@3] File [C:/Users/hwils/Desktop/VR-Classroom/Saved/Config/Windows/Scalability.ini]
[2019.10.23-15.15.00:321][  0]LogConfig: Setting CVar [[foliage.DensityScale:1.0]]
[2019.10.23-15.15.00:321][  0]LogConfig: Setting CVar [[grass.DensityScale:1.0]]
[2019.10.23-15.15.00:321][  0]LogInit: Selected Device Profile: [Windows]
[2019.10.23-15.15.00:321][  0]LogInit: Applying CVar settings loaded from the selected device profile: [Windows]
[2019.10.23-15.15.00:324][  0]LogHAL: Display: Platform has ~ 8 GB [8460513280 / 8589934592 / 8], which maps to Default [LargestMinGB=32, LargerMinGB=12, DefaultMinGB=8, SmallerMinGB=6, SmallestMinGB=0)
[2019.10.23-15.15.00:324][  0]LogInit: Going up to parent DeviceProfile []
[2019.10.23-15.15.00:324][  0]LogConfig: Applying CVar settings from Section [ViewDistanceQuality@0] File [C:/Users/hwils/Desktop/VR-Classroom/Saved/Config/Windows/Scalability.ini]
[2019.10.23-15.15.00:324][  0]LogConfig: Setting CVar [[r.SkeletalMeshLODBias:2]]
[2019.10.23-15.15.00:324][  0]LogConfig: Setting CVar [[r.ViewDistanceScale:0.4]]
[2019.10.23-15.15.00:324][  0]LogConfig: Applying CVar settings from Section [AntiAliasingQuality@0] File [C:/Users/hwils/Desktop/VR-Classroom/Saved/Config/Windows/Scalability.ini]
[2019.10.23-15.15.00:324][  0]LogConfig: Setting CVar [[r.PostProcessAAQuality:0]]
[2019.10.23-15.15.00:324][  0]LogConfig: Applying CVar settings from Section [ShadowQuality@0] File [C:/Users/hwils/Desktop/VR-Classroom/Saved/Config/Windows/Scalability.ini]
[2019.10.23-15.15.00:324][  0]LogConfig: Setting CVar [[r.LightFunctionQuality:0]]
[2019.10.23-15.15.00:324][  0]LogConfig: Setting CVar [[r.ShadowQuality:0]]
[2019.10.23-15.15.00:324][  0]LogConfig: Setting CVar [[r.Shadow.CSM.MaxCascades:1]]
[2019.10.23-15.15.00:324][  0]LogConfig: Setting CVar [[r.Shadow.MaxResolution:512]]
[2019.10.23-15.15.00:324][  0]LogConfig: Setting CVar [[r.Shadow.MaxCSMResolution:512]]
[2019.10.23-15.15.00:324][  0]LogConfig: Setting CVar [[r.Shadow.RadiusThreshold:0.06]]
[2019.10.23-15.15.00:324][  0]LogConfig: Setting CVar [[r.Shadow.DistanceScale:0.6]]
[2019.10.23-15.15.00:324][  0]LogConfig: Setting CVar [[r.Shadow.CSM.TransitionScale:0]]
[2019.10.23-15.15.00:324][  0]LogConfig: Setting CVar [[r.Shadow.PreShadowResolutionFactor:0.5]]
[2019.10.23-15.15.00:324][  0]LogConfig: Setting CVar [[r.DistanceFieldShadowing:0]]
[2019.10.23-15.15.00:325][  0]LogConfig: Setting CVar [[r.DistanceFieldAO:0]]
[2019.10.23-15.15.00:325][  0]LogConfig: Setting CVar [[r.VolumetricFog:0]]
[2019.10.23-15.15.00:325][  0]LogConfig: Setting CVar [[r.LightMaxDrawDistanceScale:0]]
[2019.10.23-15.15.00:325][  0]LogConfig: Setting CVar [[r.CapsuleShadows:0]]
[2019.10.23-15.15.00:325][  0]LogConfig: Applying CVar settings from Section [PostProcessQuality@0] File [C:/Users/hwils/Desktop/VR-Classroom/Saved/Config/Windows/Scalability.ini]
[2019.10.23-15.15.00:325][  0]LogConfig: Setting CVar [[r.MotionBlurQuality:0]]
[2019.10.23-15.15.00:325][  0]LogConfig: Setting CVar [[r.AmbientOcclusionMipLevelFactor:1.0]]
[2019.10.23-15.15.00:325][  0]LogConfig: Setting CVar [[r.AmbientOcclusionMaxQuality:0]]
[2019.10.23-15.15.00:325][  0]LogConfig: Setting CVar [[r.AmbientOcclusionLevels:0]]
[2019.10.23-15.15.00:325][  0]LogConfig: Setting CVar [[r.AmbientOcclusionRadiusScale:1.2]]
[2019.10.23-15.15.00:325][  0]LogConfig: Setting CVar [[r.DepthOfFieldQuality:0]]
[2019.10.23-15.15.00:325][  0]LogConfig: Setting CVar [[r.RenderTargetPoolMin:300]]
[2019.10.23-15.15.00:325][  0]LogConfig: Setting CVar [[r.LensFlareQuality:0]]
[2019.10.23-15.15.00:325][  0]LogConfig: Setting CVar [[r.SceneColorFringeQuality:0]]
[2019.10.23-15.15.00:325][  0]LogConfig: Setting CVar [[r.EyeAdaptationQuality:0]]
[2019.10.23-15.15.00:325][  0]LogConfig: Setting CVar [[r.BloomQuality:4]]
[2019.10.23-15.15.00:325][  0]LogConfig: Setting CVar [[r.FastBlurThreshold:0]]
[2019.10.23-15.15.00:325][  0]LogConfig: Setting CVar [[r.Upscale.Quality:1]]
[2019.10.23-15.15.00:325][  0]LogConfig: Setting CVar [[r.Tonemapper.GrainQuantization:0]]
[2019.10.23-15.15.00:325][  0]LogConfig: Setting CVar [[r.LightShaftQuality:0]]
[2019.10.23-15.15.00:325][  0]LogConfig: Setting CVar [[r.Filter.SizeScale:0.6]]
[2019.10.23-15.15.00:325][  0]LogConfig: Setting CVar [[r.Tonemapper.Quality:0]]
[2019.10.23-15.15.00:325][  0]LogConfig: Applying CVar settings from Section [TextureQuality@0] File [C:/Users/hwils/Desktop/VR-Classroom/Saved/Config/Windows/Scalability.ini]
[2019.10.23-15.15.00:325][  0]LogConfig: Setting CVar [[r.Streaming.MipBias:16]]
[2019.10.23-15.15.00:325][  0]LogConfig: Setting CVar [[r.Streaming.AmortizeCPUToGPUCopy:1]]
[2019.10.23-15.15.00:325][  0]LogConfig: Setting CVar [[r.Streaming.MaxNumTexturesToStreamPerFrame:1]]
[2019.10.23-15.15.00:325][  0]LogConfig: Setting CVar [[r.Streaming.Boost:0.3]]
[2019.10.23-15.15.00:325][  0]LogConfig: Setting CVar [[r.MaxAnisotropy:0]]
[2019.10.23-15.15.00:325][  0]LogConfig: Setting CVar [[r.Streaming.LimitPoolSizeToVRAM:1]]
[2019.10.23-15.15.00:325][  0]LogConfig: Setting CVar [[r.Streaming.PoolSize:400]]
[2019.10.23-15.15.00:325][  0]LogConfig: Setting CVar [[r.Streaming.MaxEffectiveScreenSize:0]]
[2019.10.23-15.15.00:325][  0]LogConfig: Applying CVar settings from Section [EffectsQuality@0] File [C:/Users/hwils/Desktop/VR-Classroom/Saved/Config/Windows/Scalability.ini]
[2019.10.23-15.15.00:325][  0]LogConfig: Setting CVar [[r.TranslucencyLightingVolumeDim:24]]
[2019.10.23-15.15.00:325][  0]LogConfig: Setting CVar [[r.RefractionQuality:0]]
[2019.10.23-15.15.00:325][  0]LogConfig: Setting CVar [[r.SSR.Quality:0]]
[2019.10.23-15.15.00:325][  0]LogConfig: Setting CVar [[r.SceneColorFormat:3]]
[2019.10.23-15.15.00:325][  0]LogConfig: Setting CVar [[r.DetailMode:0]]
[2019.10.23-15.15.00:325][  0]LogConfig: Setting CVar [[r.TranslucencyVolumeBlur:0]]
[2019.10.23-15.15.00:325][  0]LogConfig: Setting CVar [[r.MaterialQualityLevel:0 ; Low quality]]
[2019.10.23-15.15.00:325][  0]LogConfig: Setting CVar [[r.SSS.Scale:0]]
[2019.10.23-15.15.00:325][  0]LogConfig: Setting CVar [[r.SSS.SampleSet:0]]
[2019.10.23-15.15.00:325][  0]LogConfig: Setting CVar [[r.SSS.Quality:0]]
[2019.10.23-15.15.00:325][  0]LogConfig: Setting CVar [[r.SSS.HalfRes:1]]
[2019.10.23-15.15.00:325][  0]LogConfig: Setting CVar [[r.EmitterSpawnRateScale:0.125]]
[2019.10.23-15.15.00:325][  0]LogConfig: Setting CVar [[r.ParticleLightQuality:0]]
[2019.10.23-15.15.00:325][  0]LogConfig: Applying CVar settings from Section [FoliageQuality@0] File [C:/Users/hwils/Desktop/VR-Classroom/Saved/Config/Windows/Scalability.ini]
[2019.10.23-15.15.00:325][  0]LogConfig: Setting CVar [[foliage.DensityScale:0]]
[2019.10.23-15.15.00:325][  0]LogConfig: Setting CVar [[grass.DensityScale:0]]
[2019.10.23-15.15.00:326][  0]LogConfig: Applying CVar settings from Section [Startup] File [../../../Engine/Config/ConsoleVariables.ini]
[2019.10.23-15.15.00:326][  0]LogConfig: Setting CVar [[net.UseAdaptiveNetUpdateFrequency:0]]
[2019.10.23-15.15.00:326][  0]LogConfig: Setting CVar [[p.chaos.AllowCreatePhysxBodies:1]]
[2019.10.23-15.15.00:326][  0]LogConfig: Applying CVar settings from Section [ConsoleVariables] File [C:/Users/hwils/Desktop/VR-Classroom/Saved/Config/Windows/Engine.ini]
[2019.10.23-15.15.00:326][  0]LogInit: Computer: DESKTOP-E671F10
[2019.10.23-15.15.00:326][  0]LogInit: User: hwils
[2019.10.23-15.15.00:326][  0]LogInit: CPU Page size=4096, Cores=4
[2019.10.23-15.15.00:326][  0]LogInit: High frequency timer resolution =10.000000 MHz
[2019.10.23-15.15.00:326][  0]LogMemory: Memory total: Physical=7.9GB (8GB approx)
[2019.10.23-15.15.00:326][  0]LogMemory: Platform Memory Stats for Windows
[2019.10.23-15.15.00:326][  0]LogMemory: Process Physical Memory: 101.31 MB used, 101.32 MB peak
[2019.10.23-15.15.00:326][  0]LogMemory: Process Virtual Memory: 102.11 MB used, 102.11 MB peak
[2019.10.23-15.15.00:326][  0]LogMemory: Physical Memory: 6108.53 MB used,  1960.05 MB free, 8068.57 MB total
[2019.10.23-15.15.00:326][  0]LogMemory: Virtual Memory: 4678.70 MB used,  134213048.00 MB free, 134217728.00 MB total
[2019.10.23-15.15.00:329][  0]LogWindows: WindowsPlatformFeatures enabled
[2019.10.23-15.15.00:351][  0]LogInit: Using OS detected language (en-US).
[2019.10.23-15.15.00:351][  0]LogInit: Using OS detected locale (en-US).
[2019.10.23-15.15.00:352][  0]LogTextLocalizationManager: No specific localization for 'en-US' exists, so the 'en' localization will be used.
[2019.10.23-15.15.00:569][  0]LogInit: Setting process to per monitor DPI aware
[2019.10.23-15.15.00:623][  0]LogSlate: New Slate User Created.  User Index 0, Is Virtual User: 0
[2019.10.23-15.15.00:623][  0]LogSlate: Slate User Registered.  User Index 0, Is Virtual User: 0
[2019.10.23-15.15.00:857][  0]LogHMD: Failed to initialize OpenVR with code 110
[2019.10.23-15.15.00:858][  0]LogD3D11RHI: D3D11 adapters:
[2019.10.23-15.15.00:894][  0]LogD3D11RHI:    0. 'Intel(R) UHD Graphics 620' (Feature Level 11_0)
[2019.10.23-15.15.00:894][  0]LogD3D11RHI:       128/0/4034 MB DedicatedVideo/DedicatedSystem/SharedSystem, Outputs:1, VendorId:0x8086
[2019.10.23-15.15.00:897][  0]LogD3D11RHI:    1. 'Microsoft Basic Render Driver' (Feature Level 11_0)
[2019.10.23-15.15.00:897][  0]LogD3D11RHI:       0/0/4034 MB DedicatedVideo/DedicatedSystem/SharedSystem, Outputs:0, VendorId:0x1414
[2019.10.23-15.15.00:897][  0]LogD3D11RHI: Chosen D3D11 Adapter: 0
[2019.10.23-15.15.00:911][  0]LogD3D11RHI: Creating new Direct3DDevice
[2019.10.23-15.15.00:911][  0]LogD3D11RHI:     GPU DeviceId: 0x3ea0 (for the marketing name, search the web for "GPU Device Id")
[2019.10.23-15.15.00:912][  0]LogWindows: EnumDisplayDevices:
[2019.10.23-15.15.00:912][  0]LogWindows:    0. 'Intel(R) UHD Graphics 620' (P:1 D:1)
[2019.10.23-15.15.00:912][  0]LogWindows:    1. 'Intel(R) UHD Graphics 620' (P:0 D:0)
[2019.10.23-15.15.00:913][  0]LogWindows:    2. 'Intel(R) UHD Graphics 620' (P:0 D:0)
[2019.10.23-15.15.00:913][  0]LogWindows: DebugString: FoundDriverCount:3 
[2019.10.23-15.15.00:913][  0]LogD3D11RHI:     Adapter Name: Intel(R) UHD Graphics 620
[2019.10.23-15.15.00:913][  0]LogD3D11RHI:   Driver Version: 25.20.100.6577 (internal:25.20.100.6577, unified:25.20.100.6577)
[2019.10.23-15.15.00:913][  0]LogD3D11RHI:      Driver Date: 2-7-2019
[2019.10.23-15.15.00:913][  0]LogRHI: Texture pool is 1501 MB (70% of 2145 MB)
[2019.10.23-15.15.00:970][  0]LogD3D11RHI: [IntelMetricsDiscovery] Started
[2019.10.23-15.15.00:970][  0]LogD3D11RHI: Async texture creation enabled
[2019.10.23-15.15.00:990][  0]LogD3D11RHI: GPU Timing Frequency: 12.000048 (Debug: 2 0)
[2019.10.23-15.15.01:503][  0]LogTemp: Display: Module 'AllDesktopTargetPlatform' loaded TargetPlatform 'AllDesktop'
[2019.10.23-15.15.01:525][  0]LogTemp: Display: Module 'MacClientTargetPlatform' loaded TargetPlatform 'MacClient'
[2019.10.23-15.15.01:546][  0]LogTemp: Display: Module 'MacNoEditorTargetPlatform' loaded TargetPlatform 'MacNoEditor'
[2019.10.23-15.15.01:559][  0]LogTemp: Display: Module 'MacServerTargetPlatform' loaded TargetPlatform 'MacServer'
[2019.10.23-15.15.01:573][  0]LogTemp: Display: Module 'MacTargetPlatform' loaded TargetPlatform 'Mac'
[2019.10.23-15.15.01:590][  0]LogTemp: Display: Module 'WindowsClientTargetPlatform' loaded TargetPlatform 'WindowsClient'
[2019.10.23-15.15.01:604][  0]LogTemp: Display: Module 'WindowsNoEditorTargetPlatform' loaded TargetPlatform 'WindowsNoEditor'
[2019.10.23-15.15.01:615][  0]LogTemp: Display: Module 'WindowsServerTargetPlatform' loaded TargetPlatform 'WindowsServer'
[2019.10.23-15.15.01:622][  0]LogTemp: Display: Module 'WindowsTargetPlatform' loaded TargetPlatform 'Windows'
[2019.10.23-15.15.01:673][  0]LogTemp: Display: Module 'AndroidTargetPlatform' loaded TargetPlatform 'Android'
[2019.10.23-15.15.01:673][  0]LogTemp: Display: Module 'AndroidTargetPlatform' loaded TargetPlatform 'Android_ASTC'
[2019.10.23-15.15.01:673][  0]LogTemp: Display: Module 'AndroidTargetPlatform' loaded TargetPlatform 'Android_ATC'
[2019.10.23-15.15.01:673][  0]LogTemp: Display: Module 'AndroidTargetPlatform' loaded TargetPlatform 'Android_DXT'
[2019.10.23-15.15.01:673][  0]LogTemp: Display: Module 'AndroidTargetPlatform' loaded TargetPlatform 'Android_ETC1'
[2019.10.23-15.15.01:673][  0]LogTemp: Display: Module 'AndroidTargetPlatform' loaded TargetPlatform 'Android_ETC1a'
[2019.10.23-15.15.01:673][  0]LogTemp: Display: Module 'AndroidTargetPlatform' loaded TargetPlatform 'Android_ETC2'
[2019.10.23-15.15.01:673][  0]LogTemp: Display: Module 'AndroidTargetPlatform' loaded TargetPlatform 'Android_PVRTC'
[2019.10.23-15.15.01:673][  0]LogTemp: Display: Module 'AndroidTargetPlatform' loaded TargetPlatform 'AndroidClient'
[2019.10.23-15.15.01:673][  0]LogTemp: Display: Module 'AndroidTargetPlatform' loaded TargetPlatform 'Android_ASTCClient'
[2019.10.23-15.15.01:673][  0]LogTemp: Display: Module 'AndroidTargetPlatform' loaded TargetPlatform 'Android_ATCClient'
[2019.10.23-15.15.01:673][  0]LogTemp: Display: Module 'AndroidTargetPlatform' loaded TargetPlatform 'Android_DXTClient'
[2019.10.23-15.15.01:673][  0]LogTemp: Display: Module 'AndroidTargetPlatform' loaded TargetPlatform 'Android_ETC1Client'
[2019.10.23-15.15.01:673][  0]LogTemp: Display: Module 'AndroidTargetPlatform' loaded TargetPlatform 'Android_ETC1aClient'
[2019.10.23-15.15.01:673][  0]LogTemp: Display: Module 'AndroidTargetPlatform' loaded TargetPlatform 'Android_ETC2Client'
[2019.10.23-15.15.01:673][  0]LogTemp: Display: Module 'AndroidTargetPlatform' loaded TargetPlatform 'Android_PVRTCClient'
[2019.10.23-15.15.01:673][  0]LogTemp: Display: Module 'AndroidTargetPlatform' loaded TargetPlatform 'Android_Multi'
[2019.10.23-15.15.01:673][  0]LogTemp: Display: Module 'AndroidTargetPlatform' loaded TargetPlatform 'Android_MultiClient'
[2019.10.23-15.15.01:675][  0]LogTemp: Display: Module 'HTML5TargetPlatform' loaded TargetPlatform 'HTML5'
[2019.10.23-15.15.01:696][  0]LogTemp: Display: Module 'IOSTargetPlatform' loaded TargetPlatform 'IOSClient'
[2019.10.23-15.15.01:696][  0]LogTemp: Display: Module 'IOSTargetPlatform' loaded TargetPlatform 'IOS'
[2019.10.23-15.15.01:709][  0]LogTemp: Display: Module 'TVOSTargetPlatform' loaded TargetPlatform 'TVOSClient'
[2019.10.23-15.15.01:709][  0]LogTemp: Display: Module 'TVOSTargetPlatform' loaded TargetPlatform 'TVOS'
[2019.10.23-15.15.01:717][  0]LogTemp: Display: Module 'LinuxClientTargetPlatform' loaded TargetPlatform 'LinuxClient'
[2019.10.23-15.15.01:726][  0]LogTemp: Display: Module 'LinuxNoEditorTargetPlatform' loaded TargetPlatform 'LinuxNoEditor'
[2019.10.23-15.15.01:735][  0]LogTemp: Display: Module 'LinuxServerTargetPlatform' loaded TargetPlatform 'LinuxServer'
[2019.10.23-15.15.01:745][  0]LogTemp: Display: Module 'LinuxTargetPlatform' loaded TargetPlatform 'Linux'
[2019.10.23-15.15.01:774][  0]LogTemp: Display: Module 'LuminTargetPlatform' loaded TargetPlatform 'Lumin'
[2019.10.23-15.15.01:774][  0]LogTemp: Display: Module 'LuminTargetPlatform' loaded TargetPlatform 'LuminClient'
[2019.10.23-15.15.01:774][  0]LogTargetPlatformManager: Display: Building Assets For Windows
[2019.10.23-15.15.01:785][  0]LogAudioDebug: Display: Lib vorbis DLL was dynamically loaded.
[2019.10.23-15.15.01:858][  0]LogShaderCompilers: Guid format shader working directory is -5 characters bigger than the processId version (../../../../../../Users/hwils/Desktop/VR-Classroom/Intermediate/Shaders/WorkingDirectory/42148/).
[2019.10.23-15.15.01:858][  0]LogShaderCompilers: Cleaned the shader compiler working directory 'C:/Users/hwils/AppData/Local/Temp/UnrealShaderWorkingDir/3AA8E57C493E8DA60AF180A54484AB97/'.
[2019.10.23-15.15.01:869][  0]LogXGEController: Cannot use XGE Controller as Incredibuild is not installed on this machine.
[2019.10.23-15.15.01:869][  0]LogShaderCompilers: Cannot use XGE Shader Compiler as Incredibuild is not installed on this machine.
[2019.10.23-15.15.01:869][  0]LogShaderCompilers: Display: Using Local Shader Compiler.
[2019.10.23-15.15.02:536][  0]LogDerivedDataCache: Display: Max Cache Size: 512 MB
[2019.10.23-15.15.02:606][  0]LogDerivedDataCache: Loaded boot cache 0.07s 85MB C:/Users/hwils/AppData/Local/UnrealEngine/4.23/DerivedDataCache/Boot.ddc.
[2019.10.23-15.15.02:606][  0]LogDerivedDataCache: Display: Loaded Boot cache: C:/Users/hwils/AppData/Local/UnrealEngine/4.23/DerivedDataCache/Boot.ddc
[2019.10.23-15.15.02:606][  0]LogDerivedDataCache: FDerivedDataBackendGraph:  Pak pak cache file ../../../../../../Users/hwils/Desktop/VR-Classroom/DerivedDataCache/DDC.ddp not found, will not use a pak cache.
[2019.10.23-15.15.02:607][  0]LogDerivedDataCache: Unable to find inner node Pak for hierarchical cache Hierarchy.
[2019.10.23-15.15.02:607][  0]LogDerivedDataCache: FDerivedDataBackendGraph:  CompressedPak pak cache file ../../../../../../Users/hwils/Desktop/VR-Classroom/DerivedDataCache/Compressed.ddp not found, will not use a pak cache.
[2019.10.23-15.15.02:607][  0]LogDerivedDataCache: Unable to find inner node CompressedPak for hierarchical cache Hierarchy.
[2019.10.23-15.15.02:619][  0]LogDerivedDataCache: Display: Pak cache opened for reading ../../../Engine/DerivedDataCache/Compressed.ddp.
[2019.10.23-15.15.02:619][  0]LogDerivedDataCache: FDerivedDataBackendGraph:  EnterprisePak pak cache file ../../../Enterprise/DerivedDataCache/Compressed.ddp not found, will not use a pak cache.
[2019.10.23-15.15.02:619][  0]LogDerivedDataCache: Unable to find inner node EnterprisePak for hierarchical cache Hierarchy.
[2019.10.23-15.15.02:621][  0]LogDerivedDataCache: Using Local data cache path C:/Users/hwils/AppData/Local/UnrealEngine/Common/DerivedDataCache: Writable
[2019.10.23-15.15.02:621][  0]LogDerivedDataCache: Shared data cache path not found in *engine.ini, will not use an Shared cache.
[2019.10.23-15.15.02:621][  0]LogDerivedDataCache: Unable to find inner node Shared for hierarchical cache Hierarchy.
[2019.10.23-15.15.02:647][  0]LogMaterial: Verifying Global Shaders for PCD3D_SM5
[2019.10.23-15.15.02:650][  0]LogSlate: Using FreeType 2.6.0
[2019.10.23-15.15.02:651][  0]LogSlate: SlateFontServices - WITH_FREETYPE: 1, WITH_HARFBUZZ: 1
[2019.10.23-15.15.02:736][  0]LogAssetRegistry: FAssetRegistry took 0.0046 seconds to start up
[2019.10.23-15.15.03:033][  0]LogInit: Selected Device Profile: [Windows]
[2019.10.23-15.15.03:188][  0]LogMeshReduction: Using QuadricMeshReduction for automatic static mesh reduction
[2019.10.23-15.15.03:188][  0]LogMeshReduction: Using SimplygonMeshReduction for automatic skeletal mesh reduction
[2019.10.23-15.15.03:188][  0]LogMeshReduction: Using ProxyLODMeshReduction for automatic mesh merging
[2019.10.23-15.15.03:188][  0]LogMeshReduction: No distributed automatic mesh merging module available
[2019.10.23-15.15.03:188][  0]LogMeshMerging: No distributed automatic mesh merging module available
[2019.10.23-15.15.03:198][  0]LogNetVersion: VRHCR 1.0.0, NetCL: 8386587, EngineNetVer: 11, GameNetVer: 0 (Checksum: 2197580189)
[2019.10.23-15.15.03:733][  0]LogPackageLocalizationCache: Processed 12 localized package path(s) for 1 prioritized culture(s) in 0.040509 seconds
[2019.10.23-15.15.03:741][  0]LogUObjectArray: 43525 objects as part of root set at end of initial load.
[2019.10.23-15.15.03:741][  0]LogUObjectAllocator: 7573752 out of 0 bytes used by permanent object pool.
[2019.10.23-15.15.03:741][  0]LogUObjectArray: CloseDisregardForGC: 0/0 objects in disregard for GC pool
[2019.10.23-15.15.04:749][  0]LogTcpMessaging: Initializing TcpMessaging bridge
[2019.10.23-15.15.04:753][  0]LogUdpMessaging: Initializing bridge on interface 0.0.0.0:0 to multicast group 230.0.0.1:6666.
[2019.10.23-15.15.04:813][  0]SourceControl: Source control is disabled
[2019.10.23-15.15.04:813][  0]SourceControl: Source control is disabled
[2019.10.23-15.15.04:815][  0]SourceControl: Source control is disabled
[2019.10.23-15.15.04:816][  0]SourceControl: Source control is disabled
[2019.10.23-15.15.04:826][  0]LogVSAccessor: Display: Unable to create Visual Studio setup instance: 80040154
[2019.10.23-15.15.04:826][  0]LogVSAccessor: Display: Unable to create Visual Studio setup instance: 80040154
[2019.10.23-15.15.04:940][  0]LogOnline: Oculus: Oculus Startup!
[2019.10.23-15.15.04:941][  0]LogAndroidPermission: UAndroidPermissionCallbackProxy::GetInstance
[2019.10.23-15.15.05:114][  0]LogOcInput: OculusInput pre-init called
[2019.10.23-15.15.05:120][  0]LogWindows: Failed to load 'OVRPlugin.dll' (GetLastError=126)
[2019.10.23-15.15.05:120][  0]LogWindows: File 'OVRPlugin.dll' does not exist
[2019.10.23-15.15.05:188][  0]LogEngine: Initializing Engine...
[2019.10.23-15.15.05:189][  0]LogHMD: Failed to initialize OpenVR with code 110
[2019.10.23-15.15.05:190][  0]LogStats: UGameplayTagsManager::InitializeManager -  0.000 s
[2019.10.23-15.15.05:667][  0]LogInit: Initializing FReadOnlyCVARCache
[2019.10.23-15.15.05:682][  0]LogAIModule: Creating AISystem for world Untitled
[2019.10.23-15.15.05:702][  0]LogInit: XAudio2 using 'Speakers/Headphones (Realtek(R) Audio)' : 2 channels at 48 kHz using 32 bits per sample (channel mask 0x3)
[2019.10.23-15.15.05:994][  0]LogInit: FAudioDevice initialized.
[2019.10.23-15.15.05:995][  0]LogNetVersion: Set ProjectVersion to 1.0.0.0. Version Checksum will be recalculated on next use.
[2019.10.23-15.15.06:116][  0]LogDerivedDataCache: Saved boot cache 0.12s 85MB C:/Users/hwils/AppData/Local/UnrealEngine/4.23/DerivedDataCache/Boot.ddc.
[2019.10.23-15.15.06:121][  0]LogInit: Texture streaming: Enabled
[2019.10.23-15.15.06:157][  0]LogEngineSessionManager: EngineSessionManager initialized
[2019.10.23-15.15.06:220][  0]LogInit: Transaction tracking system initialized
[2019.10.23-15.15.06:265][  0]BlueprintLog: New page: Editor Load
[2019.10.23-15.15.06:347][  0]LocalizationService: Localization service is disabled
[2019.10.23-15.15.06:935][  0]LogVSAccessor: Display: Unable to create Visual Studio setup instance: 80040154
[2019.10.23-15.15.06:935][  0]LogVSAccessor: Display: Unable to create Visual Studio setup instance: 80040154
[2019.10.23-15.15.07:176][  0]LogFileCache: Scanning file cache for directory 'C:/Users/hwils/Desktop/VR-Classroom/Content/' took 0.02s
[2019.10.23-15.15.07:176][  0]LogCook: Display: Max memory allowance for cook 16384mb min free memory 0mb
[2019.10.23-15.15.07:176][  0]LogCook: Display: Mobile HDR setting 1
[2019.10.23-15.15.07:398][  0]SourceControl: Source control is disabled
[2019.10.23-15.15.07:398][  0]Cmd: MAP LOAD FILE="../../../../../../Users/hwils/Desktop/VR-Classroom/Content/02_Maps/TestLevel.umap" TEMPLATE=0 SHOWPROGRESS=1 FEATURELEVEL=3
[2019.10.23-15.15.07:398][  0]LightingResults: New page: Lighting Build
[2019.10.23-15.15.07:401][  0]LogWorld: UWorld::CleanupWorld for Untitled, bSessionEnded=true, bCleanupResources=true
[2019.10.23-15.15.07:401][  0]MapCheck: New page: Map Check
[2019.10.23-15.15.07:401][  0]LightingResults: New page: Lighting Build
[2019.10.23-15.15.07:430][  0]LogUObjectHash: Compacting FUObjectHashTables data took   1.88ms
[2019.10.23-15.15.07:518][  0]LogBlueprint: Error: [Compiler BP_Pickup_Base] Missing Event 'Drop' for  Event Drop
[2019.10.23-15.15.07:519][  0]LogBlueprint: Error: [Compiler BP_Pickup_Base] In use pin  Attach To  no longer exists on node  Event Pickup . Please refresh node or break links to remove pin.
[2019.10.23-15.15.07:519][  0]LogBlueprint: Error: [Compiler BP_Pickup_Base] Missing Event 'Pickup' for  Event Pickup
[2019.10.23-15.15.07:520][  0]LogBlueprint: Error: [Compiler BP_Pickup_Base] In use pin  Motion Controller  no longer exists on node  Set . Please refresh node or break links to remove pin.
[2019.10.23-15.15.07:520][  0]LogBlueprint: Error: [Compiler BP_Pickup_Base] In use pin  Motion Controller  no longer exists on node  Get . Please refresh node or break links to remove pin.
[2019.10.23-15.15.07:522][  0]LogBlueprint: Error: [Compiler BP_Pickup_Base] Can't connect pins  A  and  Controller : Object Reference is not compatible with Object Reference.
[2019.10.23-15.15.07:523][  0]LogBlueprint: Error: [Compiler BP_Pickup_Base] Can't connect pins  Controller  and  A : Object Reference is not compatible with Object Reference.
[2019.10.23-15.15.07:524][  0]LogBlueprint: Error: [Compiler BP_Pickup_Base] Failed to find class for pin  Controller
[2019.10.23-15.15.07:524][  0]LogBlueprint: Error: [Compiler BP_Pickup_Base] ICE SetVariableOnPersistentFrame - No property found.  Controller
[2019.10.23-15.15.07:595][  0]LogLinker: Warning: Asset '../../../../../../Users/hwils/Desktop/VR-Classroom/Content/04_Materials/Red_Light.uasset' has been saved with empty engine version. The asset will be loaded but may be incompatible.
[2019.10.23-15.15.07:596][  0]LogLinker: Warning: Asset '../../../../../../Users/hwils/Desktop/VR-Classroom/Content/04_Materials/Light.uasset' has been saved with empty engine version. The asset will be loaded but may be incompatible.
[2019.10.23-15.15.07:875][  0]LogLinker: Warning: While loading '../../../../../../Users/hwils/Desktop/VR-Classroom/Content/02_Maps/TestLevel.umap' failed to load '/Game/02_Maps/TestLevel_BuiltData': Can't find file.
[2019.10.23-15.15.07:875][  0]LogLinker: Warning: While loading '../../../../../../Users/hwils/Desktop/VR-Classroom/Content/02_Maps/TestLevel.umap' failed to load '/Game/02_Maps/TestLevel_BuiltData': Can't find file.
[2019.10.23-15.15.07:878][  0]LogLinker: Warning: Asset '../../../../../../Users/hwils/Desktop/VR-Classroom/Content/04_Materials/M_Light.uasset' has been saved with empty engine version. The asset will be loaded but may be incompatible.
[2019.10.23-15.15.07:890][  0]LogLinker: Warning: While loading '../../../../../../Users/hwils/Desktop/VR-Classroom/Content/02_Maps/TestLevel.umap' failed to load '/Game/02_Maps/TestLevel_BuiltData': Can't find file.
[2019.10.23-15.15.07:890][  0]LogLinker: Warning: While loading '../../../../../../Users/hwils/Desktop/VR-Classroom/Content/02_Maps/TestLevel.umap' failed to load '/Game/02_Maps/TestLevel_BuiltData': Can't find file.
[2019.10.23-15.15.07:910][  0]LogLinker: Warning: Asset '../../../../../../Users/hwils/Desktop/VR-Classroom/Content/03_Meshes/LightFixture_Long.uasset' has been saved with empty engine version. The asset will be loaded but may be incompatible.
[2019.10.23-15.15.07:930][  0]LogLinker: Warning: Failed to load '/Game/02_Maps/TestLevel_BuiltData': Can't find file.
[2019.10.23-15.15.07:931][  0]LogLinker: Warning: Failed to load '/Game/02_Maps/TestLevel_BuiltData': Can't find file.
[2019.10.23-15.15.07:931][  0]LogLinker: Warning: Failed to load '/Game/02_Maps/TestLevel_BuiltData': Can't find file.
[2019.10.23-15.15.07:931][  0]LogLinker: Warning: Failed to load '/Game/02_Maps/TestLevel_BuiltData': Can't find file.
[2019.10.23-15.15.07:960][  0]LogLinker: Warning: While loading '../../../../../../Users/hwils/Desktop/VR-Classroom/Content/02_Maps/TestLevel.umap' failed to load '/Game/02_Maps/TestLevel_BuiltData': Can't find file.
[2019.10.23-15.15.07:960][  0]LoadErrors: Failed to load /Game/02_Maps/TestLevel_BuiltData.TestLevel_BuiltData Referenced by PersistentLevel
[2019.10.23-15.15.07:960][  0]LogLinker: Warning: While loading '../../../../../../Users/hwils/Desktop/VR-Classroom/Content/02_Maps/TestLevel.umap' failed to load '/Game/02_Maps/TestLevel_BuiltData': Can't find file.
[2019.10.23-15.15.07:960][  0]LoadErrors: Failed to load /Game/02_Maps/TestLevel_BuiltData.TestLevel_BuiltData Referenced by PersistentLevel
[2019.10.23-15.15.08:068][  0]LogStaticMesh: Building static mesh Eyeball...
[2019.10.23-15.15.08:112][  0]LogStaticMesh: Built static mesh [0.04s] /Game/01_Blueprints/AI_Enemy/AI_Design/Eyeball.Eyeball
[2019.10.23-15.15.08:359][  0]LogAIModule: Creating AISystem for world TestLevel
[2019.10.23-15.15.08:390][  0]LogEditorServer: Finished looking for orphan Actors (0.000 secs)
[2019.10.23-15.15.08:490][  0]LogUObjectHash: Compacting FUObjectHashTables data took   3.02ms
[2019.10.23-15.15.08:490][  0]Cmd: MAP CHECKDEP NOCLEARLOG
[2019.10.23-15.15.08:490][  0]MapCheck: Map check complete: 0 Error(s), 0 Warning(s), took 0.134ms to complete.
[2019.10.23-15.15.08:490][  0]LogFileHelpers: Loading map 'TestLevel' took 1.093
[2019.10.23-15.15.08:651][  0]LogSlate: Updating window title bar state: overlay mode, drag disabled, window buttons hidden, title bar hidden
[2019.10.23-15.15.08:660][  0]LogSlate: Updating window title bar state: overlay mode, drag disabled, window buttons hidden, title bar hidden
[2019.10.23-15.15.08:667][  0]LogSlate: Updating window title bar state: overlay mode, drag disabled, window buttons hidden, title bar hidden
[2019.10.23-15.15.08:674][  0]LogSlate: Updating window title bar state: overlay mode, drag disabled, window buttons hidden, title bar hidden
[2019.10.23-15.15.08:689][  0]LogCollectionManager: Loaded 0 collections in 0.002050 seconds
[2019.10.23-15.15.08:716][  0]LogFileCache: Scanning file cache for directory 'C:/Users/hwils/Desktop/VR-Classroom/Saved/Collections/' took 0.00s
[2019.10.23-15.15.08:716][  0]LogFileCache: Scanning file cache for directory 'C:/Users/hwils/Desktop/VR-Classroom/Content/Developers/hwils/Collections/' took 0.00s
[2019.10.23-15.15.08:716][  0]LogFileCache: Scanning file cache for directory 'C:/Users/hwils/Desktop/VR-Classroom/Content/Collections/' took 0.00s
[2019.10.23-15.15.08:716][  0]LogCollectionManager: Rebuilt the GUID cache for 0 collections in 0.000003 seconds
[2019.10.23-15.15.08:728][  0]LogContentBrowser: Native class hierarchy populated in 0.0089 seconds. Added 2882 classes and 693 folders.
[2019.10.23-15.15.08:747][  0]LogContentBrowser: Native class hierarchy updated for 'WidgetCarousel' in 0.0002 seconds. Added 0 classes and 0 folders.
[2019.10.23-15.15.08:918][  0]LogContentBrowser: Native class hierarchy updated for 'AddContentDialog' in 0.0002 seconds. Added 0 classes and 0 folders.
[2019.10.23-15.15.08:941][  0]LogContentBrowser: Native class hierarchy updated for 'SceneOutliner' in 0.0003 seconds. Added 1 classes and 2 folders.
[2019.10.23-15.15.09:004][  0]LogSlate: Took 0.000218 seconds to synchronously load lazily loaded font '../../../Engine/Content/Slate/Fonts/Roboto-Regular.ttf' (155K)
[2019.10.23-15.15.09:008][  0]LogSlate: Took 0.000239 seconds to synchronously load lazily loaded font '../../../Engine/Content/Slate/Fonts/Roboto-Bold.ttf' (160K)
[2019.10.23-15.15.09:028][  0]LogSlate: Took 0.000713 seconds to synchronously load lazily loaded font '../../../Engine/Content/Editor/Slate/Fonts/FontAwesome.ttf' (139K)
[2019.10.23-15.15.09:193][  0]LogRenderer: Reallocating scene render targets to support 512x512 Format 10 NumSamples 1 (Frame:1).
[2019.10.23-15.15.09:313][  0]LogRenderer: Reallocating scene render targets to support 856x512 Format 9 NumSamples 1 (Frame:1).
[2019.10.23-15.15.09:718][  0]LogSlate: FSceneViewport::OnFocusLost() reason 5
[2019.10.23-15.15.09:742][  0]LogSlate: Window 'Tutorials' being destroyed
[2019.10.23-15.15.09:758][  0]LogContentBrowser: Native class hierarchy updated for 'HierarchicalLODOutliner' in 0.0002 seconds. Added 0 classes and 0 folders.
[2019.10.23-15.15.09:759][  0]LogLoad: (Engine Initialization) Total time: 11.42 seconds
[2019.10.23-15.15.09:760][  0]LogLoad: (Engine Initialization) Total Blueprint compile time: 0.00 seconds
[2019.10.23-15.15.09:833][  0]LogContentStreaming: Texture pool size now 400 MB
[2019.10.23-15.15.09:837][  0]LogSlate: FSceneViewport::OnFocusLost() reason 5
[2019.10.23-15.15.10:084][  0]LogSlate: Took 0.000787 seconds to synchronously load lazily loaded font '../../../Engine/Content/Slate/Fonts/Roboto-Light.ttf' (167K)
[2019.10.23-15.15.10:608][  2]LogAssetRegistry: Asset discovery search completed in 7.8730 seconds
[2019.10.23-15.15.10:616][  2]LogCollectionManager: Rebuilt the object cache for 0 collections in 0.000007 seconds (found 0 objects)
[2019.10.23-15.15.10:616][  2]LogCollectionManager: Fixed up redirectors for 0 collections in 0.000103 seconds (updated 0 objects)
[2019.10.23-15.15.12:947][108]LogSlate: Window 'Message Log' being destroyed
[2019.10.23-15.15.12:953][108]LogSlate: Window 'Message Log' being destroyed
[2019.10.23-15.15.17:472][294]LogSlate: FSceneViewport::OnFocusLost() reason 0
[2019.10.23-15.32.12:607][617]LogSlate: FSceneViewport::OnFocusLost() reason 0
[2019.10.23-16.26.35:042][701]LogEditorViewport: Clicking on Actor (LMB): StaticMeshActor (LightFixture_Long4)
[2019.10.23-16.26.38:923][853]LogEditorViewport: Clicking on Actor (LMB): StaticMeshActor (Cylinder8)
[2019.10.23-16.26.39:475][883]LogEditorViewport: Clicking on Actor (LMB): StaticMeshActor (Cylinder8)
[2019.10.23-16.26.42:528][ 20]LogEditorViewport: Clicking on Actor (LMB): StaticMeshActor (LightFixture_Long4)
[2019.10.23-16.26.44:382][ 95]LogSlate: FSceneViewport::OnFocusLost() reason 0
[2019.10.23-16.26.53:029][473]LogEditorViewport: Clicking on Actor (LMB): StaticMeshActor (LightFixture_Long2)
[2019.10.23-16.26.53:122][475]LogEditorViewport: Clicking on Actor (double click): StaticMeshActor (LightFixture_Long2)
[2019.10.23-16.26.54:028][515]LogEditorViewport: Clicking on Actor (LMB): StaticMeshActor (LightFixture_Long2)
[2019.10.23-16.27.09:190][218]LogSlate: FSceneViewport::OnFocusLost() reason 0
[2019.10.23-16.27.10:253][225]LogHttp: Warning: 000001AAFA640E00: invalid HTTP response code received. URL: https://datarouter.ol.epicgames.com/datarouter/api/v1/public/data?SessionID=%7BC88F5E34-4A99-010D-65CD-B4ABD602571E%7D&AppID=UEEditor.Rocket.Release&AppVersion=4.23.0-8386587%2B%2B%2BUE4%2BRelease-4.23&UserID=07c048b94f936d25b3005e9952a434ba%7Cf3a40dc7e2ab436389565a81fce8965f%7Caba7156b-130e-491c-8c2d-9021e5f6c70f&AppEnvironment=datacollector-binary&UploadType=eteventstream, HTTP code: 0, content length: -1, actual payload size: 0
[2019.10.23-16.27.10:254][225]LogHttp: Warning: 000001AAFA640E00: request failed, libcurl error: 56 (Failure when receiving data from the peer)
[2019.10.23-16.27.10:254][225]LogHttp: Warning: 000001AAFA640E00: libcurl info message cache 0 (Found bundle for host datarouter.ol.epicgames.com: 0x1aabc807f70 [can pipeline])
[2019.10.23-16.27.10:254][225]LogHttp: Warning: 000001AAFA640E00: libcurl info message cache 1 (Re-using existing connection! (#26) with host datarouter.ol.epicgames.com)
[2019.10.23-16.27.10:254][225]LogHttp: Warning: 000001AAFA640E00: libcurl info message cache 2 (Connected to datarouter.ol.epicgames.com (52.4.51.163) port 443 (#26))
[2019.10.23-16.27.10:254][225]LogHttp: Warning: 000001AAFA640E00: libcurl info message cache 3 (We are completely uploaded and fine)
[2019.10.23-16.27.10:254][225]LogHttp: Warning: 000001AAFA640E00: libcurl info message cache 4 (OpenSSL SSL_read: SSL_ERROR_SYSCALL, errno 10054)
[2019.10.23-16.27.10:254][225]LogHttp: Warning: 000001AAFA640E00: libcurl info message cache 5 (Connection died, retrying a fresh connect)
[2019.10.23-16.27.10:254][225]LogHttp: Warning: 000001AAFA640E00: libcurl info message cache 6 (necessary data rewind wasn't possible)
[2019.10.23-16.27.10:254][225]LogHttp: Warning: 000001AAFA640E00: libcurl info message cache 7 (Closing connection 26)
[2019.10.23-16.27.10:584][226]LogHttp: Warning: Retry exhausted on https://datarouter.ol.epicgames.com/datarouter/api/v1/public/data?SessionID=%7BC88F5E34-4A99-010D-65CD-B4ABD602571E%7D&AppID=UEEditor.Rocket.Release&AppVersion=4.23.0-8386587%2B%2B%2BUE4%2BRelease-4.23&UserID=07c048b94f936d25b3005e9952a434ba%7Cf3a40dc7e2ab436389565a81fce8965f%7Caba7156b-130e-491c-8c2d-9021e5f6c70f&AppEnvironment=datacollector-binary&UploadType=eteventstream
[2019.10.23-16.28.22:016][222]LogSlate: FSceneViewport::OnFocusLost() reason 0
[2019.10.23-16.28.38:950][176]LogActorFactory: Actor Factory created LightFixture_Long
[2019.10.23-16.28.42:129][287]LogActorFactory: Actor Factory created LightFixture_Long
[2019.10.23-16.30.01:662][416]LogSlate: Took 0.003399 seconds to synchronously load lazily loaded font '../../../Engine/Content/Slate/Fonts/Roboto-Light.ttf' (167K)
[2019.10.23-16.30.10:690][955]LogSlate: FSceneViewport::OnFocusLost() reason 5
[2019.10.23-16.30.10:800][955]LogUObjectHash: Compacting FUObjectHashTables data took   5.06ms
[2019.10.23-16.30.11:397][955]LogSavePackage: Moving '../../../../../../Users/hwils/Desktop/VR-Classroom/Saved/TestLevel_Auto1095E0A6449C300DB24E2938AA3221442.tmp' to '../../../../../../Users/hwils/Desktop/VR-Classroom/Saved/Autosaves/Game/02_Maps/TestLevel_Auto1.umap'
[2019.10.23-16.30.11:405][955]LogFileHelpers: Editor autosave (incl. sublevels) for '/Game/02_Maps/TestLevel' took 0.661
[2019.10.23-16.30.11:405][955]LogFileHelpers: Editor autosave (incl. sublevels) for all levels took 0.661
[2019.10.23-16.30.48:328][536]Cmd: DELETE
[2019.10.23-16.30.48:328][536]Cmd: ACTOR DELETE
[2019.10.23-16.30.48:366][536]LogEditorActor: Deleted Actor: StaticMeshActor
[2019.10.23-16.30.48:403][536]LogUObjectHash: Compacting FUObjectHashTables data took   2.17ms
[2019.10.23-16.30.48:403][536]LogEditorActor: Deleted 1 Actors (0.056 secs)
[2019.10.23-16.32.13:403][732]LogSlate: FSceneViewport::OnFocusLost() reason 0
[2019.10.23-16.32.28:504][334]LogAssetEditorManager: Opening Asset editor for Blueprint /Game/01_Blueprints/Enemy_AI/Idle_Blueprint.Idle_Blueprint
[2019.10.23-16.32.28:938][334]LogClass: Warning: Enum '/Game/Particles_Wind_Control_System/Blueprints/Enumerations/P_Leaves_Enum.P_Leaves_Enum' was upgraded to use FText to store its display name data. Please re-save this asset to avoid issues with localization and determinstic cooking.
[2019.10.23-16.32.29:022][334]LogContentBrowser: Native class hierarchy updated for 'BlueprintGraph' in 0.0027 seconds. Added 121 classes and 0 folders.
[2019.10.23-16.32.30:212][334]LogSlate: Took 0.000972 seconds to synchronously load lazily loaded font '../../../Engine/Content/Slate/Fonts/Roboto-BoldCondensed.ttf' (158K)
[2019.10.23-16.32.31:464][432]LogSlate: Took 0.005176 seconds to synchronously load lazily loaded font '../../../Engine/Content/Slate/Fonts/Roboto-Italic.ttf' (157K)
[2019.10.23-16.32.41:690][257]LogSlate: Window 'Idle_Blueprint' being destroyed
[2019.10.23-16.32.41:739][257]LogWorld: UWorld::CleanupWorld for World_6, bSessionEnded=true, bCleanupResources=true
[2019.10.23-16.33.03:681][566]LogSlate: FSceneViewport::OnFocusLost() reason 0
[2019.10.23-16.33.03:803][571]LogUObjectHash: Compacting FUObjectHashTables data took   6.40ms
[2019.10.23-16.33.05:288][571]LogSlate: Window 'Save Content' being destroyed
[2019.10.23-16.33.05:348][571]LogSlate: Window 'VRHCR - Unreal Editor' being destroyed
[2019.10.23-16.33.05:511][572]Cmd: QUIT_EDITOR
[2019.10.23-16.33.05:576][572]LogWindowsTextInputMethodSystem: Display: IME system now deactivated.
[2019.10.23-16.33.05:589][572]LogExit: Preparing to exit.
[2019.10.23-16.33.06:326][572]LogWorld: UWorld::CleanupWorld for World_0, bSessionEnded=true, bCleanupResources=true
[2019.10.23-16.33.06:329][572]LogWorld: UWorld::CleanupWorld for World_1, bSessionEnded=true, bCleanupResources=true
[2019.10.23-16.33.06:331][572]LogWorld: UWorld::CleanupWorld for World_2, bSessionEnded=true, bCleanupResources=true
[2019.10.23-16.33.06:334][572]LogWorld: UWorld::CleanupWorld for World_3, bSessionEnded=true, bCleanupResources=true
[2019.10.23-16.33.06:338][572]LogWorld: UWorld::CleanupWorld for World_4, bSessionEnded=true, bCleanupResources=true
[2019.10.23-16.33.06:341][572]LogWorld: UWorld::CleanupWorld for World_5, bSessionEnded=true, bCleanupResources=true
[2019.10.23-16.33.06:394][572]LogDemo: Cleaned up 0 splitscreen connections with owner deletion
[2019.10.23-16.33.06:435][572]LogWorld: UWorld::CleanupWorld for None, bSessionEnded=true, bCleanupResources=true
[2019.10.23-16.33.06:436][572]LogExit: Editor shut down
[2019.10.23-16.33.06:437][572]LogExit: Transaction tracking system shut down
[2019.10.23-16.33.07:008][572]LogExit: Object subsystem successfully closed.
[2019.10.23-16.33.07:072][572]LogShaderCompilers: Display: Shaders left to compile 0
[2019.10.23-16.33.07:238][572]LogModuleManager: Shutting down and abandoning module BlueprintGraph (680)
[2019.10.23-16.33.07:238][572]LogModuleManager: Shutting down and abandoning module HierarchicalLODOutliner (678)
[2019.10.23-16.33.07:238][572]LogModuleManager: Shutting down and abandoning module SceneOutliner (676)
[2019.10.23-16.33.07:238][572]LogModuleManager: Shutting down and abandoning module AddContentDialog (674)
[2019.10.23-16.33.07:250][572]LogModuleManager: Shutting down and abandoning module WidgetCarousel (673)
[2019.10.23-16.33.07:250][572]LogModuleManager: Shutting down and abandoning module EditorWidgets (670)
[2019.10.23-16.33.07:250][572]LogModuleManager: Shutting down and abandoning module CollectionManager (668)
[2019.10.23-16.33.07:252][572]LogModuleManager: Shutting down and abandoning module MeshBuilder (666)
[2019.10.23-16.33.07:253][572]LogModuleManager: Shutting down and abandoning module StatsViewer (664)
[2019.10.23-16.33.07:255][572]LogModuleManager: Shutting down and abandoning module VirtualTexturingEditor (662)
[2019.10.23-16.33.07:255][572]LogModuleManager: Shutting down and abandoning module FoliageEdit (660)
[2019.10.23-16.33.07:256][572]LogModuleManager: Shutting down and abandoning module LandscapeEditor (658)
[2019.10.23-16.33.07:261][572]LogModuleManager: Shutting down and abandoning module MeshPaintMode (656)
[2019.10.23-16.33.07:261][572]LogModuleManager: Shutting down and abandoning module SceneDepthPickerMode (654)
[2019.10.23-16.33.07:261][572]LogModuleManager: Shutting down and abandoning module ActorPickerMode (652)
[2019.10.23-16.33.07:261][572]LogModuleManager: Shutting down and abandoning module GeometryMode (650)
[2019.10.23-16.33.07:262][572]LogModuleManager: Shutting down and abandoning module TextureAlignMode (648)
[2019.10.23-16.33.07:262][572]LogModuleManager: Shutting down and abandoning module BspMode (646)
[2019.10.23-16.33.07:263][572]LogModuleManager: Shutting down and abandoning module PIEPreviewDeviceProfileSelector (644)
[2019.10.23-16.33.07:265][572]LogModuleManager: Shutting down and abandoning module SequenceRecorderSections (642)
[2019.10.23-16.33.07:266][572]LogModuleManager: Shutting down and abandoning module AutomationWorker (640)
[2019.10.23-16.33.07:268][572]LogModuleManager: Shutting down and abandoning module OculusMR (638)
[2019.10.23-16.33.07:268][572]LogModuleManager: Shutting down and abandoning module OculusAudioEditor (636)
[2019.10.23-16.33.07:268][572]LogModuleManager: Shutting down and abandoning module AudioCaptureEditor (634)
[2019.10.23-16.33.07:268][572]LogModuleManager: Shutting down and abandoning module MatineeToLevelSequence (632)
[2019.10.23-16.33.07:270][572]LogModuleManager: Shutting down and abandoning module LevelSequenceEditor (630)
[2019.10.23-16.33.07:275][572]LogModuleManager: Shutting down and abandoning module PlacementMode (629)
[2019.10.23-16.33.07:275][572]LogModuleManager: Shutting down and abandoning module MaterialEditor (628)
[2019.10.23-16.33.07:278][572]LogModuleManager: Shutting down and abandoning module ActorSequenceEditor (624)
[2019.10.23-16.33.07:279][572]LogModuleManager: Shutting down and abandoning module WmfMediaFactory (622)
[2019.10.23-16.33.07:279][572]LogModuleManager: Shutting down and abandoning module WmfMediaEditor (620)
[2019.10.23-16.33.07:279][572]LogModuleManager: Shutting down and abandoning module WebMMediaFactory (618)
[2019.10.23-16.33.07:279][572]LogModuleManager: Shutting down and abandoning module WebMMediaEditor (616)
[2019.10.23-16.33.07:279][572]LogModuleManager: Shutting down and abandoning module WebMMedia (614)
[2019.10.23-16.33.07:280][572]LogModuleManager: Shutting down and abandoning module MediaPlayerEditor (612)
[2019.10.23-16.33.07:282][572]LogModuleManager: Shutting down and abandoning module MediaCompositingEditor (610)
[2019.10.23-16.33.07:286][572]LogModuleManager: Shutting down and abandoning module SequenceRecorder (609)
[2019.10.23-16.33.07:286][572]LogModuleManager: Shutting down and abandoning module OpenExrWrapper (606)
[2019.10.23-16.33.07:286][572]LogModuleManager: Shutting down and abandoning module ImgMediaFactory (604)
[2019.10.23-16.33.07:286][572]LogModuleManager: Shutting down and abandoning module ImgMediaEditor (602)
[2019.10.23-16.33.07:286][572]LogModuleManager: Shutting down and abandoning module AvfMediaFactory (600)
[2019.10.23-16.33.07:286][572]LogModuleManager: Shutting down and abandoning module AvfMediaEditor (598)
[2019.10.23-16.33.07:286][572]LogModuleManager: Shutting down and abandoning module AndroidMediaFactory (596)
[2019.10.23-16.33.07:286][572]LogModuleManager: Shutting down and abandoning module AndroidMediaEditor (594)
[2019.10.23-16.33.07:286][572]LogModuleManager: Shutting down and abandoning module MagicLeapCameraPreviewFactory (592)
[2019.10.23-16.33.07:287][572]LogModuleManager: Shutting down and abandoning module MagicLeapMediaCodecFactory (590)
[2019.10.23-16.33.07:287][572]LogModuleManager: Shutting down and abandoning module MagicLeapMediaFactory (588)
[2019.10.23-16.33.07:287][572]LogModuleManager: Shutting down and abandoning module MagicLeapMediaEditor (586)
[2019.10.23-16.33.07:287][572]LogModuleManager: Shutting down and abandoning module CharacterAI (584)
[2019.10.23-16.33.07:287][572]LogModuleManager: Shutting down and abandoning module SmartSnapping (582)
[2019.10.23-16.33.07:288][572]LogModuleManager: Shutting down and abandoning module SessionServices (580)
[2019.10.23-16.33.07:288][572]LogModuleManager: Shutting down and abandoning module MeshPaint (578)
[2019.10.23-16.33.07:290][572]LogModuleManager: Shutting down and abandoning module ViewportSnapping (576)
[2019.10.23-16.33.07:290][572]LogModuleManager: Shutting down and abandoning module ViewportInteraction (574)
[2019.10.23-16.33.07:290][572]LogModuleManager: Shutting down and abandoning module ClothPainter (572)
[2019.10.23-16.33.07:292][572]LogModuleManager: Shutting down and abandoning module SkeletalMeshEditor (571)
[2019.10.23-16.33.07:296][572]LogModuleManager: Shutting down and abandoning module LogVisualizer (568)
[2019.10.23-16.33.07:298][572]LogModuleManager: Shutting down and abandoning module IntroTutorials (566)
[2019.10.23-16.33.07:299][572]LogModuleManager: Shutting down and abandoning module GameProjectGeneration (565)
[2019.10.23-16.33.07:300][572]LogModuleManager: Shutting down and abandoning module LuminPlatformEditor (562)
[2019.10.23-16.33.07:300][572]LogModuleManager: Shutting down and abandoning module IOSPlatformEditor (560)
[2019.10.23-16.33.07:301][572]LogModuleManager: Shutting down and abandoning module HTML5PlatformEditor (558)
[2019.10.23-16.33.07:301][572]LogModuleManager: Shutting down and abandoning module AndroidPlatformEditor (556)
[2019.10.23-16.33.07:301][572]LogModuleManager: Shutting down and abandoning module AndroidDeviceDetection (555)
[2019.10.23-16.33.08:328][572]LogModuleManager: Shutting down and abandoning module WindowsPlatformEditor (552)
[2019.10.23-16.33.08:328][572]LogModuleManager: Shutting down and abandoning module LuminRuntimeSettings (550)
[2019.10.23-16.33.08:328][572]LogModuleManager: Shutting down and abandoning module IOSRuntimeSettings (548)
[2019.10.23-16.33.08:328][572]LogModuleManager: Shutting down and abandoning module AndroidRuntimeSettings (546)
[2019.10.23-16.33.08:328][572]LogModuleManager: Shutting down and abandoning module TimeManagementEditor (544)
[2019.10.23-16.33.08:328][572]LogModuleManager: Shutting down and abandoning module InputBindingEditor (542)
[2019.10.23-16.33.08:330][572]LogModuleManager: Shutting down and abandoning module MergeActors (540)
[2019.10.23-16.33.08:332][572]LogModuleManager: Shutting down and abandoning module LocalizationDashboard (538)
[2019.10.23-16.33.08:334][572]LogModuleManager: Shutting down and abandoning module LocalizationService (537)
[2019.10.23-16.33.08:334][572]LogModuleManager: Shutting down and abandoning module HardwareTargeting (534)
[2019.10.23-16.33.08:335][572]LogModuleManager: Shutting down and abandoning module DeviceProfileEditor (532)
[2019.10.23-16.33.08:336][572]LogModuleManager: Shutting down and abandoning module UndoHistory (530)
[2019.10.23-16.33.08:337][572]LogModuleManager: Shutting down and abandoning module XmlParser (528)
[2019.10.23-16.33.08:337][572]LogModuleManager: Shutting down and abandoning module Blutility (526)
[2019.10.23-16.33.08:337][572]LogModuleManager: Shutting down and abandoning module ProjectSettingsViewer (524)
[2019.10.23-16.33.08:337][572]LogModuleManager: Shutting down and abandoning module ProjectTargetPlatformEditor (523)
[2019.10.23-16.33.08:339][572]LogModuleManager: Shutting down and abandoning module EditorSettingsViewer (520)
[2019.10.23-16.33.08:340][572]LogModuleManager: Shutting down and abandoning module SettingsEditor (518)
[2019.10.23-16.33.08:342][572]LogModuleManager: Shutting down and abandoning module ProjectLauncher (516)
[2019.10.23-16.33.08:343][572]LogModuleManager: Shutting down and abandoning module SessionFrontend (514)
[2019.10.23-16.33.08:344][572]LogModuleManager: Shutting down and abandoning module ProfilerClient (512)
[2019.10.23-16.33.08:345][572]LogModuleManager: Shutting down and abandoning module DeviceManager (510)
[2019.10.23-16.33.08:347][572]LogModuleManager: Shutting down and abandoning module TargetDeviceServices (509)
[2019.10.23-16.33.08:390][572]LogModuleManager: Shutting down and abandoning module AutomationController (506)
[2019.10.23-16.33.08:392][572]LogModuleManager: Shutting down and abandoning module AutomationWindow (504)
[2019.10.23-16.33.08:394][572]LogModuleManager: Shutting down and abandoning module Layers (502)
[2019.10.23-16.33.08:399][572]LogModuleManager: Shutting down and abandoning module ComponentVisualizers (500)
[2019.10.23-16.33.08:399][572]LogModuleManager: Shutting down and abandoning module DetailCustomizations (498)
[2019.10.23-16.33.08:399][572]LogModuleManager: Shutting down and abandoning module PackagesDialog (496)
[2019.10.23-16.33.08:400][572]LogModuleManager: Shutting down and abandoning module AnimationBlueprintEditor (494)
[2019.10.23-16.33.08:402][572]LogModuleManager: Shutting down and abandoning module Persona (492)
[2019.10.23-16.33.08:404][572]LogModuleManager: Shutting down and abandoning module AdvancedPreviewScene (491)
[2019.10.23-16.33.08:404][572]LogModuleManager: Shutting down and abandoning module AnimGraph (489)
[2019.10.23-16.33.08:404][572]LogModuleManager: Shutting down and abandoning module Kismet (486)
[2019.10.23-16.33.08:421][572]LogModuleManager: Shutting down and abandoning module KismetWidgets (485)
[2019.10.23-16.33.08:421][572]LogModuleManager: Shutting down and abandoning module GraphEditor (482)
[2019.10.23-16.33.08:423][572]LogModuleManager: Shutting down and abandoning module StructViewer (480)
[2019.10.23-16.33.08:423][572]LogModuleManager: Shutting down and abandoning module ClassViewer (478)
[2019.10.23-16.33.08:423][572]LogModuleManager: Shutting down and abandoning module Toolbox (476)
[2019.10.23-16.33.08:423][572]LogModuleManager: Shutting down and abandoning module ModuleUI (474)
[2019.10.23-16.33.08:424][572]LogModuleManager: Shutting down and abandoning module MovieSceneTools (472)
[2019.10.23-16.33.08:425][572]LogModuleManager: Shutting down and abandoning module OutputLog (470)
[2019.10.23-16.33.08:427][572]LogModuleManager: Shutting down and abandoning module GammaUI (468)
[2019.10.23-16.33.08:429][572]LogModuleManager: Shutting down and abandoning module Documentation (466)
[2019.10.23-16.33.08:429][572]LogModuleManager: Shutting down and abandoning module LiveCoding (464)
[2019.10.23-16.33.08:431][572]LogModuleManager: Shutting down and abandoning module LevelSequence (462)
[2019.10.23-16.33.08:431][572]LogModuleManager: Shutting down and abandoning module MovieSceneTracks (460)
[2019.10.23-16.33.08:432][572]LogModuleManager: Shutting down and abandoning module MovieScene (458)
[2019.10.23-16.33.08:432][572]LogModuleManager: Shutting down and abandoning module StreamingPauseRendering (456)
[2019.10.23-16.33.08:434][572]LogModuleManager: Shutting down and abandoning module LauncherPlatform (454)
[2019.10.23-16.33.08:434][572]LogModuleManager: Shutting down and abandoning module AnalyticsET (452)
[2019.10.23-16.33.08:434][572]LogModuleManager: Shutting down and abandoning module PortalServices (450)
[2019.10.23-16.33.08:434][572]LogModuleManager: Shutting down and abandoning module PortalRpc (448)
[2019.10.23-16.33.08:434][572]LogModuleManager: Shutting down and abandoning module MessagingRpc (446)
[2019.10.23-16.33.08:434][572]LogModuleManager: Shutting down and abandoning module AIModule (444)
[2019.10.23-16.33.08:436][572]LogModuleManager: Shutting down and abandoning module GameplayDebugger (443)
[2019.10.23-16.33.08:437][572]LogModuleManager: Shutting down and abandoning module AITestSuite (441)
[2019.10.23-16.33.08:437][572]LogModuleManager: Shutting down and abandoning module NavigationSystem (439)
[2019.10.23-16.33.08:437][572]LogModuleManager: Shutting down and abandoning module DesktopPlatform (436)
[2019.10.23-16.33.08:439][572]LogModuleManager: Shutting down and abandoning module ImageWriteQueue (434)
[2019.10.23-16.33.08:454][572]LogModuleManager: Shutting down and abandoning module ProfilerService (432)
[2019.10.23-16.33.08:567][572]LogModuleManager: Shutting down and abandoning module TaskGraph (430)
[2019.10.23-16.33.08:573][572]LogModuleManager: Shutting down and abandoning module ScreenshotTools (428)
[2019.10.23-16.33.08:573][572]LogModuleManager: Shutting down and abandoning module SteamVRController (426)
[2019.10.23-16.33.08:573][572]LogModuleManager: Shutting down and abandoning module ProceduralMeshComponentEditor (424)
[2019.10.23-16.33.08:573][572]LogModuleManager: Shutting down and abandoning module ProceduralMeshComponent (422)
[2019.10.23-16.33.08:573][572]LogModuleManager: Shutting down and abandoning module OculusEditor (420)
[2019.10.23-16.33.08:573][572]LogModuleManager: Shutting down and abandoning module OculusInput (418)
[2019.10.23-16.33.08:573][572]LogModuleManager: Shutting down and abandoning module MobilePatchingUtils (416)
[2019.10.23-16.33.08:573][572]LogModuleManager: Shutting down and abandoning module EditableMesh (414)
[2019.10.23-16.33.08:573][572]LogModuleManager: Shutting down and abandoning module CustomMeshComponent (412)
[2019.10.23-16.33.08:573][572]LogModuleManager: Shutting down and abandoning module CableComponent (410)
[2019.10.23-16.33.08:573][572]LogModuleManager: Shutting down and abandoning module AudioCapture (408)
[2019.10.23-16.33.08:573][572]LogModuleManager: Shutting down and abandoning module ArchVisCharacter (406)
[2019.10.23-16.33.08:573][572]LogModuleManager: Shutting down and abandoning module AppleImageUtilsBlueprintSupport (404)
[2019.10.23-16.33.08:573][572]LogModuleManager: Shutting down and abandoning module AppleImageUtils (402)
[2019.10.23-16.33.08:573][572]LogModuleManager: Shutting down and abandoning module AndroidPermission (400)
[2019.10.23-16.33.08:573][572]LogModuleManager: Shutting down and abandoning module NUTUnrealEngine4 (396)
[2019.10.23-16.33.08:574][572]LogModuleManager: Shutting down and abandoning module NetcodeUnitTest (394)
[2019.10.23-16.33.08:574][572]LogModuleManager: Shutting down and abandoning module MediaCompositing (392)
[2019.10.23-16.33.08:574][572]LogModuleManager: Shutting down and abandoning module ImgMedia (390)
[2019.10.23-16.33.08:575][572]LogModuleManager: Shutting down and abandoning module MagicLeapHelperVulkan (388)
[2019.10.23-16.33.08:575][572]LogModuleManager: Shutting down and abandoning module MagicLeapHelperOpenGL (386)
[2019.10.23-16.33.08:575][572]LogModuleManager: Shutting down and abandoning module MagicLeapAudio (384)
[2019.10.23-16.33.08:575][572]LogModuleManager: Shutting down and abandoning module HTML5Networking (382)
[2019.10.23-16.33.08:575][572]LogModuleManager: Shutting down and abandoning module GeometryCacheTracks (380)
[2019.10.23-16.33.08:575][572]LogModuleManager: Shutting down and abandoning module GeometryCacheSequencer (378)
[2019.10.23-16.33.08:575][572]LogModuleManager: Shutting down and abandoning module BackChannel (376)
[2019.10.23-16.33.08:576][572]LogModuleManager: Shutting down and abandoning module AutomationUtilsEditor (374)
[2019.10.23-16.33.08:576][572]LogModuleManager: Shutting down and abandoning module AutomationUtils (372)
[2019.10.23-16.33.08:576][572]LogModuleManager: Shutting down and abandoning module AlembicImporter (370)
[2019.10.23-16.33.08:576][572]LogModuleManager: Shutting down and abandoning module AlembicLibrary (369)
[2019.10.23-16.33.08:576][572]LogModuleManager: Shutting down and abandoning module GeometryCache (368)
[2019.10.23-16.33.08:576][572]LogModuleManager: Shutting down and abandoning module GeometryCacheEd (367)
[2019.10.23-16.33.08:576][572]LogModuleManager: Shutting down and abandoning module VariantManagerContent (362)
[2019.10.23-16.33.08:576][572]LogModuleManager: Shutting down and abandoning module DatasmithContentEditor (360)
[2019.10.23-16.33.08:576][572]LogModuleManager: Shutting down and abandoning module SpeedTreeImporter (358)
[2019.10.23-16.33.08:576][572]LogModuleManager: Shutting down and abandoning module PluginBrowser (356)
[2019.10.23-16.33.08:579][572]LogModuleManager: Shutting down and abandoning module MobileLauncherProfileWizard (354)
[2019.10.23-16.33.08:579][572]LogModuleManager: Shutting down and abandoning module MaterialAnalyzer (352)
[2019.10.23-16.33.08:580][572]LogModuleManager: Shutting down and abandoning module CurveEditorTools (350)
[2019.10.23-16.33.08:580][572]LogModuleManager: Shutting down and abandoning module CurveEditor (349)
[2019.10.23-16.33.08:582][572]LogModuleManager: Shutting down and abandoning module CryptoKeysOpenSSL (346)
[2019.10.23-16.33.08:582][572]LogModuleManager: Shutting down and abandoning module CryptoKeys (344)
[2019.10.23-16.33.08:582][572]LogModuleManager: Shutting down and abandoning module VisualStudioSourceCodeAccess (342)
[2019.10.23-16.33.08:583][572]LogModuleManager: Shutting down and abandoning module VisualStudioCodeSourceCodeAccess (340)
[2019.10.23-16.33.08:583][572]LogModuleManager: Shutting down and abandoning module UObjectPlugin (338)
[2019.10.23-16.33.08:583][572]LogModuleManager: Shutting down and abandoning module SubversionSourceControl (336)
[2019.10.23-16.33.08:584][572]LogModuleManager: Shutting down and abandoning module PerforceSourceControl (334)
[2019.10.23-16.33.08:585][572]LogModuleManager: Shutting down and abandoning module GitSourceControl (332)
[2019.10.23-16.33.08:586][572]LogModuleManager: Shutting down and abandoning module SourceControl (331)
[2019.10.23-16.33.08:586][572]LogModuleManager: Shutting down and abandoning module CLionSourceCodeAccess (328)
[2019.10.23-16.33.08:586][572]LogModuleManager: Shutting down and abandoning module AnimationSharingEd (326)
[2019.10.23-16.33.08:586][572]LogModuleManager: Shutting down and abandoning module ActorLayerUtilitiesEditor (324)
[2019.10.23-16.33.08:587][572]LogModuleManager: Shutting down and abandoning module ActorLayerUtilities (322)
[2019.10.23-16.33.08:587][572]LogModuleManager: Shutting down and abandoning module LightPropagationVolumeEditor (320)
[2019.10.23-16.33.08:587][572]LogModuleManager: Shutting down and abandoning module PaperTiledImporter (318)
[2019.10.23-16.33.08:587][572]LogModuleManager: Shutting down and abandoning module PaperSpriteSheetImporter (316)
[2019.10.23-16.33.08:587][572]LogModuleManager: Shutting down and abandoning module Paper2DEditor (314)
[2019.10.23-16.33.08:588][572]LogModuleManager: Shutting down and abandoning module SignificanceManager (312)
[2019.10.23-16.33.08:588][572]LogModuleManager: Shutting down and abandoning module RuntimePhysXCooking (310)
[2019.10.23-16.33.08:588][572]LogModuleManager: Shutting down and abandoning module PhysXVehiclesEditor (308)
[2019.10.23-16.33.08:588][572]LogModuleManager: Shutting down and abandoning module LocationServicesBPLibrary (304)
[2019.10.23-16.33.08:588][572]LogModuleManager: Shutting down and abandoning module ActorSequence (302)
[2019.10.23-16.33.08:588][572]LogModuleManager: Shutting down and abandoning module UdpMessaging (300)
[2019.10.23-16.33.08:690][572]LogModuleManager: Shutting down and abandoning module TcpMessaging (298)
[2019.10.23-16.33.08:796][572]LogModuleManager: Shutting down and abandoning module MagicLeapIdentity (296)
[2019.10.23-16.33.08:796][572]LogModuleManager: Shutting down and abandoning module MagicLeapSecureStorage (294)
[2019.10.23-16.33.08:796][572]LogModuleManager: Shutting down and abandoning module MagicLeapHandTracking (292)
[2019.10.23-16.33.08:796][572]LogModuleManager: Shutting down and abandoning module MagicLeapEyeTracker (290)
[2019.10.23-16.33.08:797][572]LogModuleManager: Shutting down and abandoning module MagicLeapController (288)
[2019.10.23-16.33.08:797][572]LogSlate: Slate User Destroyed.  User Index 0, Is Virtual User: 0
[2019.10.23-16.33.08:797][572]LogModuleManager: Shutting down and abandoning module MagicLeapAR (286)
[2019.10.23-16.33.08:797][572]LogModuleManager: Shutting down and abandoning module AugmentedReality (285)
[2019.10.23-16.33.08:797][572]LogModuleManager: Shutting down and abandoning module GameplayTagsEditor (282)
[2019.10.23-16.33.08:798][572]LogModuleManager: Shutting down and abandoning module FacialAnimationEditor (280)
[2019.10.23-16.33.08:798][572]LogModuleManager: Shutting down and abandoning module FacialAnimation (278)
[2019.10.23-16.33.08:798][572]LogModuleManager: Shutting down and abandoning module DataValidation (276)
[2019.10.23-16.33.08:798][572]LogModuleManager: Shutting down and abandoning module AssetManagerEditor (274)
[2019.10.23-16.33.08:800][572]LogModuleManager: Shutting down and abandoning module LevelEditor (273)
[2019.10.23-16.33.08:804][572]LogModuleManager: Shutting down and abandoning module PixelInspectorModule (272)
[2019.10.23-16.33.08:805][572]LogModuleManager: Shutting down and abandoning module CommonMenuExtensions (270)
[2019.10.23-16.33.08:807][572]LogModuleManager: Shutting down and abandoning module MainFrame (268)
[2019.10.23-16.33.08:807][572]LogModuleManager: Shutting down and abandoning module HotReload (267)
[2019.10.23-16.33.08:809][572]LogModuleManager: Shutting down and abandoning module ContentBrowser (263)
[2019.10.23-16.33.08:814][572]LogModuleManager: Shutting down and abandoning module TreeMap (261)
[2019.10.23-16.33.08:814][572]LogModuleManager: Shutting down and abandoning module AnimationSharing (258)
[2019.10.23-16.33.08:814][572]LogModuleManager: Shutting down and abandoning module LightPropagationVolumeRuntime (256)
[2019.10.23-16.33.08:814][572]LogModuleManager: Shutting down and abandoning module Paper2D (254)
[2019.10.23-16.33.08:815][572]LogModuleManager: Shutting down and abandoning module WindowsMoviePlayer (252)
[2019.10.23-16.33.08:823][572]LogModuleManager: Shutting down and abandoning module WebMMoviePlayer (250)
[2019.10.23-16.33.08:823][572]LogModuleManager: Shutting down and abandoning module NetworkReplayStreaming (248)
[2019.10.23-16.33.08:823][572]LogModuleManager: Shutting down and abandoning module PacketHandler (246)
[2019.10.23-16.33.08:823][572]LogModuleManager: Shutting down and abandoning module ClothingSystemEditor (244)
[2019.10.23-16.33.08:824][572]LogModuleManager: Shutting down and abandoning module ClothingSystemRuntime (242)
[2019.10.23-16.33.08:825][572]LogModuleManager: Shutting down and abandoning module MediaAssets (240)
[2019.10.23-16.33.08:825][572]LogModuleManager: Shutting down and abandoning module Overlay (238)
[2019.10.23-16.33.08:825][572]LogModuleManager: Shutting down and abandoning module OverlayEditor (237)
[2019.10.23-16.33.08:825][572]LogModuleManager: Shutting down and abandoning module VREditor (234)
[2019.10.23-16.33.08:826][572]LogModuleManager: Shutting down and abandoning module StringTableEditor (232)
[2019.10.23-16.33.08:826][572]LogModuleManager: Shutting down and abandoning module GameplayTasksEditor (230)
[2019.10.23-16.33.08:826][572]LogModuleManager: Shutting down and abandoning module BehaviorTreeEditor (228)
[2019.10.23-16.33.08:827][572]LogModuleManager: Shutting down and abandoning module FunctionalTesting (226)
[2019.10.23-16.33.08:827][572]LogModuleManager: Shutting down and abandoning module CollisionAnalyzer (224)
[2019.10.23-16.33.08:828][572]LogModuleManager: Shutting down and abandoning module WorkspaceMenuStructure (223)
[2019.10.23-16.33.08:828][572]LogModuleManager: Shutting down and abandoning module UMG (220)
[2019.10.23-16.33.08:829][572]LogModuleManager: Shutting down and abandoning module UMGEditor (219)
[2019.10.23-16.33.08:829][572]LogModuleManager: Shutting down and abandoning module Sequencer (218)
[2019.10.23-16.33.08:832][572]LogModuleManager: Shutting down and abandoning module MessageLog (215)
[2019.10.23-16.33.08:832][572]LogModuleManager: Shutting down and abandoning module SlateReflector (210)
[2019.10.23-16.33.08:835][572]LogModuleManager: Shutting down and abandoning module Slate (208)
[2019.10.23-16.33.08:835][572]LogModuleManager: Shutting down and abandoning module LandscapeEditorUtilities (206)
[2019.10.23-16.33.08:835][572]LogModuleManager: Shutting down and abandoning module EditorStyle (204)
[2019.10.23-16.33.08:839][572]LogModuleManager: Shutting down and abandoning module UnrealEd (202)
[2019.10.23-16.33.08:839][572]LogModuleManager: Shutting down and abandoning module MRMesh (200)
[2019.10.23-16.33.08:839][572]LogModuleManager: Shutting down and abandoning module SourceCodeAccess (198)
[2019.10.23-16.33.08:839][572]LogModuleManager: Shutting down and abandoning module HeadMountedDisplay (196)
[2019.10.23-16.33.08:839][572]LogModuleManager: Shutting down and abandoning module XAudio2 (194)
[2019.10.23-16.33.08:839][572]LogModuleManager: Shutting down and abandoning module Networking (192)
[2019.10.23-16.33.08:839][572]LogModuleManager: Shutting down and abandoning module Core (190)
[2019.10.23-16.33.08:839][572]LogModuleManager: Shutting down and abandoning module KismetCompiler (188)
[2019.10.23-16.33.08:839][572]LogModuleManager: Shutting down and abandoning module MeshUtilities (186)
[2019.10.23-16.33.08:840][572]LogModuleManager: Shutting down and abandoning module MeshMergeUtilities (185)
[2019.10.23-16.33.08:840][572]LogModuleManager: Shutting down and abandoning module MeshReductionInterface (184)
[2019.10.23-16.33.08:840][572]LogModuleManager: Shutting down and abandoning module SkeletalMeshReduction (183)
[2019.10.23-16.33.08:841][572]LogModuleManager: Shutting down and abandoning module ProxyLODMeshReduction (181)
[2019.10.23-16.33.08:842][572]LogModuleManager: Shutting down and abandoning module QuadricMeshReduction (179)
[2019.10.23-16.33.08:842][572]LogModuleManager: Shutting down and abandoning module MaterialBaking (175)
[2019.10.23-16.33.08:843][572]LogModuleManager: Shutting down and abandoning module NullInstallBundleManager (170)
[2019.10.23-16.33.08:843][572]LogModuleManager: Shutting down and abandoning module DerivedDataCache (168)
[2019.10.23-16.33.08:843][572]LogDerivedDataCache: Shutdown
[2019.10.23-16.33.08:843][572]LogModuleManager: Shutting down and abandoning module XGEController (166)
[2019.10.23-16.33.08:843][572]LogModuleManager: Shutting down and abandoning module TargetPlatform (164)
[2019.10.23-16.33.08:844][572]LogModuleManager: Shutting down and abandoning module VulkanShaderFormat (163)
[2019.10.23-16.33.08:844][572]LogModuleManager: Shutting down and abandoning module ShaderFormatVectorVM (161)
[2019.10.23-16.33.08:844][572]LogModuleManager: Shutting down and abandoning module ShaderFormatOpenGL (159)
[2019.10.23-16.33.08:845][572]LogModuleManager: Shutting down and abandoning module ShaderFormatD3D (157)
[2019.10.23-16.33.08:845][572]LogModuleManager: Shutting down and abandoning module MetalShaderFormat (155)
[2019.10.23-16.33.08:845][572]LogModuleManager: Shutting down and abandoning module TextureFormatUncompressed (153)
[2019.10.23-16.33.08:845][572]LogModuleManager: Shutting down and abandoning module TextureFormatPVR (151)
[2019.10.23-16.33.08:846][572]LogModuleManager: Shutting down and abandoning module TextureFormatDXT (149)
[2019.10.23-16.33.08:846][572]LogModuleManager: Shutting down and abandoning module TextureFormatIntelISPCTexComp (147)
[2019.10.23-16.33.08:846][572]LogModuleManager: Shutting down and abandoning module TextureFormatASTC (145)
[2019.10.23-16.33.08:846][572]LogModuleManager: Shutting down and abandoning module ImageWrapper (144)
[2019.10.23-16.33.08:846][572]LogModuleManager: Shutting down and abandoning module TextureFormatAndroid (141)
[2019.10.23-16.33.08:846][572]LogModuleManager: Shutting down and abandoning module AudioFormatOpus (139)
[2019.10.23-16.33.08:846][572]LogModuleManager: Shutting down and abandoning module AudioFormatOgg (137)
[2019.10.23-16.33.08:846][572]LogModuleManager: Shutting down and abandoning module AudioFormatADPCM (135)
[2019.10.23-16.33.08:846][572]LogModuleManager: Shutting down and abandoning module LuminTargetPlatform (133)
[2019.10.23-16.33.08:863][572]LogModuleManager: Shutting down and abandoning module LinuxTargetPlatform (131)
[2019.10.23-16.33.08:863][572]LogModuleManager: Shutting down and abandoning module LinuxServerTargetPlatform (129)
[2019.10.23-16.33.08:864][572]LogModuleManager: Shutting down and abandoning module LinuxNoEditorTargetPlatform (127)
[2019.10.23-16.33.08:864][572]LogModuleManager: Shutting down and abandoning module LinuxClientTargetPlatform (125)
[2019.10.23-16.33.08:865][572]LogModuleManager: Shutting down and abandoning module TVOSTargetPlatform (123)
[2019.10.23-16.33.08:872][572]LogModuleManager: Shutting down and abandoning module Messaging (121)
[2019.10.23-16.33.08:872][572]LogModuleManager: Shutting down and abandoning module IOSTargetPlatform (119)
[2019.10.23-16.33.08:878][572]LogModuleManager: Shutting down and abandoning module HTML5TargetPlatform (117)
[2019.10.23-16.33.08:879][572]LogModuleManager: Shutting down and abandoning module AndroidTargetPlatform (115)
[2019.10.23-16.33.08:918][572]LogModuleManager: Shutting down and abandoning module WindowsTargetPlatform (113)
[2019.10.23-16.33.08:918][572]LogModuleManager: Shutting down and abandoning module WindowsServerTargetPlatform (111)
[2019.10.23-16.33.08:918][572]LogModuleManager: Shutting down and abandoning module WindowsNoEditorTargetPlatform (109)
[2019.10.23-16.33.08:919][572]LogModuleManager: Shutting down and abandoning module WindowsClientTargetPlatform (107)
[2019.10.23-16.33.08:919][572]LogModuleManager: Shutting down and abandoning module MacTargetPlatform (105)
[2019.10.23-16.33.08:919][572]LogModuleManager: Shutting down and abandoning module MacServerTargetPlatform (103)
[2019.10.23-16.33.08:921][572]LogModuleManager: Shutting down and abandoning module MacNoEditorTargetPlatform (101)
[2019.10.23-16.33.08:921][572]LogModuleManager: Shutting down and abandoning module MacClientTargetPlatform (99)
[2019.10.23-16.33.08:921][572]LogModuleManager: Shutting down and abandoning module AllDesktopTargetPlatform (97)
[2019.10.23-16.33.08:921][572]LogModuleManager: Shutting down and abandoning module InputCore (94)
[2019.10.23-16.33.08:921][572]LogModuleManager: Shutting down and abandoning module Settings (92)
[2019.10.23-16.33.08:921][572]LogModuleManager: Shutting down and abandoning module DirectoryWatcher (90)
[2019.10.23-16.33.08:921][572]LogModuleManager: Shutting down and abandoning module PhysXCooking (88)
[2019.10.23-16.33.08:921][572]LogModuleManager: Shutting down and abandoning module WindowsPlatformFeatures (86)
[2019.10.23-16.33.08:921][572]LogModuleManager: Shutting down and abandoning module GameplayMediaEncoder (85)
[2019.10.23-16.33.08:922][572]LogModuleManager: Shutting down and abandoning module SteamVR (82)
[2019.10.23-16.33.08:923][572]LogHMD: Freeing OpenVRDLLHandle.
[2019.10.23-16.33.08:923][572]LogModuleManager: Shutting down and abandoning module OculusHMD (80)
[2019.10.23-16.33.08:923][572]LogModuleManager: Shutting down and abandoning module OculusAudio (78)
[2019.10.23-16.33.08:928][572]LogModuleManager: Shutting down and abandoning module ExampleDeviceProfileSelector (76)
[2019.10.23-16.33.08:928][572]LogModuleManager: Shutting down and abandoning module LauncherChunkInstaller (74)
[2019.10.23-16.33.08:928][572]LogModuleManager: Shutting down and abandoning module OnlineBlueprintSupport (72)
[2019.10.23-16.33.08:928][572]LogModuleManager: Shutting down and abandoning module OnlineSubsystem (68)
[2019.10.23-16.33.08:936][572]LogOnline: Oculus: Oculus Shutdown!
[2019.10.23-16.33.08:936][572]LogModuleManager: Shutting down and abandoning module XMPP (61)
[2019.10.23-16.33.08:938][572]LogModuleManager: Shutting down and abandoning module WebSockets (60)
[2019.10.23-16.33.08:979][572]LogModuleManager: Shutting down and abandoning module HTTP (57)
[2019.10.23-16.33.08:979][572]LogHttp: Display: Http module shutting down, but needs to wait on 1 outstanding Http requests:
[2019.10.23-16.33.08:979][572]LogHttp: Display: 	verb=[POST] url=[https://datarouter.ol.epicgames.com/datarouter/api/v1/public/data?SessionID=%7BC88F5E34-4A99-010D-65CD-B4ABD602571E%7D&AppID=UEEditor.Rocket.Release&AppVersion=4.23.0-8386587%2B%2B%2BUE4%2BRelease-4.23&UserID=07c048b94f936d25b3005e9952a434ba%7Cf3a40dc7e2ab436389565a81fce8965f%7Caba7156b-130e-491c-8c2d-9021e5f6c70f&AppEnvironment=datacollector-binary&UploadType=eteventstream] status=Processing
[2019.10.23-16.33.08:994][572]LogModuleManager: Shutting down and abandoning module SSL (56)
[2019.10.23-16.33.09:005][572]LogModuleManager: Shutting down and abandoning module WmfMedia (52)
[2019.10.23-16.33.09:010][572]LogModuleManager: Shutting down and abandoning module Media (51)
[2019.10.23-16.33.09:012][572]LogModuleManager: Shutting down and abandoning module MagicLeap (48)
[2019.10.23-16.33.09:013][572]LogModuleManager: Shutting down and abandoning module DatasmithContent (46)
[2019.10.23-16.33.09:014][572]LogModuleManager: Shutting down and abandoning module AISupportModule (44)
[2019.10.23-16.33.09:014][572]LogModuleManager: Shutting down and abandoning module PlatformCryptoOpenSSL (42)
[2019.10.23-16.33.09:015][572]LogModuleManager: Shutting down and abandoning module PlatformCrypto (40)
[2019.10.23-16.33.09:015][572]LogModuleManager: Shutting down and abandoning module AnimationModifiers (38)
[2019.10.23-16.33.09:016][572]LogModuleManager: Shutting down and abandoning module PropertyEditor (37)
[2019.10.23-16.33.09:017][572]LogModuleManager: Shutting down and abandoning module AudioEditor (34)
[2019.10.23-16.33.09:020][572]LogModuleManager: Shutting down and abandoning module TextureCompressor (32)
[2019.10.23-16.33.09:022][572]LogModuleManager: Shutting down and abandoning module RenderCore (30)
[2019.10.23-16.33.09:022][572]LogModuleManager: Shutting down and abandoning module Landscape (28)
[2019.10.23-16.33.09:022][572]LogModuleManager: Shutting down and abandoning module SlateRHIRenderer (26)
[2019.10.23-16.33.09:029][572]LogModuleManager: Shutting down and abandoning module OpenGLDrv (24)
[2019.10.23-16.33.09:030][572]LogModuleManager: Shutting down and abandoning module D3D11RHI (22)
[2019.10.23-16.33.09:030][572]LogModuleManager: Shutting down and abandoning module AnimGraphRuntime (20)
[2019.10.23-16.33.09:030][572]LogModuleManager: Shutting down and abandoning module Renderer (18)
[2019.10.23-16.33.09:031][572]LogModuleManager: Shutting down and abandoning module Engine (16)
[2019.10.23-16.33.09:031][572]LogModuleManager: Shutting down and abandoning module CoreUObject (14)
[2019.10.23-16.33.09:031][572]LogModuleManager: Shutting down and abandoning module NetworkFile (12)
[2019.10.23-16.33.09:032][572]LogModuleManager: Shutting down and abandoning module CookedIterativeFile (10)
[2019.10.23-16.33.09:032][572]LogModuleManager: Shutting down and abandoning module StreamingFile (8)
[2019.10.23-16.33.09:033][572]LogModuleManager: Shutting down and abandoning module SandboxFile (6)
[2019.10.23-16.33.09:033][572]LogModuleManager: Shutting down and abandoning module PakFile (4)
[2019.10.23-16.33.09:033][572]LogModuleManager: Shutting down and abandoning module RSA (3)
[2019.10.23-16.33.09:043][572]LogD3D11RHI: Shutdown
[2019.10.23-16.33.09:043][572]LogD3D11RHI: CleanupD3DDevice
[2019.10.23-16.33.09:054][572]LogRendererCore: FGlobalDynamicReadBuffer::Cleanup()
[2019.10.23-16.33.09:056][572]LogRendererCore: FGlobalDynamicReadBuffer::Cleanup()
[2019.10.23-16.33.09:056][572]LogRendererCore: FGlobalDynamicReadBuffer::Cleanup()
[2019.10.23-16.33.09:112][572]LogD3D11RHI: [IntelMetricsDiscovery] Stopped
[2019.10.23-16.33.09:307][572]LogD3D11RHI: ~FD3D11DynamicRHI
[2019.10.23-16.33.09:314][572]LogExit: Exiting.
[2019.10.23-16.33.09:337][572]Log file closed, 10/23/19 12:33:09
